#
# There is insufficient memory for the Java Runtime Environment to continue.
# Native memory allocation (malloc) failed to allocate 1672656 bytes. Error detail: Chunk::new
# Possible reasons:
#   The system is out of physical RAM or swap space
#   This process is running with CompressedOops enabled, and the Java Heap may be blocking the growth of the native heap
# Possible solutions:
#   Reduce memory load on the system
#   Increase physical memory or swap space
#   Check if swap backing store is full
#   Decrease Java heap size (-Xmx/-Xms)
#   Decrease number of Java threads
#   Decrease Java thread stack sizes (-Xss)
#   Set larger code cache with -XX:ReservedCodeCacheSize=
#   JVM is running with Unscaled Compressed Oops mode in which the Java heap is
#     placed in the first 4GB address space. The Java Heap base address is the
#     maximum limit for the native heap growth. Please use -XX:HeapBaseMinAddress
#     to set the Java Heap base and to place the Java Heap above 4GB virtual address.
# This output file may be truncated or incomplete.
#
#  Out of Memory Error (arena.cpp:168), pid=9452, tid=4264
#
# JRE version: OpenJDK Runtime Environment Temurin-21.0.11+10 (21.0.11+10) (build 21.0.11+10-LTS)
# Java VM: OpenJDK 64-Bit Server VM Temurin-21.0.11+10 (21.0.11+10-LTS, mixed mode, sharing, tiered, compressed oops, compressed class ptrs, parallel gc, windows-amd64)
# No core dump will be written. Minidumps are not enabled by default on client versions of Windows
#

---------------  S U M M A R Y ------------

Command Line: --add-modules=ALL-SYSTEM --add-opens=java.base/java.util=ALL-UNNAMED --add-opens=java.base/java.lang=ALL-UNNAMED --add-opens=java.base/sun.nio.fs=ALL-UNNAMED -Declipse.application=org.eclipse.jdt.ls.core.id1 -Dosgi.bundles.defaultStartLevel=4 -Declipse.product=org.eclipse.jdt.ls.core.product -Djava.import.generatesMetadataFilesAtProjectRoot=false -DDetectVMInstallationsJob.disabled=true -Dfile.encoding=utf8 -XX:+UseParallelGC -XX:GCTimeRatio=4 -XX:AdaptiveSizePolicyWeight=90 -Dsun.zip.disableMemoryMapping=true -Xmx2G -Xms100m -Xlog:disable -javaagent:c:\Users\LOQ\.vscode\extensions\redhat.java-1.55.0-win32-x64\lombok\lombok-1.18.39-4050.jar -XX:+HeapDumpOnOutOfMemoryError -XX:HeapDumpPath=c:\Users\LOQ\AppData\Roaming\Code\User\workspaceStorage\17b0396a15c7994ce96b9dcf8980ea7f\redhat.java -Daether.dependencyCollector.impl=bf c:\Users\LOQ\.vscode\extensions\redhat.java-1.55.0-win32-x64\server\plugins\org.eclipse.equinox.launcher_1.7.200.v20260619-2039.jar -configuration c:\Users\LOQ\AppData\Roaming\Code\User\globalStorage\redhat.java\1.55.0\config_win -data c:\Users\LOQ\AppData\Roaming\Code\User\workspaceStorage\17b0396a15c7994ce96b9dcf8980ea7f\redhat.java\jdt_ws --pipe=\\.\pipe\lsp-7067295ee2bf2e3be7c9227e30232eb4-sock

Host: 12th Gen Intel(R) Core(TM) i5-12450HX, 12 cores, 11G,  Windows 11 , 64 bit Build 26100 (10.0.26100.8521)
Time: Wed Jul  8 07:22:04 2026 SE Asia Standard Time elapsed time: 160.303001 seconds (0d 0h 2m 40s)

---------------  T H R E A D  ---------------

Current thread (0x000001f8ac018a10):  JavaThread "C2 CompilerThread0" daemon [_thread_in_native, id=4264, stack(0x0000007136700000,0x0000007136800000) (1024K)]


Current CompileTask:
C2:160303 18404   !   4       org.eclipse.jdt.internal.core.search.matching.JavaSearchNameEnvironment::mapToClassPathLocation (219 bytes)

Stack: [0x0000007136700000,0x0000007136800000]
Native frames: (J=compiled Java code, j=interpreted, Vv=VM code, C=native code)
V  [jvm.dll+0x6d7e19]
V  [jvm.dll+0x8b5096]
V  [jvm.dll+0x8b764e]
V  [jvm.dll+0x8b7d33]
V  [jvm.dll+0x284596]
V  [jvm.dll+0xc685d]
V  [jvm.dll+0xc6da1]
V  [jvm.dll+0x3bed31]
V  [jvm.dll+0x38b2b2]
V  [jvm.dll+0x38a6fa]
V  [jvm.dll+0x24c700]
V  [jvm.dll+0x24bce0]
V  [jvm.dll+0x1cb4ae]
V  [jvm.dll+0x25baad]
V  [jvm.dll+0x25a03a]
V  [jvm.dll+0x3f868e]
V  [jvm.dll+0x85fb0d]
V  [jvm.dll+0x6d664d]
C  [ucrtbase.dll+0x2cd30]
C  [KERNEL32.DLL+0x2e957]
C  [ntdll.dll+0x87c1c]


---------------  P R O C E S S  ---------------

Threads class SMR info:
_java_thread_list=0x000001f90e72edd0, length=101, elements={
0x000001f8abf5fa20, 0x000001f8abf0e940, 0x000001f8ac004ee0, 0x000001f8ac00aad0,
0x000001f8ac00d540, 0x000001f8ac00dfa0, 0x000001f8ac00ea00, 0x000001f8ac018a10,
0x000001f904d084c0, 0x000001f904effc90, 0x000001f9050c62c0, 0x000001f90a6e0200,
0x000001f90a6de130, 0x000001f90a6df4e0, 0x000001f90a6e0f20, 0x000001f90a6dee50,
0x000001f90a6de7c0, 0x000001f90a6ddaa0, 0x000001f90a6e0890, 0x000001f90b564b00,
0x000001f90b565190, 0x000001f90b563750, 0x000001f90b566540, 0x000001f90b563de0,
0x000001f90b564470, 0x000001f90b5630c0, 0x000001f90b568610, 0x000001f90b565eb0,
0x000001f90b56a050, 0x000001f90b567f80, 0x000001f90b569330, 0x000001f90b566bd0,
0x000001f90b568ca0, 0x000001f90b5699c0, 0x000001f90b56a6e0, 0x000001f90b5678f0,
0x000001f90b567260, 0x000001f90bfb7b30, 0x000001f90bfba920, 0x000001f90bfb9570,
0x000001f90bfb8850, 0x000001f90bfb9c00, 0x000001f90bfbb640, 0x000001f90bfbafb0,
0x000001f90bfb81c0, 0x000001f90bfbc360, 0x000001f90bfbbcd0, 0x000001f90bfb8ee0,
0x000001f90bfbc9f0, 0x000001f90bfbd080, 0x000001f90bfbe430, 0x000001f90e32cf40,
0x000001f90e32c8b0, 0x000001f90e329ac0, 0x000001f90e32e2f0, 0x000001f90e32d5d0,
0x000001f90e32e980, 0x000001f90e32dc60, 0x000001f90e32f010, 0x000001f90e32f6a0,
0x000001f90c7d0490, 0x000001f90c7d11b0, 0x000001f90c7d2560, 0x000001f90c7d0b20,
0x000001f90c7d3280, 0x000001f90c7d59e0, 0x000001f90c7d5350, 0x000001f90c7d7420,
0x000001f90c7d7ab0, 0x000001f90c7d6700, 0x000001f90c7d6070, 0x000001f90c7d6d90,
0x000001f90e32a150, 0x000001f90e329430, 0x000001f90e32a7e0, 0x000001f90e32ae70,
0x000001f90e328da0, 0x000001f90e32b500, 0x000001f90e328080, 0x000001f90e32bb90,
0x000001f90e328710, 0x000001f90e32c220, 0x000001f90bfbd710, 0x000001f90bfbdda0,
0x000001f90a6dfb70, 0x000001f90f4024f0, 0x000001f90f401e60, 0x000001f90f400420,
0x000001f90f4017d0, 0x000001f90f402b80, 0x000001f90f403210, 0x000001f90f400ab0,
0x000001f90f3ffd90, 0x000001f90f4038a0, 0x000001f90f4073b0, 0x000001f90f403f30,
0x000001f90c7d1840, 0x000001f90bfba290, 0x000001f90ea70af0, 0x000001f918c94120,
0x000001f918c90aa0
}

Java Threads: ( => current thread )
  0x000001f8abf5fa20 JavaThread "main"                              [_thread_blocked, id=29620, stack(0x0000007135d00000,0x0000007135e00000) (1024K)]
  0x000001f8abf0e940 JavaThread "Reference Handler"          daemon [_thread_blocked, id=28756, stack(0x0000007136100000,0x0000007136200000) (1024K)]
  0x000001f8ac004ee0 JavaThread "Finalizer"                  daemon [_thread_blocked, id=2752, stack(0x0000007136200000,0x0000007136300000) (1024K)]
  0x000001f8ac00aad0 JavaThread "Signal Dispatcher"          daemon [_thread_blocked, id=3700, stack(0x0000007136300000,0x0000007136400000) (1024K)]
  0x000001f8ac00d540 JavaThread "Attach Listener"            daemon [_thread_blocked, id=13072, stack(0x0000007136400000,0x0000007136500000) (1024K)]
  0x000001f8ac00dfa0 JavaThread "Service Thread"             daemon [_thread_blocked, id=4412, stack(0x0000007136500000,0x0000007136600000) (1024K)]
  0x000001f8ac00ea00 JavaThread "Monitor Deflation Thread"   daemon [_thread_blocked, id=31612, stack(0x0000007136600000,0x0000007136700000) (1024K)]
=>0x000001f8ac018a10 JavaThread "C2 CompilerThread0"         daemon [_thread_in_native, id=4264, stack(0x0000007136700000,0x0000007136800000) (1024K)]
  0x000001f904d084c0 JavaThread "C1 CompilerThread0"         daemon [_thread_blocked, id=23760, stack(0x0000007136800000,0x0000007136900000) (1024K)]
  0x000001f904effc90 JavaThread "Common-Cleaner"             daemon [_thread_blocked, id=24424, stack(0x0000007136a00000,0x0000007136b00000) (1024K)]
  0x000001f9050c62c0 JavaThread "Notification Thread"        daemon [_thread_blocked, id=25280, stack(0x0000007136b00000,0x0000007136c00000) (1024K)]
  0x000001f90a6e0200 JavaThread "Active Thread: Equinox Container: 9937341a-01f4-43f5-9f05-03a336cbb20b"        [_thread_blocked, id=20448, stack(0x0000007137200000,0x0000007137300000) (1024K)]
  0x000001f90a6de130 JavaThread "Refresh Thread: Equinox Container: 9937341a-01f4-43f5-9f05-03a336cbb20b" daemon [_thread_blocked, id=30120, stack(0x0000007136900000,0x0000007136a00000) (1024K)]
  0x000001f90a6df4e0 JavaThread "Framework Event Dispatcher: Equinox Container: 9937341a-01f4-43f5-9f05-03a336cbb20b" daemon [_thread_blocked, id=30444, stack(0x0000007137400000,0x0000007137500000) (1024K)]
  0x000001f90a6e0f20 JavaThread "Start Level: Equinox Container: 9937341a-01f4-43f5-9f05-03a336cbb20b" daemon [_thread_blocked, id=27236, stack(0x0000007137500000,0x0000007137600000) (1024K)]
  0x000001f90a6dee50 JavaThread "Bundle File Closer"         daemon [_thread_blocked, id=15532, stack(0x0000007137800000,0x0000007137900000) (1024K)]
  0x000001f90a6de7c0 JavaThread "SCR Component Actor"        daemon [_thread_blocked, id=25104, stack(0x0000007137900000,0x0000007137a00000) (1024K)]
  0x000001f90a6ddaa0 JavaThread "Worker-JM"                         [_thread_blocked, id=25852, stack(0x0000007137b00000,0x0000007137c00000) (1024K)]
  0x000001f90a6e0890 JavaThread "JNA Cleaner"                daemon [_thread_blocked, id=31280, stack(0x0000007137c00000,0x0000007137d00000) (1024K)]
  0x000001f90b564b00 JavaThread "Worker-0"                          [_thread_blocked, id=14032, stack(0x0000007137d00000,0x0000007137e00000) (1024K)]
  0x000001f90b565190 JavaThread "Worker-1"                          [_thread_blocked, id=19172, stack(0x0000007137e00000,0x0000007137f00000) (1024K)]
  0x000001f90b563750 JavaThread "Worker-2"                          [_thread_blocked, id=11068, stack(0x0000007137f00000,0x0000007138000000) (1024K)]
  0x000001f90b566540 JavaThread "Java indexing"              daemon [_thread_blocked, id=31480, stack(0x0000007138000000,0x0000007138100000) (1024K)]
  0x000001f90b563de0 JavaThread "Worker-3: Building"                [_thread_in_vm, id=19280, stack(0x0000007138300000,0x0000007138400000) (1024K)]
  0x000001f90b564470 JavaThread "Thread-1"                   daemon [_thread_in_native, id=30228, stack(0x0000007138500000,0x0000007138600000) (1024K)]
  0x000001f90b5630c0 JavaThread "Thread-2"                   daemon [_thread_in_native, id=27288, stack(0x0000007138600000,0x0000007138700000) (1024K)]
  0x000001f90b568610 JavaThread "Thread-3"                   daemon [_thread_in_native, id=2468, stack(0x0000007138700000,0x0000007138800000) (1024K)]
  0x000001f90b565eb0 JavaThread "Thread-4"                   daemon [_thread_in_native, id=21864, stack(0x0000007138800000,0x0000007138900000) (1024K)]
  0x000001f90b56a050 JavaThread "Thread-5"                   daemon [_thread_in_native, id=6460, stack(0x0000007138900000,0x0000007138a00000) (1024K)]
  0x000001f90b567f80 JavaThread "Thread-6"                   daemon [_thread_in_native, id=12128, stack(0x0000007138a00000,0x0000007138b00000) (1024K)]
  0x000001f90b569330 JavaThread "Thread-7"                   daemon [_thread_in_native, id=15976, stack(0x0000007138b00000,0x0000007138c00000) (1024K)]
  0x000001f90b566bd0 JavaThread "Thread-8"                   daemon [_thread_in_native, id=22752, stack(0x0000007138c00000,0x0000007138d00000) (1024K)]
  0x000001f90b568ca0 JavaThread "Thread-9"                   daemon [_thread_in_native, id=9980, stack(0x0000007138d00000,0x0000007138e00000) (1024K)]
  0x000001f90b5699c0 JavaThread "Thread-10"                  daemon [_thread_in_native, id=19584, stack(0x0000007138e00000,0x0000007138f00000) (1024K)]
  0x000001f90b56a6e0 JavaThread "Thread-11"                  daemon [_thread_in_native, id=18588, stack(0x0000007138f00000,0x0000007139000000) (1024K)]
  0x000001f90b5678f0 JavaThread "Thread-12"                  daemon [_thread_in_native, id=1860, stack(0x0000007139000000,0x0000007139100000) (1024K)]
  0x000001f90b567260 JavaThread "Thread-13"                  daemon [_thread_in_native, id=21420, stack(0x0000007139100000,0x0000007139200000) (1024K)]
  0x000001f90bfb7b30 JavaThread "pool-2-thread-1"                   [_thread_blocked, id=16332, stack(0x0000007139200000,0x0000007139300000) (1024K)]
  0x000001f90bfba920 JavaThread "WorkspaceEventsHandler"            [_thread_blocked, id=11164, stack(0x0000007139400000,0x0000007139500000) (1024K)]
  0x000001f90bfb9570 JavaThread "pool-1-thread-1"                   [_thread_blocked, id=34776, stack(0x0000007139500000,0x0000007139600000) (1024K)]
  0x000001f90bfb8850 JavaThread "PatternSearchJob-worker-1"  daemon [_thread_blocked, id=24708, stack(0x0000007139700000,0x0000007139800000) (1024K)]
  0x000001f90bfb9c00 JavaThread "PatternSearchJob-worker-2"  daemon [_thread_blocked, id=26712, stack(0x0000007139800000,0x0000007139900000) (1024K)]
  0x000001f90bfbb640 JavaThread "PatternSearchJob-worker-3"  daemon [_thread_blocked, id=34520, stack(0x0000007139900000,0x0000007139a00000) (1024K)]
  0x000001f90bfbafb0 JavaThread "PatternSearchJob-worker-4"  daemon [_thread_blocked, id=12792, stack(0x0000007139a00000,0x0000007139b00000) (1024K)]
  0x000001f90bfb81c0 JavaThread "PatternSearchJob-worker-5"  daemon [_thread_blocked, id=31780, stack(0x0000007139b00000,0x0000007139c00000) (1024K)]
  0x000001f90bfbc360 JavaThread "PatternSearchJob-worker-6"  daemon [_thread_blocked, id=5008, stack(0x0000007139c00000,0x0000007139d00000) (1024K)]
  0x000001f90bfbbcd0 JavaThread "PatternSearchJob-worker-7"  daemon [_thread_blocked, id=11404, stack(0x0000007139d00000,0x0000007139e00000) (1024K)]
  0x000001f90bfb8ee0 JavaThread "PatternSearchJob-worker-8"  daemon [_thread_blocked, id=33776, stack(0x0000007139e00000,0x0000007139f00000) (1024K)]
  0x000001f90bfbc9f0 JavaThread "PatternSearchJob-worker-9"  daemon [_thread_blocked, id=32060, stack(0x0000007139f00000,0x000000713a000000) (1024K)]
  0x000001f90bfbd080 JavaThread "PatternSearchJob-worker-10" daemon [_thread_blocked, id=14684, stack(0x000000713a000000,0x000000713a100000) (1024K)]
  0x000001f90bfbe430 JavaThread "PatternSearchJob-worker-11" daemon [_thread_blocked, id=21576, stack(0x000000713a100000,0x000000713a200000) (1024K)]
  0x000001f90e32cf40 JavaThread "ForkJoinPool.commonPool-worker-1" daemon [_thread_blocked, id=1432, stack(0x000000713af00000,0x000000713b000000) (1024K)]
  0x000001f90e32c8b0 JavaThread "ForkJoinPool.commonPool-worker-2" daemon [_thread_blocked, id=31096, stack(0x000000713b000000,0x000000713b100000) (1024K)]
  0x000001f90e329ac0 JavaThread "ForkJoinPool.commonPool-worker-3" daemon [_thread_blocked, id=21552, stack(0x000000713b100000,0x000000713b200000) (1024K)]
  0x000001f90e32e2f0 JavaThread "ForkJoinPool.commonPool-worker-4" daemon [_thread_blocked, id=13224, stack(0x000000713b200000,0x000000713b300000) (1024K)]
  0x000001f90e32d5d0 JavaThread "ForkJoinPool.commonPool-worker-5" daemon [_thread_blocked, id=22460, stack(0x000000713b300000,0x000000713b400000) (1024K)]
  0x000001f90e32e980 JavaThread "ForkJoinPool.commonPool-worker-6" daemon [_thread_blocked, id=33256, stack(0x000000713b400000,0x000000713b500000) (1024K)]
  0x000001f90e32dc60 JavaThread "ForkJoinPool.commonPool-worker-7" daemon [_thread_blocked, id=21888, stack(0x000000713b500000,0x000000713b600000) (1024K)]
  0x000001f90e32f010 JavaThread "ForkJoinPool.commonPool-worker-8" daemon [_thread_blocked, id=22232, stack(0x000000713b600000,0x000000713b700000) (1024K)]
  0x000001f90e32f6a0 JavaThread "ForkJoinPool.commonPool-worker-9" daemon [_thread_blocked, id=32668, stack(0x000000713b700000,0x000000713b800000) (1024K)]
  0x000001f90c7d0490 JavaThread "ForkJoinPool.commonPool-worker-10" daemon [_thread_blocked, id=27432, stack(0x000000713b800000,0x000000713b900000) (1024K)]
  0x000001f90c7d11b0 JavaThread "ForkJoinPool.commonPool-worker-11" daemon [_thread_blocked, id=27980, stack(0x000000713b900000,0x000000713ba00000) (1024K)]
  0x000001f90c7d2560 JavaThread "Worker-5"                          [_thread_blocked, id=15256, stack(0x0000007137a00000,0x0000007137b00000) (1024K)]
  0x000001f90c7d0b20 JavaThread "Worker-6"                          [_thread_blocked, id=14804, stack(0x000000713a200000,0x000000713a300000) (1024K)]
  0x000001f90c7d3280 JavaThread "Worker-7"                          [_thread_blocked, id=22736, stack(0x000000713a300000,0x000000713a400000) (1024K)]
  0x000001f90c7d59e0 JavaThread "LocalFile Deleter"          daemon [_thread_blocked, id=15208, stack(0x000000713a600000,0x000000713a700000) (1024K)]
  0x000001f90c7d5350 JavaThread "LocalFile Deleter"          daemon [_thread_blocked, id=15796, stack(0x000000713a700000,0x000000713a800000) (1024K)]
  0x000001f90c7d7420 JavaThread "LocalFile Deleter"          daemon [_thread_blocked, id=28616, stack(0x000000713a800000,0x000000713a900000) (1024K)]
  0x000001f90c7d7ab0 JavaThread "LocalFile Deleter"          daemon [_thread_blocked, id=33356, stack(0x000000713a900000,0x000000713aa00000) (1024K)]
  0x000001f90c7d6700 JavaThread "LocalFile Deleter"          daemon [_thread_blocked, id=34364, stack(0x000000713aa00000,0x000000713ab00000) (1024K)]
  0x000001f90c7d6070 JavaThread "LocalFile Deleter"          daemon [_thread_blocked, id=27728, stack(0x000000713ab00000,0x000000713ac00000) (1024K)]
  0x000001f90c7d6d90 JavaThread "LocalFile Deleter"          daemon [_thread_blocked, id=15000, stack(0x000000713ac00000,0x000000713ad00000) (1024K)]
  0x000001f90e32a150 JavaThread "LocalFile Deleter"          daemon [_thread_blocked, id=29804, stack(0x000000713ad00000,0x000000713ae00000) (1024K)]
  0x000001f90e329430 JavaThread "LocalFile Deleter"          daemon [_thread_blocked, id=21228, stack(0x000000713ae00000,0x000000713af00000) (1024K)]
  0x000001f90e32a7e0 JavaThread "LocalFile Deleter"          daemon [_thread_blocked, id=30080, stack(0x000000713ba00000,0x000000713bb00000) (1024K)]
  0x000001f90e32ae70 JavaThread "Compiler Source File Reader" daemon [_thread_blocked, id=29496, stack(0x000000713bb00000,0x000000713bc00000) (1024K)]
  0x000001f90e328da0 JavaThread "Compiler Source File Reader" daemon [_thread_blocked, id=7672, stack(0x000000713bc00000,0x000000713bd00000) (1024K)]
  0x000001f90e32b500 JavaThread "Compiler Source File Reader" daemon [_thread_blocked, id=21688, stack(0x000000713bd00000,0x000000713be00000) (1024K)]
  0x000001f90e328080 JavaThread "Compiler Source File Reader" daemon [_thread_blocked, id=2144, stack(0x000000713be00000,0x000000713bf00000) (1024K)]
  0x000001f90e32bb90 JavaThread "Compiler Source File Reader" daemon [_thread_blocked, id=11564, stack(0x000000713bf00000,0x000000713c000000) (1024K)]
  0x000001f90e328710 JavaThread "Compiler Source File Reader" daemon [_thread_blocked, id=17524, stack(0x000000713c000000,0x000000713c100000) (1024K)]
  0x000001f90e32c220 JavaThread "Compiler Source File Reader" daemon [_thread_blocked, id=26528, stack(0x000000713c100000,0x000000713c200000) (1024K)]
  0x000001f90bfbd710 JavaThread "Cleaner-0"                  daemon [_thread_blocked, id=22764, stack(0x000000713c200000,0x000000713c300000) (1024K)]
  0x000001f90bfbdda0 JavaThread "Compiler Processing Task"   daemon [_thread_blocked, id=2348, stack(0x000000713c300000,0x000000713c400000) (1024K)]
  0x000001f90a6dfb70 JavaThread "Compiler Class File Writer" daemon [_thread_blocked, id=32392, stack(0x000000713c400000,0x000000713c500000) (1024K)]
  0x000001f90f4024f0 JavaThread "Compiler Class File Writer" daemon [_thread_blocked, id=18516, stack(0x000000713c500000,0x000000713c600000) (1024K)]
  0x000001f90f401e60 JavaThread "Compiler Class File Writer" daemon [_thread_blocked, id=9696, stack(0x000000713c600000,0x000000713c700000) (1024K)]
  0x000001f90f400420 JavaThread "Compiler Class File Writer" daemon [_thread_blocked, id=17712, stack(0x000000713c700000,0x000000713c800000) (1024K)]
  0x000001f90f4017d0 JavaThread "Compiler Class File Writer" daemon [_thread_blocked, id=18064, stack(0x000000713c800000,0x000000713c900000) (1024K)]
  0x000001f90f402b80 JavaThread "Compiler Class File Writer" daemon [_thread_blocked, id=15356, stack(0x000000713c900000,0x000000713ca00000) (1024K)]
  0x000001f90f403210 JavaThread "Compiler Class File Writer" daemon [_thread_blocked, id=34024, stack(0x000000713ca00000,0x000000713cb00000) (1024K)]
  0x000001f90f400ab0 JavaThread "Compiler Source File Reader" daemon [_thread_blocked, id=33492, stack(0x000000713cb00000,0x000000713cc00000) (1024K)]
  0x000001f90f3ffd90 JavaThread "Compiler Class File Writer" daemon [_thread_blocked, id=13428, stack(0x000000713cc00000,0x000000713cd00000) (1024K)]
  0x000001f90f4038a0 JavaThread "Compiler Source File Reader" daemon [_thread_blocked, id=27120, stack(0x0000007135b00000,0x0000007135c00000) (1024K)]
  0x000001f90f4073b0 JavaThread "Compiler Source File Reader" daemon [_thread_blocked, id=31592, stack(0x0000007135a00000,0x0000007135b00000) (1024K)]
  0x000001f90f403f30 JavaThread "Worker-8: Java indexing... "        [_thread_blocked, id=30204, stack(0x0000007138400000,0x0000007138500000) (1024K)]
  0x000001f90c7d1840 JavaThread "HttpClient-1-SelectorManager" daemon [_thread_in_native, id=27172, stack(0x0000007135c00000,0x0000007135d00000) (1024K)]
  0x000001f90bfba290 JavaThread "HttpClient-1-Worker-0"      daemon [_thread_blocked, id=10292, stack(0x000000713a400000,0x000000713a500000) (1024K)]
  0x000001f90ea70af0 JavaThread "HttpClient-1-Worker-1"      daemon [_thread_blocked, id=11372, stack(0x0000007139300000,0x0000007139400000) (1024K)]
  0x000001f918c94120 JavaThread "C2 CompilerThread1"         daemon [_thread_blocked, id=29612, stack(0x0000007138200000,0x0000007138300000) (1024K)]
  0x000001f918c90aa0 JavaThread "C2 CompilerThread2"         daemon [_thread_blocked, id=2184, stack(0x000000713a500000,0x000000713a600000) (1024K)]
Total: 101

Other Threads:
  0x000001f8abef4950 VMThread "VM Thread"                           [id=5084, stack(0x0000007136000000,0x0000007136100000) (1024K)] _threads_hazard_ptr=0x000001f90e72edd0
  0x000001f8abdeba00 WatcherThread "VM Periodic Task Thread"        [id=4032, stack(0x0000007135f00000,0x0000007136000000) (1024K)]
  0x000001f8abf7ef20 WorkerThread "GC Thread#0"                     [id=28656, stack(0x0000007135e00000,0x0000007135f00000) (1024K)]
  0x000001f90a242490 WorkerThread "GC Thread#1"                     [id=20180, stack(0x0000007136c00000,0x0000007136d00000) (1024K)]
  0x000001f90a246b50 WorkerThread "GC Thread#2"                     [id=27300, stack(0x0000007136d00000,0x0000007136e00000) (1024K)]
  0x000001f90a246f00 WorkerThread "GC Thread#3"                     [id=25260, stack(0x0000007136e00000,0x0000007136f00000) (1024K)]
  0x000001f90a2472b0 WorkerThread "GC Thread#4"                     [id=31476, stack(0x0000007136f00000,0x0000007137000000) (1024K)]
  0x000001f90a047090 WorkerThread "GC Thread#5"                     [id=26976, stack(0x0000007137000000,0x0000007137100000) (1024K)]
  0x000001f90a91fa20 WorkerThread "GC Thread#6"                     [id=32844, stack(0x0000007137100000,0x0000007137200000) (1024K)]
  0x000001f90a71b500 WorkerThread "GC Thread#7"                     [id=33416, stack(0x0000007137300000,0x0000007137400000) (1024K)]
  0x000001f904e45490 WorkerThread "GC Thread#8"                     [id=20600, stack(0x0000007137600000,0x0000007137700000) (1024K)]
  0x000001f904e45840 WorkerThread "GC Thread#9"                     [id=24432, stack(0x0000007137700000,0x0000007137800000) (1024K)]
Total: 12

Threads with active compile tasks:
C2 CompilerThread0  160331 18404   !   4       org.eclipse.jdt.internal.core.search.matching.JavaSearchNameEnvironment::mapToClassPathLocation (219 bytes)
C2 CompilerThread1  160331 18415   !   4       org.eclipse.jdt.internal.compiler.lookup.BinaryTypeBinding::createFields (616 bytes)
C2 CompilerThread2  160331 18414 %     4       org.eclipse.jdt.internal.core.builder.NameEnvironment::getModulesDeclaringPackage @ 85 (336 bytes)
Total: 3

VM state: synchronizing (normal execution)

VM Mutex/Monitor currently owned by a thread:  ([mutex/lock_event])
[0x00007ff8a17ef570] Threads_lock - owner thread: 0x000001f8abef4950
[0x00007ff8a17ef670] Heap_lock - owner thread: 0x000001f90b563de0
[0x00007ff8a17efaf0] PSOldGenExpand_lock - owner thread: 0x000001f90b563de0

Heap address: 0x0000000080000000, size: 2048 MB, Compressed Oops mode: 32-bit

CDS archive(s) mapped at: [0x000001f8c3000000-0x000001f8c3ba0000-0x000001f8c3ba0000), size 12189696, SharedBaseAddress: 0x000001f8c3000000, ArchiveRelocationMode: 1.
Compressed class space mapped at: 0x000001f8c4000000-0x000001f904000000, reserved size: 1073741824
Narrow klass base: 0x000001f8c3000000, Narrow klass shift: 0, Narrow klass range: 0x100000000

GC Precious Log:
 CardTable entry size: 512
 CPUs: 12 total, 12 available
 Memory: 11995M
 Large Page Support: Disabled
 NUMA Support: Disabled
 Compressed Oops: Enabled (32-bit)
 Alignments: Space 512K, Generation 512K, Heap 2M
 Heap Min Capacity: 100M
 Heap Initial Capacity: 100M
 Heap Max Capacity: 2G
 Pre-touch: Disabled
 Parallel Workers: 10

Heap:
 PSYoungGen      total 3584K, used 3545K [0x00000000d5580000, 0x00000000d5b00000, 0x0000000100000000)
  eden space 2560K, 100% used [0x00000000d5580000,0x00000000d5800000,0x00000000d5800000)
  from space 1024K, 96% used [0x00000000d5a00000,0x00000000d5af6438,0x00000000d5b00000)
  to   space 1536K, 0% used [0x00000000d5800000,0x00000000d5800000,0x00000000d5980000)
 ParOldGen       total 596480K, used 596477K [0x0000000080000000, 0x00000000a4680000, 0x00000000d5580000)
  object space 596480K, 99% used [0x0000000080000000,0x00000000a467f4f0,0x00000000a4680000)
 Metaspace       used 89495K, committed 91328K, reserved 1179648K
  class space    used 9446K, committed 10240K, reserved 1048576K

Card table byte_map: [0x000001f8ab900000,0x000001f8abd10000] _byte_map_base: 0x000001f8ab500000

Marking Bits: (ParMarkBitMap*) 0x00007ff8a17f4460
 Begin Bits: [0x000001f8be410000, 0x000001f8c0410000)
 End Bits:   [0x000001f8c0410000, 0x000001f8c2410000)

Polling page: 0x000001f8a9d80000

Metaspace:

Usage:
  Non-class:     78.17 MB used.
      Class:      9.23 MB used.
       Both:     87.40 MB used.

Virtual space:
  Non-class space:      128.00 MB reserved,      79.19 MB ( 62%) committed,  2 nodes.
      Class space:        1.00 GB reserved,      10.00 MB ( <1%) committed,  1 nodes.
             Both:        1.12 GB reserved,      89.19 MB (  8%) committed. 

Chunk freelists:
   Non-Class:  720.00 KB
       Class:  5.99 MB
        Both:  6.69 MB

MaxMetaspaceSize: unlimited
CompressedClassSpaceSize: 1.00 GB
Initial GC threshold: 21.00 MB
Current GC threshold: 138.12 MB
CDS: on
 - commit_granule_bytes: 65536.
 - commit_granule_words: 8192.
 - virtual_space_node_default_size: 8388608.
 - enlarge_chunks_in_place: 1.
 - use_allocation_guard: 0.


Internal statistics:

num_allocs_failed_limit: 9.
num_arena_births: 1740.
num_arena_deaths: 32.
num_vsnodes_births: 3.
num_vsnodes_deaths: 0.
num_space_committed: 1427.
num_space_uncommitted: 0.
num_chunks_returned_to_freelist: 49.
num_chunks_taken_from_freelist: 6091.
num_chunk_merges: 15.
num_chunk_splits: 3613.
num_chunks_enlarged: 1898.
num_inconsistent_stats: 0.

CodeHeap 'non-profiled nmethods': size=120000Kb used=17411Kb max_used=17411Kb free=102588Kb
 bounds [0x000001f8b6c30000, 0x000001f8b7d40000, 0x000001f8be160000]
CodeHeap 'profiled nmethods': size=120000Kb used=43303Kb max_used=43303Kb free=76696Kb
 bounds [0x000001f8af160000, 0x000001f8b1bb0000, 0x000001f8b6690000]
CodeHeap 'non-nmethods': size=5760Kb used=1528Kb max_used=1613Kb free=4232Kb
 bounds [0x000001f8b6690000, 0x000001f8b6900000, 0x000001f8b6c30000]
CodeCache: size=245760Kb, used=62242Kb, max_used=62327Kb, free=183516Kb
 total_blobs=17740, nmethods=16889, adapters=753, full_count=0
Compilation: enabled, stopped_count=0, restarted_count=0

Compilation events (20 events):
Event: 159.293 Thread 0x000001f904d084c0 18426  s    3       org.eclipse.core.internal.jobs.OrderedLock::doRelease (39 bytes)
Event: 159.293 Thread 0x000001f904d084c0 nmethod 18426 0x000001f8b1ba2d90 code [0x000001f8b1ba2fa0, 0x000001f8b1ba3550]
Event: 159.293 Thread 0x000001f904d084c0 18427       3       org.eclipse.core.runtime.SubProgressMonitor::subTask (60 bytes)
Event: 159.294 Thread 0x000001f904d084c0 nmethod 18427 0x000001f8b1ba3790 code [0x000001f8b1ba3980, 0x000001f8b1ba3e30]
Event: 159.294 Thread 0x000001f904d084c0 18428       3       org.eclipse.core.runtime.ProgressMonitorWrapper::subTask (11 bytes)
Event: 159.294 Thread 0x000001f904d084c0 nmethod 18428 0x000001f8b1ba4010 code [0x000001f8b1ba41c0, 0x000001f8b1ba4398]
Event: 159.294 Thread 0x000001f904d084c0 18429       3       org.eclipse.core.internal.resources.Workspace::isTreeLocked (14 bytes)
Event: 159.294 Thread 0x000001f904d084c0 nmethod 18429 0x000001f8b1ba4490 code [0x000001f8b1ba4640, 0x000001f8b1ba47d0]
Event: 159.295 Thread 0x000001f904d084c0 18430   !   3       org.eclipse.m2e.core.internal.embedder.PlexusContainerManager$PlexusComponentLookup::lookup (80 bytes)
Event: 159.295 Thread 0x000001f904d084c0 nmethod 18430 0x000001f8b1ba4890 code [0x000001f8b1ba4b20, 0x000001f8b1ba55c0]
Event: 159.296 Thread 0x000001f904d084c0 18431       1       org.apache.maven.plugin.MojoExecution::getLifecyclePhase (5 bytes)
Event: 159.296 Thread 0x000001f904d084c0 nmethod 18431 0x000001f8b7d2c410 code [0x000001f8b7d2c5a0, 0x000001f8b7d2c668]
Event: 159.297 Thread 0x000001f904d084c0 18432       1       com.google.common.cache.LocalCache$AccessQueue$1::setNextInAccessQueue (6 bytes)
Event: 159.297 Thread 0x000001f904d084c0 nmethod 18432 0x000001f8b7d2c710 code [0x000001f8b7d2c8a0, 0x000001f8b7d2c980]
Event: 159.297 Thread 0x000001f904d084c0 18433       1       com.google.common.cache.LocalCache$AccessQueue$1::setPreviousInAccessQueue (6 bytes)
Event: 159.297 Thread 0x000001f904d084c0 nmethod 18433 0x000001f8b7d2ca10 code [0x000001f8b7d2cba0, 0x000001f8b7d2cc80]
Event: 159.298 Thread 0x000001f904d084c0 18434       3       org.apache.maven.artifact.DefaultArtifact::getBaseVersionInternal (27 bytes)
Event: 159.298 Thread 0x000001f904d084c0 nmethod 18434 0x000001f8b1ba5a90 code [0x000001f8b1ba5c40, 0x000001f8b1ba5e80]
Event: 159.298 Thread 0x000001f904d084c0 18435       3       org.apache.maven.plugin.internal.DeprecatedPluginValidator$$Lambda/0x000001f8c48f4238::test (8 bytes)
Event: 160.299 Thread 0x000001f904d084c0 nmethod 18435 0x000001f8b1ba5f90 code [0x000001f8b1ba6140, 0x000001f8b1ba6420]

GC Heap History (20 events):
Event: 158.271 GC heap before
{Heap before GC invocations=644 (full 4):
 PSYoungGen      total 3584K, used 3136K [0x00000000d5580000, 0x00000000d5b80000, 0x0000000100000000)
  eden space 2560K, 100% used [0x00000000d5580000,0x00000000d5800000,0x00000000d5800000)
  from space 1024K, 56% used [0x00000000d5a80000,0x00000000d5b10000,0x00000000d5b80000)
  to   space 1024K, 0% used [0x00000000d5980000,0x00000000d5980000,0x00000000d5a80000)
 ParOldGen       total 588288K, used 588024K [0x0000000080000000, 0x00000000a3e80000, 0x00000000d5580000)
  object space 588288K, 99% used [0x0000000080000000,0x00000000a3e3e1d0,0x00000000a3e80000)
 Metaspace       used 89451K, committed 91328K, reserved 1179648K
  class space    used 9446K, committed 10240K, reserved 1048576K
}
Event: 158.272 GC heap after
{Heap after GC invocations=644 (full 4):
 PSYoungGen      total 3584K, used 628K [0x00000000d5580000, 0x00000000d5b00000, 0x0000000100000000)
  eden space 2560K, 0% used [0x00000000d5580000,0x00000000d5580000,0x00000000d5800000)
  from space 1024K, 61% used [0x00000000d5980000,0x00000000d5a1d200,0x00000000d5a80000)
  to   space 512K, 0% used [0x00000000d5a80000,0x00000000d5a80000,0x00000000d5b00000)
 ParOldGen       total 588800K, used 588357K [0x0000000080000000, 0x00000000a3f00000, 0x00000000d5580000)
  object space 588800K, 99% used [0x0000000080000000,0x00000000a3e916a0,0x00000000a3f00000)
 Metaspace       used 89451K, committed 91328K, reserved 1179648K
  class space    used 9446K, committed 10240K, reserved 1048576K
}
Event: 158.394 GC heap before
{Heap before GC invocations=645 (full 4):
 PSYoungGen      total 3584K, used 3188K [0x00000000d5580000, 0x00000000d5b00000, 0x0000000100000000)
  eden space 2560K, 99% used [0x00000000d5580000,0x00000000d57ffff8,0x00000000d5800000)
  from space 1024K, 61% used [0x00000000d5980000,0x00000000d5a1d200,0x00000000d5a80000)
  to   space 512K, 0% used [0x00000000d5a80000,0x00000000d5a80000,0x00000000d5b00000)
 ParOldGen       total 588800K, used 588357K [0x0000000080000000, 0x00000000a3f00000, 0x00000000d5580000)
  object space 588800K, 99% used [0x0000000080000000,0x00000000a3e916a0,0x00000000a3f00000)
 Metaspace       used 89455K, committed 91328K, reserved 1179648K
  class space    used 9446K, committed 10240K, reserved 1048576K
}
Event: 158.395 GC heap after
{Heap after GC invocations=645 (full 4):
 PSYoungGen      total 3072K, used 512K [0x00000000d5580000, 0x00000000d5b00000, 0x0000000100000000)
  eden space 2560K, 0% used [0x00000000d5580000,0x00000000d5580000,0x00000000d5800000)
  from space 512K, 100% used [0x00000000d5a80000,0x00000000d5b00000,0x00000000d5b00000)
  to   space 1536K, 0% used [0x00000000d5800000,0x00000000d5800000,0x00000000d5980000)
 ParOldGen       total 589312K, used 588882K [0x0000000080000000, 0x00000000a3f80000, 0x00000000d5580000)
  object space 589312K, 99% used [0x0000000080000000,0x00000000a3f148b0,0x00000000a3f80000)
 Metaspace       used 89455K, committed 91328K, reserved 1179648K
  class space    used 9446K, committed 10240K, reserved 1048576K
}
Event: 159.133 GC heap before
{Heap before GC invocations=646 (full 4):
 PSYoungGen      total 3072K, used 3071K [0x00000000d5580000, 0x00000000d5b00000, 0x0000000100000000)
  eden space 2560K, 99% used [0x00000000d5580000,0x00000000d57ffff0,0x00000000d5800000)
  from space 512K, 100% used [0x00000000d5a80000,0x00000000d5b00000,0x00000000d5b00000)
  to   space 1536K, 0% used [0x00000000d5800000,0x00000000d5800000,0x00000000d5980000)
 ParOldGen       total 589312K, used 588882K [0x0000000080000000, 0x00000000a3f80000, 0x00000000d5580000)
  object space 589312K, 99% used [0x0000000080000000,0x00000000a3f148b0,0x00000000a3f80000)
 Metaspace       used 89475K, committed 91328K, reserved 1179648K
  class space    used 9446K, committed 10240K, reserved 1048576K
}
Event: 159.136 GC heap after
{Heap after GC invocations=646 (full 4):
 PSYoungGen      total 4096K, used 320K [0x00000000d5580000, 0x00000000d5b00000, 0x0000000100000000)
  eden space 2560K, 0% used [0x00000000d5580000,0x00000000d5580000,0x00000000d5800000)
  from space 1536K, 20% used [0x00000000d5800000,0x00000000d5850000,0x00000000d5980000)
  to   space 1024K, 0% used [0x00000000d5a00000,0x00000000d5a00000,0x00000000d5b00000)
 ParOldGen       total 589824K, used 589328K [0x0000000080000000, 0x00000000a4000000, 0x00000000d5580000)
  object space 589824K, 99% used [0x0000000080000000,0x00000000a3f84030,0x00000000a4000000)
 Metaspace       used 89475K, committed 91328K, reserved 1179648K
  class space    used 9446K, committed 10240K, reserved 1048576K
}
Event: 159.159 GC heap before
{Heap before GC invocations=647 (full 4):
 PSYoungGen      total 4096K, used 2203K [0x00000000d5580000, 0x00000000d5b00000, 0x0000000100000000)
  eden space 2560K, 73% used [0x00000000d5580000,0x00000000d5756e78,0x00000000d5800000)
  from space 1536K, 20% used [0x00000000d5800000,0x00000000d5850000,0x00000000d5980000)
  to   space 1024K, 0% used [0x00000000d5a00000,0x00000000d5a00000,0x00000000d5b00000)
 ParOldGen       total 589824K, used 589328K [0x0000000080000000, 0x00000000a4000000, 0x00000000d5580000)
  object space 589824K, 99% used [0x0000000080000000,0x00000000a3f84030,0x00000000a4000000)
 Metaspace       used 89481K, committed 91328K, reserved 1179648K
  class space    used 9446K, committed 10240K, reserved 1048576K
}
Event: 159.160 GC heap after
{Heap after GC invocations=647 (full 4):
 PSYoungGen      total 3584K, used 925K [0x00000000d5580000, 0x00000000d5b00000, 0x0000000100000000)
  eden space 2560K, 0% used [0x00000000d5580000,0x00000000d5580000,0x00000000d5800000)
  from space 1024K, 90% used [0x00000000d5a00000,0x00000000d5ae7778,0x00000000d5b00000)
  to   space 1536K, 0% used [0x00000000d5800000,0x00000000d5800000,0x00000000d5980000)
 ParOldGen       total 589824K, used 589480K [0x0000000080000000, 0x00000000a4000000, 0x00000000d5580000)
  object space 589824K, 99% used [0x0000000080000000,0x00000000a3faa030,0x00000000a4000000)
 Metaspace       used 89481K, committed 91328K, reserved 1179648K
  class space    used 9446K, committed 10240K, reserved 1048576K
}
Event: 159.197 GC heap before
{Heap before GC invocations=648 (full 4):
 PSYoungGen      total 3584K, used 3485K [0x00000000d5580000, 0x00000000d5b00000, 0x0000000100000000)
  eden space 2560K, 100% used [0x00000000d5580000,0x00000000d5800000,0x00000000d5800000)
  from space 1024K, 90% used [0x00000000d5a00000,0x00000000d5ae7778,0x00000000d5b00000)
  to   space 1536K, 0% used [0x00000000d5800000,0x00000000d5800000,0x00000000d5980000)
 ParOldGen       total 589824K, used 589480K [0x0000000080000000, 0x00000000a4000000, 0x00000000d5580000)
  object space 589824K, 99% used [0x0000000080000000,0x00000000a3faa030,0x00000000a4000000)
 Metaspace       used 89481K, committed 91328K, reserved 1179648K
  class space    used 9446K, committed 10240K, reserved 1048576K
}
Event: 159.199 GC heap after
{Heap after GC invocations=648 (full 4):
 PSYoungGen      total 4096K, used 1532K [0x00000000d5580000, 0x00000000d5f00000, 0x0000000100000000)
  eden space 2560K, 0% used [0x00000000d5580000,0x00000000d5580000,0x00000000d5800000)
  from space 1536K, 99% used [0x00000000d5800000,0x00000000d597f0a0,0x00000000d5980000)
  to   space 3584K, 0% used [0x00000000d5b80000,0x00000000d5b80000,0x00000000d5f00000)
 ParOldGen       total 591360K, used 590985K [0x0000000080000000, 0x00000000a4180000, 0x00000000d5580000)
  object space 591360K, 99% used [0x0000000080000000,0x00000000a41224b0,0x00000000a4180000)
 Metaspace       used 89481K, committed 91328K, reserved 1179648K
  class space    used 9446K, committed 10240K, reserved 1048576K
}
Event: 159.239 GC heap before
{Heap before GC invocations=649 (full 4):
 PSYoungGen      total 4096K, used 4092K [0x00000000d5580000, 0x00000000d5f00000, 0x0000000100000000)
  eden space 2560K, 100% used [0x00000000d5580000,0x00000000d5800000,0x00000000d5800000)
  from space 1536K, 99% used [0x00000000d5800000,0x00000000d597f0a0,0x00000000d5980000)
  to   space 3584K, 0% used [0x00000000d5b80000,0x00000000d5b80000,0x00000000d5f00000)
 ParOldGen       total 591360K, used 590985K [0x0000000080000000, 0x00000000a4180000, 0x00000000d5580000)
  object space 591360K, 99% used [0x0000000080000000,0x00000000a41224b0,0x00000000a4180000)
 Metaspace       used 89481K, committed 91328K, reserved 1179648K
  class space    used 9446K, committed 10240K, reserved 1048576K
}
Event: 159.240 GC heap after
{Heap after GC invocations=649 (full 4):
 PSYoungGen      total 4096K, used 1523K [0x00000000d5580000, 0x00000000d5d00000, 0x0000000100000000)
  eden space 2560K, 0% used [0x00000000d5580000,0x00000000d5580000,0x00000000d5800000)
  from space 1536K, 99% used [0x00000000d5b80000,0x00000000d5cfcce8,0x00000000d5d00000)
  to   space 2560K, 0% used [0x00000000d5800000,0x00000000d5800000,0x00000000d5a80000)
 ParOldGen       total 592896K, used 592549K [0x0000000080000000, 0x00000000a4300000, 0x00000000d5580000)
  object space 592896K, 99% used [0x0000000080000000,0x00000000a42a97e0,0x00000000a4300000)
 Metaspace       used 89481K, committed 91328K, reserved 1179648K
  class space    used 9446K, committed 10240K, reserved 1048576K
}
Event: 159.257 GC heap before
{Heap before GC invocations=650 (full 4):
 PSYoungGen      total 4096K, used 4083K [0x00000000d5580000, 0x00000000d5d00000, 0x0000000100000000)
  eden space 2560K, 100% used [0x00000000d5580000,0x00000000d5800000,0x00000000d5800000)
  from space 1536K, 99% used [0x00000000d5b80000,0x00000000d5cfcce8,0x00000000d5d00000)
  to   space 2560K, 0% used [0x00000000d5800000,0x00000000d5800000,0x00000000d5a80000)
 ParOldGen       total 592896K, used 592549K [0x0000000080000000, 0x00000000a4300000, 0x00000000d5580000)
  object space 592896K, 99% used [0x0000000080000000,0x00000000a42a97e0,0x00000000a4300000)
 Metaspace       used 89485K, committed 91328K, reserved 1179648K
  class space    used 9446K, committed 10240K, reserved 1048576K
}
Event: 159.259 GC heap after
{Heap after GC invocations=650 (full 4):
 PSYoungGen      total 5120K, used 1254K [0x00000000d5580000, 0x00000000d5c00000, 0x0000000100000000)
  eden space 2560K, 0% used [0x00000000d5580000,0x00000000d5580000,0x00000000d5800000)
  from space 2560K, 49% used [0x00000000d5800000,0x00000000d5939b70,0x00000000d5a80000)
  to   space 1536K, 0% used [0x00000000d5a80000,0x00000000d5a80000,0x00000000d5c00000)
 ParOldGen       total 594432K, used 593969K [0x0000000080000000, 0x00000000a4480000, 0x00000000d5580000)
  object space 594432K, 99% used [0x0000000080000000,0x00000000a440c788,0x00000000a4480000)
 Metaspace       used 89485K, committed 91328K, reserved 1179648K
  class space    used 9446K, committed 10240K, reserved 1048576K
}
Event: 159.267 GC heap before
{Heap before GC invocations=651 (full 4):
 PSYoungGen      total 5120K, used 3814K [0x00000000d5580000, 0x00000000d5c00000, 0x0000000100000000)
  eden space 2560K, 100% used [0x00000000d5580000,0x00000000d5800000,0x00000000d5800000)
  from space 2560K, 49% used [0x00000000d5800000,0x00000000d5939b70,0x00000000d5a80000)
  to   space 1536K, 0% used [0x00000000d5a80000,0x00000000d5a80000,0x00000000d5c00000)
 ParOldGen       total 594432K, used 593969K [0x0000000080000000, 0x00000000a4480000, 0x00000000d5580000)
  object space 594432K, 99% used [0x0000000080000000,0x00000000a440c788,0x00000000a4480000)
 Metaspace       used 89485K, committed 91328K, reserved 1179648K
  class space    used 9446K, committed 10240K, reserved 1048576K
}
Event: 159.269 GC heap after
{Heap after GC invocations=651 (full 4):
 PSYoungGen      total 3072K, used 402K [0x00000000d5580000, 0x00000000d5b00000, 0x0000000100000000)
  eden space 2560K, 0% used [0x00000000d5580000,0x00000000d5580000,0x00000000d5800000)
  from space 512K, 78% used [0x00000000d5a80000,0x00000000d5ae4940,0x00000000d5b00000)
  to   space 1024K, 0% used [0x00000000d5900000,0x00000000d5900000,0x00000000d5a00000)
 ParOldGen       total 595456K, used 595100K [0x0000000080000000, 0x00000000a4580000, 0x00000000d5580000)
  object space 595456K, 99% used [0x0000000080000000,0x00000000a4527038,0x00000000a4580000)
 Metaspace       used 89485K, committed 91328K, reserved 1179648K
  class space    used 9446K, committed 10240K, reserved 1048576K
}
Event: 159.274 GC heap before
{Heap before GC invocations=652 (full 4):
 PSYoungGen      total 3072K, used 2954K [0x00000000d5580000, 0x00000000d5b00000, 0x0000000100000000)
  eden space 2560K, 99% used [0x00000000d5580000,0x00000000d57fdfb0,0x00000000d5800000)
  from space 512K, 78% used [0x00000000d5a80000,0x00000000d5ae4940,0x00000000d5b00000)
  to   space 1024K, 0% used [0x00000000d5900000,0x00000000d5900000,0x00000000d5a00000)
 ParOldGen       total 595456K, used 595100K [0x0000000080000000, 0x00000000a4580000, 0x00000000d5580000)
  object space 595456K, 99% used [0x0000000080000000,0x00000000a4527038,0x00000000a4580000)
 Metaspace       used 89485K, committed 91328K, reserved 1179648K
  class space    used 9446K, committed 10240K, reserved 1048576K
}
Event: 159.275 GC heap after
{Heap after GC invocations=652 (full 4):
 PSYoungGen      total 3584K, used 519K [0x00000000d5580000, 0x00000000d5b00000, 0x0000000100000000)
  eden space 2560K, 0% used [0x00000000d5580000,0x00000000d5580000,0x00000000d5800000)
  from space 1024K, 50% used [0x00000000d5900000,0x00000000d5981c68,0x00000000d5a00000)
  to   space 1024K, 0% used [0x00000000d5a00000,0x00000000d5a00000,0x00000000d5b00000)
 ParOldGen       total 596480K, used 596111K [0x0000000080000000, 0x00000000a4680000, 0x00000000d5580000)
  object space 596480K, 99% used [0x0000000080000000,0x00000000a4623f68,0x00000000a4680000)
 Metaspace       used 89485K, committed 91328K, reserved 1179648K
  class space    used 9446K, committed 10240K, reserved 1048576K
}
Event: 159.299 GC heap before
{Heap before GC invocations=653 (full 4):
 PSYoungGen      total 3584K, used 3079K [0x00000000d5580000, 0x00000000d5b00000, 0x0000000100000000)
  eden space 2560K, 100% used [0x00000000d5580000,0x00000000d5800000,0x00000000d5800000)
  from space 1024K, 50% used [0x00000000d5900000,0x00000000d5981c68,0x00000000d5a00000)
  to   space 1024K, 0% used [0x00000000d5a00000,0x00000000d5a00000,0x00000000d5b00000)
 ParOldGen       total 596480K, used 596111K [0x0000000080000000, 0x00000000a4680000, 0x00000000d5580000)
  object space 596480K, 99% used [0x0000000080000000,0x00000000a4623f68,0x00000000a4680000)
 Metaspace       used 89492K, committed 91328K, reserved 1179648K
  class space    used 9446K, committed 10240K, reserved 1048576K
}
Event: 159.299 GC heap after
{Heap after GC invocations=653 (full 4):
 PSYoungGen      total 3584K, used 985K [0x00000000d5580000, 0x00000000d5b00000, 0x0000000100000000)
  eden space 2560K, 0% used [0x00000000d5580000,0x00000000d5580000,0x00000000d5800000)
  from space 1024K, 96% used [0x00000000d5a00000,0x00000000d5af6438,0x00000000d5b00000)
  to   space 1536K, 0% used [0x00000000d5800000,0x00000000d5800000,0x00000000d5980000)
 ParOldGen       total 596480K, used 596477K [0x0000000080000000, 0x00000000a4680000, 0x00000000d5580000)
  object space 596480K, 99% used [0x0000000080000000,0x00000000a467f4f0,0x00000000a4680000)
 Metaspace       used 89492K, committed 91328K, reserved 1179648K
  class space    used 9446K, committed 10240K, reserved 1048576K
}

Dll operation events (12 events):
Event: 0.011 Loaded shared library c:\Users\LOQ\.vscode\extensions\redhat.java-1.55.0-win32-x64\jre\21.0.11-win32-x86_64\bin\java.dll
Event: 0.061 Loaded shared library c:\Users\LOQ\.vscode\extensions\redhat.java-1.55.0-win32-x64\jre\21.0.11-win32-x86_64\bin\zip.dll
Event: 0.078 Loaded shared library C:\Users\LOQ\.vscode\extensions\redhat.java-1.55.0-win32-x64\jre\21.0.11-win32-x86_64\bin\instrument.dll
Event: 0.083 Loaded shared library C:\Users\LOQ\.vscode\extensions\redhat.java-1.55.0-win32-x64\jre\21.0.11-win32-x86_64\bin\net.dll
Event: 0.085 Loaded shared library C:\Users\LOQ\.vscode\extensions\redhat.java-1.55.0-win32-x64\jre\21.0.11-win32-x86_64\bin\nio.dll
Event: 0.088 Loaded shared library C:\Users\LOQ\.vscode\extensions\redhat.java-1.55.0-win32-x64\jre\21.0.11-win32-x86_64\bin\zip.dll
Event: 0.108 Loaded shared library C:\Users\LOQ\.vscode\extensions\redhat.java-1.55.0-win32-x64\jre\21.0.11-win32-x86_64\bin\jimage.dll
Event: 0.197 Loaded shared library c:\Users\LOQ\.vscode\extensions\redhat.java-1.55.0-win32-x64\jre\21.0.11-win32-x86_64\bin\verify.dll
Event: 11.389 Loaded shared library C:\Users\LOQ\AppData\Roaming\Code\User\globalStorage\redhat.java\1.55.0\config_win\org.eclipse.equinox.launcher\org.eclipse.equinox.launcher.win32.win32.x86_64_1.3.100.v20260613-0559\eclipse_11924.dll
Event: 29.366 Loaded shared library C:\Users\LOQ\AppData\Local\Temp\jna-75566\jna11586577081103083295.dll
Event: 33.043 Loaded shared library C:\Users\LOQ\.vscode\extensions\redhat.java-1.55.0-win32-x64\jre\21.0.11-win32-x86_64\bin\sunmscapi.dll
Event: 33.422 Loaded shared library C:\Users\LOQ\.vscode\extensions\redhat.java-1.55.0-win32-x64\jre\21.0.11-win32-x86_64\bin\extnet.dll

Deoptimization events (20 events):
Event: 158.275 Thread 0x000001f90e32e2f0 Uncommon trap: trap_request=0xffffffe4 fr.pc=0x000001f8b7d04984 relative=0x0000000000000364
Event: 158.275 Thread 0x000001f90e32e2f0 Uncommon trap: reason=range_check action=make_not_entrant pc=0x000001f8b7d04984 method=java.util.LinkedHashMap.keysToArray([Ljava/lang/Object;Z)[Ljava/lang/Object; @ 67 c2
Event: 158.275 Thread 0x000001f90e32e2f0 DEOPT PACKING pc=0x000001f8b7d04984 sp=0x000000713b2fce10
Event: 158.275 Thread 0x000001f90e32e2f0 DEOPT UNPACKING pc=0x000001f8b66e3aa2 sp=0x000000713b2fcd28 mode 2
Event: 158.275 Thread 0x000001f90e32e2f0 Uncommon trap: trap_request=0xffffffe4 fr.pc=0x000001f8b7d04208 relative=0x0000000000000368
Event: 158.275 Thread 0x000001f90e32e2f0 Uncommon trap: reason=range_check action=make_not_entrant pc=0x000001f8b7d04208 method=java.util.LinkedHashMap.keysToArray([Ljava/lang/Object;Z)[Ljava/lang/Object; @ 67 c2
Event: 158.275 Thread 0x000001f90e32e2f0 DEOPT PACKING pc=0x000001f8b7d04208 sp=0x000000713b2fcd90
Event: 158.275 Thread 0x000001f90e32e2f0 DEOPT UNPACKING pc=0x000001f8b66e3aa2 sp=0x000000713b2fcd28 mode 2
Event: 159.274 Thread 0x000001f90bfbdda0 Uncommon trap: trap_request=0xffffff6e fr.pc=0x000001f8b7d215a0 relative=0x0000000000004d60
Event: 159.274 Thread 0x000001f90bfbdda0 Uncommon trap: reason=loop_limit_check action=maybe_recompile pc=0x000001f8b7d215a0 method=org.eclipse.jdt.internal.compiler.lookup.BinaryTypeBinding.getMethods([C)[Lorg/eclipse/jdt/internal/compiler/lookup/MethodBinding; @ 227 c2
Event: 159.274 Thread 0x000001f90bfbdda0 DEOPT PACKING pc=0x000001f8b7d215a0 sp=0x000000713c3fdf60
Event: 159.274 Thread 0x000001f90bfbdda0 DEOPT UNPACKING pc=0x000001f8b66e3aa2 sp=0x000000713c3fde90 mode 2
Event: 159.277 Thread 0x000001f90bfbdda0 Uncommon trap: trap_request=0xffffffcc fr.pc=0x000001f8b7d138c0 relative=0x0000000000004ca0
Event: 159.277 Thread 0x000001f90bfbdda0 Uncommon trap: reason=intrinsic_or_type_checked_inlining action=make_not_entrant pc=0x000001f8b7d138c0 method=org.eclipse.jdt.internal.compiler.lookup.BoundSet$ThreeSets.flattenInto([Lorg/eclipse/jdt/internal/compiler/lookup/TypeBound;I)I @ 30 c2
Event: 159.277 Thread 0x000001f90bfbdda0 DEOPT PACKING pc=0x000001f8b7d138c0 sp=0x000000713c3fd9b0
Event: 159.277 Thread 0x000001f90bfbdda0 DEOPT UNPACKING pc=0x000001f8b66e3aa2 sp=0x000000713c3fd820 mode 2
Event: 159.297 Thread 0x000001f90b563de0 Uncommon trap: trap_request=0xffffff54 fr.pc=0x000001f8b7ce4204 relative=0x0000000000000e84
Event: 159.297 Thread 0x000001f90b563de0 Uncommon trap: reason=speculate_null_assert action=make_not_entrant pc=0x000001f8b7ce4204 method=com.google.common.cache.LocalCache$Segment.drainRecencyQueue()V @ 14 c2
Event: 159.297 Thread 0x000001f90b563de0 DEOPT PACKING pc=0x000001f8b7ce4204 sp=0x00000071383fdb20
Event: 159.297 Thread 0x000001f90b563de0 DEOPT UNPACKING pc=0x000001f8b66e3aa2 sp=0x00000071383fd808 mode 2

Classes loaded (20 events):
Event: 130.939 Loading class java/util/stream/FindOps$FindSink$OfLong
Event: 130.939 Loading class java/util/stream/FindOps$FindSink$OfLong done
Event: 130.939 Loading class java/util/OptionalLong
Event: 130.939 Loading class java/util/OptionalLong done
Event: 130.942 Loading class java/nio/HeapByteBufferR
Event: 130.942 Loading class java/nio/HeapByteBufferR done
Event: 131.057 Loading class java/util/HashMap$EntrySpliterator
Event: 131.057 Loading class java/util/HashMap$EntrySpliterator done
Event: 134.071 Loading class jdk/internal/module/IllegalAccessLogger
Event: 134.071 Loading class jdk/internal/module/IllegalAccessLogger done
Event: 134.800 Loading class java/lang/StringLatin1$LinesSpliterator
Event: 134.800 Loading class java/lang/StringLatin1$LinesSpliterator done
Event: 153.781 Loading class jdk/internal/module/IllegalAccessLogger
Event: 153.781 Loading class jdk/internal/module/IllegalAccessLogger done
Event: 156.007 Loading class jdk/internal/module/IllegalAccessLogger
Event: 156.007 Loading class jdk/internal/module/IllegalAccessLogger done
Event: 157.985 Loading class jdk/internal/module/IllegalAccessLogger
Event: 157.985 Loading class jdk/internal/module/IllegalAccessLogger done
Event: 159.272 Loading class jdk/internal/module/IllegalAccessLogger
Event: 159.272 Loading class jdk/internal/module/IllegalAccessLogger done

Classes unloaded (16 events):
Event: 30.629 Thread 0x000001f8abef4950 Unloading class 0x000001f8c41a5000 'java/lang/invoke/LambdaForm$MH+0x000001f8c41a5000'
Event: 30.629 Thread 0x000001f8abef4950 Unloading class 0x000001f8c41a4c00 'java/lang/invoke/LambdaForm$MH+0x000001f8c41a4c00'
Event: 30.629 Thread 0x000001f8abef4950 Unloading class 0x000001f8c41a4800 'java/lang/invoke/LambdaForm$MH+0x000001f8c41a4800'
Event: 30.629 Thread 0x000001f8abef4950 Unloading class 0x000001f8c41a4400 'java/lang/invoke/LambdaForm$MH+0x000001f8c41a4400'
Event: 30.629 Thread 0x000001f8abef4950 Unloading class 0x000001f8c41a4000 'java/lang/invoke/LambdaForm$BMH+0x000001f8c41a4000'
Event: 30.629 Thread 0x000001f8abef4950 Unloading class 0x000001f8c41a3c00 'java/lang/invoke/LambdaForm$DMH+0x000001f8c41a3c00'
Event: 30.629 Thread 0x000001f8abef4950 Unloading class 0x000001f8c41a2800 'java/lang/invoke/LambdaForm$DMH+0x000001f8c41a2800'
Event: 127.812 Thread 0x000001f8abef4950 Unloading class 0x000001f8c47fd800 'java/lang/invoke/LambdaForm$MH+0x000001f8c47fd800'
Event: 127.812 Thread 0x000001f8abef4950 Unloading class 0x000001f8c47fd400 'java/lang/invoke/LambdaForm$MH+0x000001f8c47fd400'
Event: 127.812 Thread 0x000001f8abef4950 Unloading class 0x000001f8c47fcc00 'java/lang/invoke/LambdaForm$MH+0x000001f8c47fcc00'
Event: 127.812 Thread 0x000001f8abef4950 Unloading class 0x000001f8c47fc400 'java/lang/invoke/LambdaForm$MH+0x000001f8c47fc400'
Event: 127.812 Thread 0x000001f8abef4950 Unloading class 0x000001f8c47f5400 'java/lang/invoke/LambdaForm$DMH+0x000001f8c47f5400'
Event: 127.812 Thread 0x000001f8abef4950 Unloading class 0x000001f8c4799c00 'java/lang/invoke/LambdaForm$DMH+0x000001f8c4799c00'
Event: 127.812 Thread 0x000001f8abef4950 Unloading class 0x000001f8c47a0000 'java/lang/invoke/LambdaForm$DMH+0x000001f8c47a0000'
Event: 127.812 Thread 0x000001f8abef4950 Unloading class 0x000001f8c47a0400 'java/lang/invoke/LambdaForm$DMH+0x000001f8c47a0400'
Event: 127.812 Thread 0x000001f8abef4950 Unloading class 0x000001f8c4799800 'java/lang/invoke/LambdaForm$DMH+0x000001f8c4799800'

Classes redefined (0 events):
No events

Internal exceptions (20 events):
Event: 135.633 Thread 0x000001f90e32f010 Exception <a 'java/lang/NullPointerException'{0x00000000d563cf80}> (0x00000000d563cf80) 
thrown [s\src\hotspot\share\runtime\sharedRuntime.cpp, line 625]
Event: 135.633 Thread 0x000001f90e32f010 Implicit null exception at 0x000001f8b15d4b9b to 0x000001f8b15d8423
Event: 135.633 Thread 0x000001f90e32f010 Exception <a 'java/lang/NullPointerException'{0x00000000d563d838}> (0x00000000d563d838) 
thrown [s\src\hotspot\share\runtime\sharedRuntime.cpp, line 625]
Event: 135.633 Thread 0x000001f90e32f010 Implicit null exception at 0x000001f8b15d4b9b to 0x000001f8b15d8423
Event: 135.633 Thread 0x000001f90e32f010 Exception <a 'java/lang/NullPointerException'{0x00000000d563e9c8}> (0x00000000d563e9c8) 
thrown [s\src\hotspot\share\runtime\sharedRuntime.cpp, line 625]
Event: 135.633 Thread 0x000001f90e32f010 Implicit null exception at 0x000001f8b15d4b9b to 0x000001f8b15d8423
Event: 135.633 Thread 0x000001f90e32f010 Exception <a 'java/lang/NullPointerException'{0x00000000d563f6a8}> (0x00000000d563f6a8) 
thrown [s\src\hotspot\share\runtime\sharedRuntime.cpp, line 625]
Event: 135.633 Thread 0x000001f90e32f010 Implicit null exception at 0x000001f8b15d4b9b to 0x000001f8b15d8423
Event: 135.633 Thread 0x000001f90e32f010 Exception <a 'java/lang/NullPointerException'{0x00000000d56402f8}> (0x00000000d56402f8) 
thrown [s\src\hotspot\share\runtime\sharedRuntime.cpp, line 625]
Event: 135.633 Thread 0x000001f90e32f010 Implicit null exception at 0x000001f8b15d4b9b to 0x000001f8b15d8423
Event: 135.633 Thread 0x000001f90e32f010 Exception <a 'java/lang/NullPointerException'{0x00000000d5641250}> (0x00000000d5641250) 
thrown [s\src\hotspot\share\runtime\sharedRuntime.cpp, line 625]
Event: 135.919 Thread 0x000001f90e32f010 Implicit null exception at 0x000001f8b7a9a0c7 to 0x000001f8b7a9a15c
Event: 136.001 Thread 0x000001f90e32f010 Implicit null exception at 0x000001f8b15d4b9b to 0x000001f8b15d8423
Event: 136.001 Thread 0x000001f90e32f010 Exception <a 'java/lang/NullPointerException'{0x00000000d5709818}> (0x00000000d5709818) 
thrown [s\src\hotspot\share\runtime\sharedRuntime.cpp, line 625]
Event: 153.618 Thread 0x000001f90b566540 Exception <a 'sun/nio/fs/WindowsException'{0x00000000d569f100}> (0x00000000d569f100) 
thrown [s\src\hotspot\share\prims\jni.cpp, line 520]
Event: 153.769 Thread 0x000001f90b566540 Exception <a 'sun/nio/fs/WindowsException'{0x00000000d55f0770}> (0x00000000d55f0770) 
thrown [s\src\hotspot\share\prims\jni.cpp, line 520]
Event: 155.847 Thread 0x000001f90b566540 Exception <a 'sun/nio/fs/WindowsException'{0x00000000d57ab8e8}> (0x00000000d57ab8e8) 
thrown [s\src\hotspot\share\prims\jni.cpp, line 520]
Event: 156.028 Thread 0x000001f90b566540 Exception <a 'sun/nio/fs/WindowsException'{0x00000000d55ba418}> (0x00000000d55ba418) 
thrown [s\src\hotspot\share\prims\jni.cpp, line 520]
Event: 157.856 Thread 0x000001f90b566540 Exception <a 'sun/nio/fs/WindowsException'{0x00000000d5658d40}> (0x00000000d5658d40) 
thrown [s\src\hotspot\share\prims\jni.cpp, line 520]
Event: 158.111 Thread 0x000001f90b566540 Exception <a 'sun/nio/fs/WindowsException'{0x00000000d562cbc0}> (0x00000000d562cbc0) 
thrown [s\src\hotspot\share\prims\jni.cpp, line 520]

ZGC Phase Switch (0 events):
No events

VM Operations (20 events):
Event: 158.271 Executing safepoint VM operation: ParallelGCFailedAllocation (Allocation Failure)
Event: 158.272 Executing safepoint VM operation: ParallelGCFailedAllocation (Allocation Failure) done
Event: 158.394 Executing safepoint VM operation: ParallelGCFailedAllocation (Allocation Failure)
Event: 158.396 Executing safepoint VM operation: ParallelGCFailedAllocation (Allocation Failure) done
Event: 159.133 Executing safepoint VM operation: ParallelGCFailedAllocation (Allocation Failure)
Event: 159.136 Executing safepoint VM operation: ParallelGCFailedAllocation (Allocation Failure) done
Event: 159.159 Executing safepoint VM operation: ParallelGCFailedAllocation (Allocation Failure)
Event: 159.160 Executing safepoint VM operation: ParallelGCFailedAllocation (Allocation Failure) done
Event: 159.197 Executing safepoint VM operation: ParallelGCFailedAllocation (Allocation Failure)
Event: 159.199 Executing safepoint VM operation: ParallelGCFailedAllocation (Allocation Failure) done
Event: 159.239 Executing safepoint VM operation: ParallelGCFailedAllocation (Allocation Failure)
Event: 159.240 Executing safepoint VM operation: ParallelGCFailedAllocation (Allocation Failure) done
Event: 159.257 Executing safepoint VM operation: ParallelGCFailedAllocation (Allocation Failure)
Event: 159.259 Executing safepoint VM operation: ParallelGCFailedAllocation (Allocation Failure) done
Event: 159.267 Executing safepoint VM operation: ParallelGCFailedAllocation (Allocation Failure)
Event: 159.269 Executing safepoint VM operation: ParallelGCFailedAllocation (Allocation Failure) done
Event: 159.274 Executing safepoint VM operation: ParallelGCFailedAllocation (Allocation Failure)
Event: 159.275 Executing safepoint VM operation: ParallelGCFailedAllocation (Allocation Failure) done
Event: 159.299 Executing safepoint VM operation: ParallelGCFailedAllocation (Allocation Failure)
Event: 159.299 Executing safepoint VM operation: ParallelGCFailedAllocation (Allocation Failure) done

Memory protections (0 events):
No events

Nmethod flushes (20 events):
Event: 127.833 Thread 0x000001f8abef4950 flushing  nmethod 0x000001f8affe7510
Event: 127.833 Thread 0x000001f8abef4950 flushing  nmethod 0x000001f8affe8c90
Event: 127.833 Thread 0x000001f8abef4950 flushing  nmethod 0x000001f8affe9810
Event: 127.833 Thread 0x000001f8abef4950 flushing  nmethod 0x000001f8affeae90
Event: 127.833 Thread 0x000001f8abef4950 flushing  nmethod 0x000001f8afff5510
Event: 127.833 Thread 0x000001f8abef4950 flushing  nmethod 0x000001f8afff5910
Event: 127.833 Thread 0x000001f8abef4950 flushing  nmethod 0x000001f8afff7010
Event: 127.833 Thread 0x000001f8abef4950 flushing  nmethod 0x000001f8afffa590
Event: 127.833 Thread 0x000001f8abef4950 flushing  nmethod 0x000001f8b0006d10
Event: 127.833 Thread 0x000001f8abef4950 flushing  nmethod 0x000001f8b0008990
Event: 127.833 Thread 0x000001f8abef4950 flushing  nmethod 0x000001f8b000a410
Event: 127.833 Thread 0x000001f8abef4950 flushing  nmethod 0x000001f8b000b110
Event: 127.833 Thread 0x000001f8abef4950 flushing  nmethod 0x000001f8b000b810
Event: 127.833 Thread 0x000001f8abef4950 flushing  nmethod 0x000001f8b000d590
Event: 127.833 Thread 0x000001f8abef4950 flushing  nmethod 0x000001f8b000e790
Event: 127.833 Thread 0x000001f8abef4950 flushing  nmethod 0x000001f8b0041390
Event: 127.833 Thread 0x000001f8abef4950 flushing  nmethod 0x000001f8b0041a10
Event: 127.833 Thread 0x000001f8abef4950 flushing  nmethod 0x000001f8b0042390
Event: 127.833 Thread 0x000001f8abef4950 flushing  nmethod 0x000001f8b0107c10
Event: 127.833 Thread 0x000001f8abef4950 flushing  nmethod 0x000001f8b0122910

Events (20 events):
Event: 152.638 Thread 0x000001f904d084c0 Thread added: 0x000001f918c925e0
Event: 152.823 Thread 0x000001f918c925e0 Thread exited: 0x000001f918c925e0
Event: 153.783 Thread 0x000001f904d084c0 Thread added: 0x000001f918c903d0
Event: 154.802 Thread 0x000001f918c903d0 Thread exited: 0x000001f918c903d0
Event: 154.858 Thread 0x000001f904d084c0 Thread added: 0x000001f918c91170
Event: 154.862 Thread 0x000001f904d084c0 Thread added: 0x000001f918c903d0
Event: 155.061 Thread 0x000001f918c903d0 Thread exited: 0x000001f918c903d0
Event: 155.144 Thread 0x000001f918c91170 Thread exited: 0x000001f918c91170
Event: 156.015 Thread 0x000001f904d084c0 Thread added: 0x000001f918c94120
Event: 156.015 Thread 0x000001f904d084c0 Thread added: 0x000001f918c90aa0
Event: 156.784 Thread 0x000001f918c90aa0 Thread exited: 0x000001f918c90aa0
Event: 156.784 Thread 0x000001f918c94120 Thread exited: 0x000001f918c94120
Event: 156.851 Thread 0x000001f904d084c0 Thread added: 0x000001f918c91f10
Event: 156.851 Thread 0x000001f904d084c0 Thread added: 0x000001f918c91170
Event: 157.058 Thread 0x000001f918c91170 Thread exited: 0x000001f918c91170
Event: 157.593 Thread 0x000001f918c91f10 Thread exited: 0x000001f918c91f10
Event: 157.995 Thread 0x000001f904d084c0 Thread added: 0x000001f918c94120
Event: 158.903 Thread 0x000001f918c94120 Thread exited: 0x000001f918c94120
Event: 159.277 Thread 0x000001f904d084c0 Thread added: 0x000001f918c94120
Event: 159.279 Thread 0x000001f904d084c0 Thread added: 0x000001f918c90aa0


Dynamic libraries:
0x00007ff78fbd0000 - 0x00007ff78fbde000 	c:\Users\LOQ\.vscode\extensions\redhat.java-1.55.0-win32-x64\jre\21.0.11-win32-x86_64\bin\java.exe
0x00007ff9fc1c0000 - 0x00007ff9fc426000 	C:\WINDOWS\SYSTEM32\ntdll.dll
0x00007ff9fbde0000 - 0x00007ff9fbea9000 	C:\WINDOWS\System32\KERNEL32.DLL
0x00007ff9f9aa0000 - 0x00007ff9f9e9a000 	C:\WINDOWS\System32\KERNELBASE.dll
0x00007ff9f96b0000 - 0x00007ff9f97fc000 	C:\WINDOWS\System32\ucrtbase.dll
0x00007ff9f22c0000 - 0x00007ff9f22de000 	c:\Users\LOQ\.vscode\extensions\redhat.java-1.55.0-win32-x64\jre\21.0.11-win32-x86_64\bin\VCRUNTIME140.dll
0x00007ff9ec9a0000 - 0x00007ff9ec9b8000 	c:\Users\LOQ\.vscode\extensions\redhat.java-1.55.0-win32-x64\jre\21.0.11-win32-x86_64\bin\jli.dll
0x00007ff9fbeb0000 - 0x00007ff9fc077000 	C:\WINDOWS\System32\USER32.dll
0x00007ff9e4760000 - 0x00007ff9e49f2000 	C:\WINDOWS\WinSxS\amd64_microsoft.windows.common-controls_6595b64144ccf1df_6.0.26100.8521_none_3e08b75ce33403b3\COMCTL32.dll
0x00007ff9f9680000 - 0x00007ff9f96a7000 	C:\WINDOWS\System32\win32u.dll
0x00007ff9fb5a0000 - 0x00007ff9fb649000 	C:\WINDOWS\System32\msvcrt.dll
0x00007ff9fb770000 - 0x00007ff9fb79b000 	C:\WINDOWS\System32\GDI32.dll
0x00007ff9f9800000 - 0x00007ff9f992b000 	C:\WINDOWS\System32\gdi32full.dll
0x00007ff9f9450000 - 0x00007ff9f94f3000 	C:\WINDOWS\System32\msvcp_win.dll
0x00007ff9faae0000 - 0x00007ff9fab12000 	C:\WINDOWS\System32\IMM32.DLL
0x00007ff9eea10000 - 0x00007ff9eea1c000 	c:\Users\LOQ\.vscode\extensions\redhat.java-1.55.0-win32-x64\jre\21.0.11-win32-x86_64\bin\vcruntime140_1.dll
0x00007ff9ec900000 - 0x00007ff9ec98d000 	c:\Users\LOQ\.vscode\extensions\redhat.java-1.55.0-win32-x64\jre\21.0.11-win32-x86_64\bin\msvcp140.dll
0x00007ff8a0b30000 - 0x00007ff8a18d2000 	c:\Users\LOQ\.vscode\extensions\redhat.java-1.55.0-win32-x64\jre\21.0.11-win32-x86_64\bin\server\jvm.dll
0x00007ff9fa720000 - 0x00007ff9fa7d6000 	C:\WINDOWS\System32\ADVAPI32.dll
0x00007ff9fc080000 - 0x00007ff9fc12a000 	C:\WINDOWS\System32\sechost.dll
0x00007ff9fb650000 - 0x00007ff9fb768000 	C:\WINDOWS\System32\RPCRT4.dll
0x00007ff9fb8b0000 - 0x00007ff9fb930000 	C:\WINDOWS\System32\WS2_32.dll
0x00007ff9ebdb0000 - 0x00007ff9ebde6000 	C:\WINDOWS\SYSTEM32\WINMM.dll
0x00007ff9f8e40000 - 0x00007ff9f8e9e000 	C:\WINDOWS\SYSTEM32\POWRPROF.dll
0x00007ff9ecbb0000 - 0x00007ff9ecbbb000 	C:\WINDOWS\SYSTEM32\VERSION.dll
0x00007ff9f8e20000 - 0x00007ff9f8e34000 	C:\WINDOWS\SYSTEM32\UMPDC.dll
0x00007ff9f81b0000 - 0x00007ff9f81cb000 	C:\WINDOWS\SYSTEM32\kernel.appcore.dll
0x00007ff9e7a60000 - 0x00007ff9e7a6a000 	c:\Users\LOQ\.vscode\extensions\redhat.java-1.55.0-win32-x64\jre\21.0.11-win32-x86_64\bin\jimage.dll
0x00007ff9f6af0000 - 0x00007ff9f6d32000 	C:\WINDOWS\SYSTEM32\DBGHELP.DLL
0x00007ff9fad10000 - 0x00007ff9fb093000 	C:\WINDOWS\System32\combase.dll
0x00007ff9fb0a0000 - 0x00007ff9fb179000 	C:\WINDOWS\System32\OLEAUT32.dll
0x00007ff9e2860000 - 0x00007ff9e289b000 	C:\WINDOWS\SYSTEM32\dbgcore.DLL
0x00007ff9f99f0000 - 0x00007ff9f9a98000 	C:\WINDOWS\System32\bcryptPrimitives.dll
0x00007ff9e7a50000 - 0x00007ff9e7a5f000 	c:\Users\LOQ\.vscode\extensions\redhat.java-1.55.0-win32-x64\jre\21.0.11-win32-x86_64\bin\instrument.dll
0x00007ff9e7a30000 - 0x00007ff9e7a50000 	c:\Users\LOQ\.vscode\extensions\redhat.java-1.55.0-win32-x64\jre\21.0.11-win32-x86_64\bin\java.dll
0x00007ff9f9f90000 - 0x00007ff9fa714000 	C:\WINDOWS\System32\SHELL32.dll
0x00007ff9f6ff0000 - 0x00007ff9f7870000 	C:\WINDOWS\SYSTEM32\windows.storage.dll
0x00007ff9fa860000 - 0x00007ff9fa956000 	C:\WINDOWS\System32\SHCORE.dll
0x00007ff9faa70000 - 0x00007ff9faad7000 	C:\WINDOWS\System32\shlwapi.dll
0x00007ff9f9370000 - 0x00007ff9f9399000 	C:\WINDOWS\SYSTEM32\profapi.dll
0x00007ff9e7a10000 - 0x00007ff9e7a28000 	c:\Users\LOQ\.vscode\extensions\redhat.java-1.55.0-win32-x64\jre\21.0.11-win32-x86_64\bin\zip.dll
0x00007ff9e7960000 - 0x00007ff9e7970000 	C:\Users\LOQ\.vscode\extensions\redhat.java-1.55.0-win32-x64\jre\21.0.11-win32-x86_64\bin\net.dll
0x00007ff9eeba0000 - 0x00007ff9eecc9000 	C:\WINDOWS\SYSTEM32\WINHTTP.dll
0x00007ff9f8730000 - 0x00007ff9f879c000 	C:\WINDOWS\system32\mswsock.dll
0x00007ff9e7940000 - 0x00007ff9e7956000 	C:\Users\LOQ\.vscode\extensions\redhat.java-1.55.0-win32-x64\jre\21.0.11-win32-x86_64\bin\nio.dll
0x00007ff9e7930000 - 0x00007ff9e7940000 	c:\Users\LOQ\.vscode\extensions\redhat.java-1.55.0-win32-x64\jre\21.0.11-win32-x86_64\bin\verify.dll
0x00007ff9d78c0000 - 0x00007ff9d7905000 	C:\Users\LOQ\AppData\Roaming\Code\User\globalStorage\redhat.java\1.55.0\config_win\org.eclipse.equinox.launcher\org.eclipse.equinox.launcher.win32.win32.x86_64_1.3.100.v20260613-0559\eclipse_11924.dll
0x00007ff9fab70000 - 0x00007ff9fad08000 	C:\WINDOWS\System32\ole32.dll
0x00007ff9f8a40000 - 0x00007ff9f8a5b000 	C:\WINDOWS\SYSTEM32\CRYPTSP.dll
0x00007ff9f8110000 - 0x00007ff9f8149000 	C:\WINDOWS\system32\rsaenh.dll
0x00007ff9f8800000 - 0x00007ff9f8833000 	C:\WINDOWS\SYSTEM32\USERENV.dll
0x00007ff9f9340000 - 0x00007ff9f936a000 	C:\WINDOWS\SYSTEM32\bcrypt.dll
0x00007ff9f8a30000 - 0x00007ff9f8a3c000 	C:\WINDOWS\SYSTEM32\CRYPTBASE.dll
0x00007ff9f7b80000 - 0x00007ff9f7bb3000 	C:\WINDOWS\SYSTEM32\IPHLPAPI.DLL
0x00007ff9fb8a0000 - 0x00007ff9fb8aa000 	C:\WINDOWS\System32\NSI.dll
0x00007ff9a8b00000 - 0x00007ff9a8b49000 	C:\Users\LOQ\AppData\Local\Temp\jna-75566\jna11586577081103083295.dll
0x00007ff9fbdd0000 - 0x00007ff9fbdd8000 	C:\WINDOWS\System32\PSAPI.DLL
0x00007ff9eeb80000 - 0x00007ff9eeb9d000 	C:\WINDOWS\SYSTEM32\dhcpcsvc6.DLL
0x00007ff9eeb50000 - 0x00007ff9eeb75000 	C:\WINDOWS\SYSTEM32\dhcpcsvc.DLL
0x00007ff9c08e0000 - 0x00007ff9c08ee000 	C:\Users\LOQ\.vscode\extensions\redhat.java-1.55.0-win32-x64\jre\21.0.11-win32-x86_64\bin\sunmscapi.dll
0x00007ff9f9500000 - 0x00007ff9f9678000 	C:\WINDOWS\System32\CRYPT32.dll
0x00007ff9f8cc0000 - 0x00007ff9f8cf0000 	C:\WINDOWS\SYSTEM32\ncrypt.dll
0x00007ff9f8c70000 - 0x00007ff9f8caf000 	C:\WINDOWS\SYSTEM32\NTASN1.dll
0x00007ff9f7c70000 - 0x00007ff9f7dba000 	C:\WINDOWS\SYSTEM32\DNSAPI.dll
0x00007ff9f84e0000 - 0x00007ff9f84ed000 	C:\WINDOWS\SYSTEM32\DSPARSE.dll
0x00007ff9eecd0000 - 0x00007ff9eecdb000 	C:\Windows\System32\rasadhlp.dll
0x00007ff9eca40000 - 0x00007ff9ecac6000 	C:\WINDOWS\System32\fwpuclnt.dll
0x00007ff9c08d0000 - 0x00007ff9c08d9000 	C:\Users\LOQ\.vscode\extensions\redhat.java-1.55.0-win32-x64\jre\21.0.11-win32-x86_64\bin\extnet.dll
0x00007ff9d86e0000 - 0x00007ff9d86e8000 	C:\WINDOWS\system32\wshunix.dll

JVMTI agents:
c:\Users\LOQ\.vscode\extensions\redhat.java-1.55.0-win32-x64\lombok\lombok-1.18.39-4050.jar path:c:\Users\LOQ\.vscode\extensions\redhat.java-1.55.0-win32-x64\jre\21.0.11-win32-x86_64\bin\instrument.dll, loaded, initialized, instrumentlib options:none

dbghelp: loaded successfully - version: 4.0.5 - missing functions: none
symbol engine: initialized successfully - sym options: 0x614 - pdb path: .;c:\Users\LOQ\.vscode\extensions\redhat.java-1.55.0-win32-x64\jre\21.0.11-win32-x86_64\bin;C:\WINDOWS\SYSTEM32;C:\WINDOWS\WinSxS\amd64_microsoft.windows.common-controls_6595b64144ccf1df_6.0.26100.8521_none_3e08b75ce33403b3;c:\Users\LOQ\.vscode\extensions\redhat.java-1.55.0-win32-x64\jre\21.0.11-win32-x86_64\bin\server;C:\Users\LOQ\AppData\Roaming\Code\User\globalStorage\redhat.java\1.55.0\config_win\org.eclipse.equinox.launcher\org.eclipse.equinox.launcher.win32.win32.x86_64_1.3.100.v20260613-0559;C:\Users\LOQ\AppData\Local\Temp\jna-75566

VM Arguments:
jvm_args: --add-modules=ALL-SYSTEM --add-opens=java.base/java.util=ALL-UNNAMED --add-opens=java.base/java.lang=ALL-UNNAMED --add-opens=java.base/sun.nio.fs=ALL-UNNAMED -Declipse.application=org.eclipse.jdt.ls.core.id1 -Dosgi.bundles.defaultStartLevel=4 -Declipse.product=org.eclipse.jdt.ls.core.product -Djava.import.generatesMetadataFilesAtProjectRoot=false -DDetectVMInstallationsJob.disabled=true -Dfile.encoding=utf8 -XX:+UseParallelGC -XX:GCTimeRatio=4 -XX:AdaptiveSizePolicyWeight=90 -Dsun.zip.disableMemoryMapping=true -Xmx2G -Xms100m -Xlog:disable -javaagent:c:\Users\LOQ\.vscode\extensions\redhat.java-1.55.0-win32-x64\lombok\lombok-1.18.39-4050.jar -XX:+HeapDumpOnOutOfMemoryError -XX:HeapDumpPath=c:\Users\LOQ\AppData\Roaming\Code\User\workspaceStorage\17b0396a15c7994ce96b9dcf8980ea7f\redhat.java -Daether.dependencyCollector.impl=bf 
java_command: c:\Users\LOQ\.vscode\extensions\redhat.java-1.55.0-win32-x64\server\plugins\org.eclipse.equinox.launcher_1.7.200.v20260619-2039.jar -configuration c:\Users\LOQ\AppData\Roaming\Code\User\globalStorage\redhat.java\1.55.0\config_win -data c:\Users\LOQ\AppData\Roaming\Code\User\workspaceStorage\17b0396a15c7994ce96b9dcf8980ea7f\redhat.java\jdt_ws --pipe=\\.\pipe\lsp-7067295ee2bf2e3be7c9227e30232eb4-sock
java_class_path (initial): c:\Users\LOQ\.vscode\extensions\redhat.java-1.55.0-win32-x64\server\plugins\org.eclipse.equinox.launcher_1.7.200.v20260619-2039.jar
Launcher Type: SUN_STANDARD

[Global flags]
    uintx AdaptiveSizePolicyWeight                 = 90                                        {product} {command line}
     intx CICompilerCount                          = 4                                         {product} {ergonomic}
    uintx GCTimeRatio                              = 4                                         {product} {command line}
     bool HeapDumpOnOutOfMemoryError               = true                                   {manageable} {command line}
    ccstr HeapDumpPath                             = c:\Users\LOQ\AppData\Roaming\Code\User\workspaceStorage\17b0396a15c7994ce96b9dcf8980ea7f\redhat.java         {manageable} {command line}
   size_t InitialHeapSize                          = 104857600                                 {product} {command line}
   size_t MaxHeapSize                              = 2147483648                                {product} {command line}
   size_t MaxNewSize                               = 715653120                                 {product} {ergonomic}
   size_t MinHeapDeltaBytes                        = 524288                                    {product} {ergonomic}
   size_t MinHeapSize                              = 104857600                                 {product} {command line}
   size_t NewSize                                  = 34603008                                  {product} {ergonomic}
    uintx NonNMethodCodeHeapSize                   = 5839372                                {pd product} {ergonomic}
    uintx NonProfiledCodeHeapSize                  = 122909434                              {pd product} {ergonomic}
   size_t OldSize                                  = 70254592                                  {product} {ergonomic}
    uintx ProfiledCodeHeapSize                     = 122909434                              {pd product} {ergonomic}
    uintx ReservedCodeCacheSize                    = 251658240                              {pd product} {ergonomic}
     bool SegmentedCodeCache                       = true                                      {product} {ergonomic}
   size_t SoftMaxHeapSize                          = 2147483648                             {manageable} {ergonomic}
     bool UseCompressedOops                        = true                           {product lp64_product} {ergonomic}
     bool UseLargePagesIndividualAllocation        = false                                  {pd product} {ergonomic}
     bool UseParallelGC                            = true                                      {product} {command line}

Logging:
Log output configuration:
 #0: stdout all=off uptime,level,tags foldmultilines=false
 #1: stderr all=off uptime,level,tags foldmultilines=false

Release file:
JAVA_VERSION="21.0.11" 
MODULES="java.base java.compiler java.datatransfer java.xml java.prefs java.desktop java.instrument java.logging java.management java.security.sasl java.naming java.rmi java.management.rmi java.net.http java.scripting java.security.jgss java.transaction.xa java.sql java.sql.rowset java.xml.crypto java.se java.smartcardio jdk.accessibility jdk.internal.jvmstat jdk.attach jdk.charsets jdk.internal.opt jdk.zipfs jdk.compiler jdk.crypto.ec jdk.crypto.cryptoki jdk.crypto.mscapi jdk.dynalink jdk.internal.ed jdk.editpad jdk.hotspot.agent jdk.httpserver jdk.internal.le jdk.internal.vm.ci jdk.internal.vm.compiler jdk.internal.vm.compiler.management jdk.jartool jdk.javadoc jdk.jcmd jdk.management jdk.management.agent jdk.jconsole jdk.jdeps jdk.jdwp.agent jdk.jdi jdk.jfr jdk.jshell jdk.jsobject jdk.jstatd jdk.localedata jdk.management.jfr jdk.naming.dns jdk.naming.rmi jdk.net jdk.nio.mapmode jdk.random jdk.sctp jdk.security.auth jdk.security.jgss jdk.unsupported jdk.unsupported.desktop jdk.xml.dom" 

Environment Variables:
PATH=C:\Program Files\Common Files\Oracle\Java\javapath;C:\Program Files (x86)\Common Files\Oracle\Java\java8path;C:\Program Files (x86)\Common Files\Oracle\Java\javapath;C:\Program Files (x86)\Common Files\Intel\Shared Libraries\redist\intel64\compiler;C:\WINDOWS\system32;C:\WINDOWS;C:\WINDOWS\System32\Wbem;C:\WINDOWS\System32\WindowsPowerShell\v1.0\;C:\WINDOWS\System32\OpenSSH\;C:\Program Files (x86)\NVIDIA Corporation\PhysX\Common;C:\Program Files\NVIDIA Corporation\NVIDIA NvDLISR;C:\Program Files\Go\bin;C:\Program Files\Tailscale\;C:\Program Files\nodejs\;C:\Program Files\Git\cmd;C:\Program Files\Cloudflare\Cloudflare WARP\;C:\Program Files\Docker\Docker\resources\bin;C:\Program Files\Microsoft SQL Server\170\Tools\Binn\;C:\Program Files\dotnet\;C:\Users\LOQ\AppData\Local\Programs\Python\Python313\Scripts\;C:\Users\LOQ\AppData\Local\Programs\Python\Python313\;C:\Users\LOQ\AppData\Local\Microsoft\WindowsApps;C:\Users\LOQ\go\bin;C:\Users\LOQ\AppData\Local\Programs\Microsoft VS Code\bin;C:\msys64\ucrt64\bin;C:\Users\LOQ\AppData\Roaming\npm;C:\Users\LOQ\.dotnet\tools
USERNAME=LOQ
OS=Windows_NT
PROCESSOR_IDENTIFIER=Intel64 Family 6 Model 151 Stepping 2, GenuineIntel
TMP=C:\Users\LOQ\AppData\Local\Temp
TEMP=C:\Users\LOQ\AppData\Local\Temp




Periodic native trim disabled

---------------  S Y S T E M  ---------------

OS:
 Windows 11 , 64 bit Build 26100 (10.0.26100.8521)
OS uptime: 3 days 1:20 hours
Hyper-V role detected

CPU: total 12 (initial active 12) (6 cores per cpu, 2 threads per core) family 6 model 151 stepping 2 microcode 0x35, cx8, cmov, fxsr, ht, mmx, 3dnowpref, sse, sse2, sse3, ssse3, sse4.1, sse4.2, popcnt, lzcnt, tsc, tscinvbit, avx, avx2, aes, erms, clmul, bmi1, bmi2, adx, sha, fma, vzeroupper, clflush, clflushopt, clwb, hv, serialize, rdtscp, rdpid, fsrm, f16c, cet_ibt, cet_ss
Processor Information for processor 0
  Max Mhz: 2400, Current Mhz: 2400, Mhz Limit: 2400
Processor Information for processor 1
  Max Mhz: 2400, Current Mhz: 2400, Mhz Limit: 2400
Processor Information for processor 2
  Max Mhz: 2400, Current Mhz: 2400, Mhz Limit: 2400
Processor Information for processor 3
  Max Mhz: 2400, Current Mhz: 2400, Mhz Limit: 2400
Processor Information for processor 4
  Max Mhz: 2400, Current Mhz: 2400, Mhz Limit: 2400
Processor Information for processor 5
  Max Mhz: 2400, Current Mhz: 2400, Mhz Limit: 2400
Processor Information for processor 6
  Max Mhz: 2400, Current Mhz: 2400, Mhz Limit: 2400
Processor Information for processor 7
  Max Mhz: 2400, Current Mhz: 2400, Mhz Limit: 2400
Processor Information for processor 8
  Max Mhz: 2400, Current Mhz: 2400, Mhz Limit: 2400
Processor Information for processor 9
  Max Mhz: 2400, Current Mhz: 1466, Mhz Limit: 2400
Processor Information for processor 10
  Max Mhz: 2400, Current Mhz: 2400, Mhz Limit: 2400
Processor Information for processor 11
  Max Mhz: 2400, Current Mhz: 2400, Mhz Limit: 2400

Memory: 4k page, system-wide physical 11995M (926M free)
TotalPageFile size 48859M (AvailPageFile size 1M)
current process WorkingSet (physical memory assigned to process): 908M, peak: 908M
current process commit charge ("private bytes"): 990M, peak: 992M

vm_info: OpenJDK 64-Bit Server VM (21.0.11+10-LTS) for windows-amd64 JRE (21.0.11+10-LTS), built on 2026-04-21T00:00:00Z by "admin" with MS VC++ 17.12 (VS2022)

END.
