#
# There is insufficient memory for the Java Runtime Environment to continue.
# Native memory allocation (malloc) failed to allocate 1523296 bytes. Error detail: Chunk::new
# Possible reasons:
#   The system is out of physical RAM or swap space
#   This process is running with CompressedOops enabled, and the Java Heap may be blocking the growth of the native heap
# Possible solutions:
#   Reduce memory load on the system
#   Increase physical memory or swap space
#   Check if swap backing store is full
#   Decrease Java heap size (-Xmx/-Xms)
#   Decrease number of Java threads
#   Decrease Java thread stack sizes (-Xss)
#   Set larger code cache with -XX:ReservedCodeCacheSize=
#   JVM is running with Unscaled Compressed Oops mode in which the Java heap is
#     placed in the first 4GB address space. The Java Heap base address is the
#     maximum limit for the native heap growth. Please use -XX:HeapBaseMinAddress
#     to set the Java Heap base and to place the Java Heap above 4GB virtual address.
# This output file may be truncated or incomplete.
#
#  Out of Memory Error (arena.cpp:168), pid=21028, tid=20924
#
# JRE version: OpenJDK Runtime Environment Temurin-21.0.11+10 (21.0.11+10) (build 21.0.11+10-LTS)
# Java VM: OpenJDK 64-Bit Server VM Temurin-21.0.11+10 (21.0.11+10-LTS, mixed mode, sharing, tiered, compressed oops, compressed class ptrs, parallel gc, windows-amd64)
# No core dump will be written. Minidumps are not enabled by default on client versions of Windows
#

---------------  S U M M A R Y ------------

Command Line: --add-modules=ALL-SYSTEM --add-opens=java.base/java.util=ALL-UNNAMED --add-opens=java.base/java.lang=ALL-UNNAMED --add-opens=java.base/sun.nio.fs=ALL-UNNAMED -Declipse.application=org.eclipse.jdt.ls.core.id1 -Dosgi.bundles.defaultStartLevel=4 -Declipse.product=org.eclipse.jdt.ls.core.product -Djava.import.generatesMetadataFilesAtProjectRoot=false -DDetectVMInstallationsJob.disabled=true -Dfile.encoding=utf8 -XX:+UseParallelGC -XX:GCTimeRatio=4 -XX:AdaptiveSizePolicyWeight=90 -Dsun.zip.disableMemoryMapping=true -Xmx2G -Xms100m -Xlog:disable -javaagent:c:\Users\LOQ\.vscode\extensions\redhat.java-1.55.0-win32-x64\lombok\lombok-1.18.39-4050.jar -XX:+HeapDumpOnOutOfMemoryError -XX:HeapDumpPath=c:\Users\LOQ\AppData\Roaming\Code\User\workspaceStorage\1033c38a4cba7f9e4fd651ac46c29fcd\redhat.java -Daether.dependencyCollector.impl=bf c:\Users\LOQ\.vscode\extensions\redhat.java-1.55.0-win32-x64\server\plugins\org.eclipse.equinox.launcher_1.7.200.v20260619-2039.jar -configuration c:\Users\LOQ\AppData\Roaming\Code\User\globalStorage\redhat.java\1.55.0\config_win -data c:\Users\LOQ\AppData\Roaming\Code\User\workspaceStorage\1033c38a4cba7f9e4fd651ac46c29fcd\redhat.java\jdt_ws --pipe=\\.\pipe\lsp-c3918877eda4b4ebe39ba6a4477e9dc8-sock

Host: 12th Gen Intel(R) Core(TM) i5-12450HX, 12 cores, 11G,  Windows 11 , 64 bit Build 26100 (10.0.26100.8521)
Time: Fri Jul  3 06:40:21 2026 SE Asia Standard Time elapsed time: 26.015886 seconds (0d 0h 0m 26s)

---------------  T H R E A D  ---------------

Current thread (0x000002337f48d610):  JavaThread "C2 CompilerThread2" daemon [_thread_in_native, id=20924, stack(0x000000415f600000,0x000000415f700000) (1024K)]


Current CompileTask:
C2:26016 4266       4       org.eclipse.osgi.internal.serviceregistry.ServiceRegistry::notifyHooksPrivileged (57 bytes)

Stack: [0x000000415f600000,0x000000415f700000]
Native frames: (J=compiled Java code, j=interpreted, Vv=VM code, C=native code)
V  [jvm.dll+0x6d7e19]
V  [jvm.dll+0x8b5096]
V  [jvm.dll+0x8b764e]
V  [jvm.dll+0x8b7d33]
V  [jvm.dll+0x284596]
V  [jvm.dll+0xc685d]
V  [jvm.dll+0xc6da1]
V  [jvm.dll+0x3bed6b]
V  [jvm.dll+0x1e4149]
V  [jvm.dll+0x24c853]
V  [jvm.dll+0x24bce0]
V  [jvm.dll+0x1cb4ae]
V  [jvm.dll+0x25baad]
V  [jvm.dll+0x25a03a]
V  [jvm.dll+0x3f868e]
V  [jvm.dll+0x85fb0d]
V  [jvm.dll+0x6d664d]
C  [ucrtbase.dll+0x2cd30]
C  [KERNEL32.DLL+0x2e957]
C  [ntdll.dll+0x87c1c]


---------------  P R O C E S S  ---------------

Threads class SMR info:
_java_thread_list=0x0000023358d15670, length=25, elements={
0x00000233773220d0, 0x000002337c9be270, 0x00000233773c36e0, 0x00000233773c7250,
0x00000233773c7eb0, 0x00000233773cc1e0, 0x00000233773cfe30, 0x000002337de3b040,
0x000002337de3b7a0, 0x000002337dfa0bd0, 0x000002337e0cdbd0, 0x000002337f504900,
0x000002337f504f70, 0x00000233580e4f30, 0x000002337f24c430, 0x000002337efde310,
0x000002337ef011b0, 0x000002337f207230, 0x000002337f550980, 0x000002337f54e8b0,
0x000002337f54db90, 0x000002337f54f5d0, 0x000002337df159a0, 0x000002337f48d610,
0x000002337f54ef40
}

Java Threads: ( => current thread )
  0x00000233773220d0 JavaThread "main"                              [_thread_blocked, id=20148, stack(0x000000415d300000,0x000000415d400000) (1024K)]
  0x000002337c9be270 JavaThread "Reference Handler"          daemon [_thread_blocked, id=36388, stack(0x000000415d700000,0x000000415d800000) (1024K)]
  0x00000233773c36e0 JavaThread "Finalizer"                  daemon [_thread_blocked, id=21276, stack(0x000000415d800000,0x000000415d900000) (1024K)]
  0x00000233773c7250 JavaThread "Signal Dispatcher"          daemon [_thread_blocked, id=37800, stack(0x000000415d900000,0x000000415da00000) (1024K)]
  0x00000233773c7eb0 JavaThread "Attach Listener"            daemon [_thread_blocked, id=24864, stack(0x000000415da00000,0x000000415db00000) (1024K)]
  0x00000233773cc1e0 JavaThread "Service Thread"             daemon [_thread_blocked, id=14984, stack(0x000000415db00000,0x000000415dc00000) (1024K)]
  0x00000233773cfe30 JavaThread "Monitor Deflation Thread"   daemon [_thread_blocked, id=18896, stack(0x000000415dc00000,0x000000415dd00000) (1024K)]
  0x000002337de3b040 JavaThread "C2 CompilerThread0"         daemon [_thread_in_native, id=35672, stack(0x000000415dd00000,0x000000415de00000) (1024K)]
  0x000002337de3b7a0 JavaThread "C1 CompilerThread0"         daemon [_thread_blocked, id=27136, stack(0x000000415de00000,0x000000415df00000) (1024K)]
  0x000002337dfa0bd0 JavaThread "Common-Cleaner"             daemon [_thread_blocked, id=24500, stack(0x000000415df00000,0x000000415e000000) (1024K)]
  0x000002337e0cdbd0 JavaThread "Notification Thread"        daemon [_thread_blocked, id=26656, stack(0x000000415e000000,0x000000415e100000) (1024K)]
  0x000002337f504900 JavaThread "Active Thread: Equinox Container: 2e4e3189-d259-4bf5-8cf2-79b7c04f890b"        [_thread_blocked, id=14664, stack(0x000000415e900000,0x000000415ea00000) (1024K)]
  0x000002337f504f70 JavaThread "Refresh Thread: Equinox Container: 2e4e3189-d259-4bf5-8cf2-79b7c04f890b" daemon [_thread_blocked, id=24708, stack(0x000000415e800000,0x000000415e900000) (1024K)]
  0x00000233580e4f30 JavaThread "Framework Event Dispatcher: Equinox Container: 2e4e3189-d259-4bf5-8cf2-79b7c04f890b" daemon [_thread_blocked, id=19140, stack(0x000000415e700000,0x000000415e800000) (1024K)]
  0x000002337f24c430 JavaThread "Start Level: Equinox Container: 2e4e3189-d259-4bf5-8cf2-79b7c04f890b" daemon [_thread_in_vm, id=36104, stack(0x000000415eb00000,0x000000415ec00000) (1024K)]
  0x000002337efde310 JavaThread "Bundle File Closer"         daemon [_thread_blocked, id=22848, stack(0x000000415f000000,0x000000415f100000) (1024K)]
  0x000002337ef011b0 JavaThread "SCR Component Actor"        daemon [_thread_blocked, id=24144, stack(0x000000415ec00000,0x000000415ed00000) (1024K)]
  0x000002337f207230 JavaThread "Worker-JM"                         [_thread_blocked, id=21216, stack(0x000000415f200000,0x000000415f300000) (1024K)]
  0x000002337f550980 JavaThread "JNA Cleaner"                daemon [_thread_blocked, id=9864, stack(0x000000415ed00000,0x000000415ee00000) (1024K)]
  0x000002337f54e8b0 JavaThread "Worker-0"                          [_thread_blocked, id=27088, stack(0x000000415f100000,0x000000415f200000) (1024K)]
  0x000002337f54db90 JavaThread "Worker-1: Repository registry initialization"        [_thread_in_Java, id=13656, stack(0x000000415f300000,0x000000415f400000) (1024K)]
  0x000002337f54f5d0 JavaThread "Worker-2"                          [_thread_blocked, id=13460, stack(0x000000415f400000,0x000000415f500000) (1024K)]
  0x000002337df159a0 JavaThread "C2 CompilerThread1"         daemon [_thread_in_native, id=10620, stack(0x000000415f500000,0x000000415f600000) (1024K)]
=>0x000002337f48d610 JavaThread "C2 CompilerThread2"         daemon [_thread_in_native, id=20924, stack(0x000000415f600000,0x000000415f700000) (1024K)]
  0x000002337f54ef40 JavaThread "Java indexing"              daemon [_thread_blocked, id=32532, stack(0x000000415f700000,0x000000415f800000) (1024K)]
Total: 25

Other Threads:
  0x000002337c9a40c0 VMThread "VM Thread"                           [id=29884, stack(0x000000415d600000,0x000000415d700000) (1024K)]
  0x000002337c89ca00 WatcherThread "VM Periodic Task Thread"        [id=2508, stack(0x000000415d500000,0x000000415d600000) (1024K)]
  0x0000023377341ab0 WorkerThread "GC Thread#0"                     [id=22556, stack(0x000000415d400000,0x000000415d500000) (1024K)]
  0x000002337e19c360 WorkerThread "GC Thread#1"                     [id=29256, stack(0x000000415e100000,0x000000415e200000) (1024K)]
  0x000002337f222100 WorkerThread "GC Thread#2"                     [id=26504, stack(0x000000415e200000,0x000000415e300000) (1024K)]
  0x000002337f2224b0 WorkerThread "GC Thread#3"                     [id=37188, stack(0x000000415e300000,0x000000415e400000) (1024K)]
  0x000002337ede8980 WorkerThread "GC Thread#4"                     [id=20664, stack(0x000000415e400000,0x000000415e500000) (1024K)]
  0x000002337ede8d30 WorkerThread "GC Thread#5"                     [id=37208, stack(0x000000415e500000,0x000000415e600000) (1024K)]
  0x000002337f03ce20 WorkerThread "GC Thread#6"                     [id=33904, stack(0x000000415e600000,0x000000415e700000) (1024K)]
  0x000002337f03dce0 WorkerThread "GC Thread#7"                     [id=24132, stack(0x000000415ea00000,0x000000415eb00000) (1024K)]
  0x000002337f03c310 WorkerThread "GC Thread#8"                     [id=20560, stack(0x000000415ee00000,0x000000415ef00000) (1024K)]
  0x000002337f03d930 WorkerThread "GC Thread#9"                     [id=26928, stack(0x000000415ef00000,0x000000415f000000) (1024K)]
Total: 12

Threads with active compile tasks:
C2 CompilerThread0  26046 4462       4       java.lang.AbstractStringBuilder::append (60 bytes)
C2 CompilerThread1  26046 4312   !   4       org.eclipse.osgi.internal.loader.classpath.ClasspathManager::findClassImpl (328 bytes)
C2 CompilerThread2  26046 4266       4       org.eclipse.osgi.internal.serviceregistry.ServiceRegistry::notifyHooksPrivileged (57 bytes)
Total: 3

VM state: not at safepoint (normal execution)

VM Mutex/Monitor currently owned by a thread: None

Heap address: 0x0000000080000000, size: 2048 MB, Compressed Oops mode: 32-bit

CDS archive(s) mapped at: [0x0000023313000000-0x0000023313ba0000-0x0000023313ba0000), size 12189696, SharedBaseAddress: 0x0000023313000000, ArchiveRelocationMode: 1.
Compressed class space mapped at: 0x0000023314000000-0x0000023354000000, reserved size: 1073741824
Narrow klass base: 0x0000023313000000, Narrow klass shift: 0, Narrow klass range: 0x100000000

GC Precious Log:
 CardTable entry size: 512
 CPUs: 12 total, 12 available
 Memory: 11995M
 Large Page Support: Disabled
 NUMA Support: Disabled
 Compressed Oops: Enabled (32-bit)
 Alignments: Space 512K, Generation 512K, Heap 2M
 Heap Min Capacity: 100M
 Heap Initial Capacity: 100M
 Heap Max Capacity: 2G
 Pre-touch: Disabled
 Parallel Workers: 10

Heap:
 PSYoungGen      total 24576K, used 3342K [0x00000000d5580000, 0x00000000d7200000, 0x0000000100000000)
  eden space 22528K, 7% used [0x00000000d5580000,0x00000000d573fac0,0x00000000d6b80000)
  from space 2048K, 75% used [0x00000000d6e80000,0x00000000d7003d78,0x00000000d7080000)
  to   space 1536K, 0% used [0x00000000d7080000,0x00000000d7080000,0x00000000d7200000)
 ParOldGen       total 68608K, used 16797K [0x0000000080000000, 0x0000000084300000, 0x00000000d5580000)
  object space 68608K, 24% used [0x0000000080000000,0x00000000810676d8,0x0000000084300000)
 Metaspace       used 31631K, committed 32704K, reserved 1114112K
  class space    used 3204K, committed 3648K, reserved 1048576K

Card table byte_map: [0x000002337bd00000,0x000002337c110000] _byte_map_base: 0x000002337b900000

Marking Bits: (ParMarkBitMap*) 0x00007ff8df034460
 Begin Bits: [0x000002330f000000, 0x0000023311000000)
 End Bits:   [0x0000023311000000, 0x0000023313000000)

Polling page: 0x00000233770c0000

Metaspace:

Usage:
  Non-class:     27.76 MB used.
      Class:      3.13 MB used.
       Both:     30.89 MB used.

Virtual space:
  Non-class space:       64.00 MB reserved,      28.38 MB ( 44%) committed,  1 nodes.
      Class space:        1.00 GB reserved,       3.56 MB ( <1%) committed,  1 nodes.
             Both:        1.06 GB reserved,      31.94 MB (  3%) committed. 

Chunk freelists:
   Non-Class:  3.31 MB
       Class:  12.48 MB
        Both:  15.79 MB

MaxMetaspaceSize: unlimited
CompressedClassSpaceSize: 1.00 GB
Initial GC threshold: 21.00 MB
Current GC threshold: 35.00 MB
CDS: on
 - commit_granule_bytes: 65536.
 - commit_granule_words: 8192.
 - virtual_space_node_default_size: 8388608.
 - enlarge_chunks_in_place: 1.
 - use_allocation_guard: 0.


Internal statistics:

num_allocs_failed_limit: 3.
num_arena_births: 862.
num_arena_deaths: 14.
num_vsnodes_births: 2.
num_vsnodes_deaths: 0.
num_space_committed: 511.
num_space_uncommitted: 0.
num_chunks_returned_to_freelist: 17.
num_chunks_taken_from_freelist: 2188.
num_chunk_merges: 9.
num_chunk_splits: 1396.
num_chunks_enlarged: 825.
num_inconsistent_stats: 0.

CodeHeap 'non-profiled nmethods': size=120000Kb used=2066Kb max_used=2066Kb free=117933Kb
 bounds [0x0000023307ad0000, 0x0000023307d40000, 0x000002330f000000]
CodeHeap 'profiled nmethods': size=120000Kb used=9273Kb max_used=9273Kb free=110726Kb
 bounds [0x0000023300000000, 0x0000023300910000, 0x0000023307530000]
CodeHeap 'non-nmethods': size=5760Kb used=1343Kb max_used=1379Kb free=4416Kb
 bounds [0x0000023307530000, 0x00000233077a0000, 0x0000023307ad0000]
CodeCache: size=245760Kb, used=12682Kb, max_used=12718Kb, free=233075Kb
 total_blobs=5095, nmethods=4457, adapters=544, full_count=0
Compilation: enabled, stopped_count=0, restarted_count=0

Compilation events (20 events):
Event: 24.975 Thread 0x000002337de3b040 nmethod 4445 0x0000023307cd1c10 code [0x0000023307cd1da0, 0x0000023307cd1e28]
Event: 24.977 Thread 0x000002337de3b040 4446       4       org.eclipse.osgi.internal.loader.BundleLoader::getProviderLoader (77 bytes)
Event: 24.985 Thread 0x000002337de3b7a0 4447   !   3       org.eclipse.osgi.internal.serviceregistry.ServiceRegistrationImpl::getReferenceImpl (57 bytes)
Event: 24.986 Thread 0x000002337de3b7a0 nmethod 4447 0x0000023300903190 code [0x0000023300903400, 0x0000023300903d98]
Event: 24.986 Thread 0x000002337de3b7a0 4453       3       java.util.stream.AbstractPipeline::copyIntoWithCancel (46 bytes)
Event: 24.986 Thread 0x000002337de3b7a0 nmethod 4453 0x0000023300904310 code [0x0000023300904500, 0x00000233009049f8]
Event: 24.986 Thread 0x000002337de3b7a0 4448   !   3       java.lang.Class::getEnumConstantsShared (71 bytes)
Event: 24.988 Thread 0x000002337de3b7a0 nmethod 4448 0x0000023300904b90 code [0x0000023300904ee0, 0x0000023300906280]
Event: 24.988 Thread 0x000002337de3b7a0 4449       3       java.util.stream.ReferencePipeline::map (26 bytes)
Event: 24.989 Thread 0x000002337de3b7a0 nmethod 4449 0x0000023300906b10 code [0x0000023300906d00, 0x0000023300907190]
Event: 24.989 Thread 0x000002337de3b7a0 4450       3       java.util.stream.ReferencePipeline$3::<init> (15 bytes)
Event: 24.989 Thread 0x000002337de3b7a0 nmethod 4450 0x0000023300907390 code [0x0000023300907540, 0x0000023300907780]
Event: 24.989 Thread 0x000002337de3b7a0 4451       3       java.util.stream.ReferencePipeline$3::opWrapSink (10 bytes)
Event: 24.990 Thread 0x000002337de3b7a0 nmethod 4451 0x0000023300907910 code [0x0000023300907b00, 0x0000023300908028]
Event: 24.990 Thread 0x000002337de3b7a0 4452       3       java.util.stream.ReferencePipeline$3$1::<init> (11 bytes)
Event: 24.991 Thread 0x000002337de3b7a0 nmethod 4452 0x0000023300908210 code [0x00000233009083e0, 0x0000023300908848]
Event: 24.996 Thread 0x000002337de3b040 nmethod 4446 0x0000023307cd1f10 code [0x0000023307cd21a0, 0x0000023307cd2df0]
Event: 24.997 Thread 0x000002337de3b040 4454       4       java.util.concurrent.locks.ReentrantLock$Sync::isHeldExclusively (16 bytes)
Event: 24.998 Thread 0x000002337de3b040 nmethod 4454 0x0000023307cd3a10 code [0x0000023307cd3ba0, 0x0000023307cd3c48]
Event: 25.000 Thread 0x000002337de3b7a0 4455   !   3       java.lang.invoke.InnerClassLambdaMetafactory::generateInnerClass (506 bytes)

GC Heap History (20 events):
Event: 8.347 GC heap before
{Heap before GC invocations=3 (full 0):
 PSYoungGen      total 29696K, used 29664K [0x00000000d5580000, 0x00000000d7680000, 0x0000000100000000)
  eden space 25600K, 100% used [0x00000000d5580000,0x00000000d6e80000,0x00000000d6e80000)
  from space 4096K, 99% used [0x00000000d7280000,0x00000000d7678138,0x00000000d7680000)
  to   space 4096K, 0% used [0x00000000d6e80000,0x00000000d6e80000,0x00000000d7280000)
 ParOldGen       total 68608K, used 2047K [0x0000000080000000, 0x0000000084300000, 0x00000000d5580000)
  object space 68608K, 2% used [0x0000000080000000,0x00000000801ffc98,0x0000000084300000)
 Metaspace       used 9425K, committed 9728K, reserved 1114112K
  class space    used 1007K, committed 1152K, reserved 1048576K
}
Event: 8.351 GC heap after
{Heap after GC invocations=3 (full 0):
 PSYoungGen      total 29696K, used 4072K [0x00000000d5580000, 0x00000000d7680000, 0x0000000100000000)
  eden space 25600K, 0% used [0x00000000d5580000,0x00000000d5580000,0x00000000d6e80000)
  from space 4096K, 99% used [0x00000000d6e80000,0x00000000d727a2c0,0x00000000d7280000)
  to   space 4096K, 0% used [0x00000000d7280000,0x00000000d7280000,0x00000000d7680000)
 ParOldGen       total 68608K, used 5397K [0x0000000080000000, 0x0000000084300000, 0x00000000d5580000)
  object space 68608K, 7% used [0x0000000080000000,0x0000000080545540,0x0000000084300000)
 Metaspace       used 9425K, committed 9728K, reserved 1114112K
  class space    used 1007K, committed 1152K, reserved 1048576K
}
Event: 11.367 GC heap before
{Heap before GC invocations=4 (full 0):
 PSYoungGen      total 29696K, used 29672K [0x00000000d5580000, 0x00000000d7680000, 0x0000000100000000)
  eden space 25600K, 100% used [0x00000000d5580000,0x00000000d6e80000,0x00000000d6e80000)
  from space 4096K, 99% used [0x00000000d6e80000,0x00000000d727a2c0,0x00000000d7280000)
  to   space 4096K, 0% used [0x00000000d7280000,0x00000000d7280000,0x00000000d7680000)
 ParOldGen       total 68608K, used 5397K [0x0000000080000000, 0x0000000084300000, 0x00000000d5580000)
  object space 68608K, 7% used [0x0000000080000000,0x0000000080545540,0x0000000084300000)
 Metaspace       used 11658K, committed 12032K, reserved 1114112K
  class space    used 1240K, committed 1408K, reserved 1048576K
}
Event: 11.371 GC heap after
{Heap after GC invocations=4 (full 0):
 PSYoungGen      total 29696K, used 4094K [0x00000000d5580000, 0x00000000d7680000, 0x0000000100000000)
  eden space 25600K, 0% used [0x00000000d5580000,0x00000000d5580000,0x00000000d6e80000)
  from space 4096K, 99% used [0x00000000d7280000,0x00000000d767fb68,0x00000000d7680000)
  to   space 4096K, 0% used [0x00000000d6e80000,0x00000000d6e80000,0x00000000d7280000)
 ParOldGen       total 68608K, used 6797K [0x0000000080000000, 0x0000000084300000, 0x00000000d5580000)
  object space 68608K, 9% used [0x0000000080000000,0x00000000806a36b0,0x0000000084300000)
 Metaspace       used 11658K, committed 12032K, reserved 1114112K
  class space    used 1240K, committed 1408K, reserved 1048576K
}
Event: 12.508 GC heap before
{Heap before GC invocations=5 (full 0):
 PSYoungGen      total 29696K, used 29694K [0x00000000d5580000, 0x00000000d7680000, 0x0000000100000000)
  eden space 25600K, 100% used [0x00000000d5580000,0x00000000d6e80000,0x00000000d6e80000)
  from space 4096K, 99% used [0x00000000d7280000,0x00000000d767fb68,0x00000000d7680000)
  to   space 4096K, 0% used [0x00000000d6e80000,0x00000000d6e80000,0x00000000d7280000)
 ParOldGen       total 68608K, used 6797K [0x0000000080000000, 0x0000000084300000, 0x00000000d5580000)
  object space 68608K, 9% used [0x0000000080000000,0x00000000806a36b0,0x0000000084300000)
 Metaspace       used 15634K, committed 16320K, reserved 1114112K
  class space    used 1631K, committed 1920K, reserved 1048576K
}
Event: 12.511 GC heap after
{Heap after GC invocations=5 (full 0):
 PSYoungGen      total 29184K, used 4094K [0x00000000d5580000, 0x00000000d7900000, 0x0000000100000000)
  eden space 25088K, 0% used [0x00000000d5580000,0x00000000d5580000,0x00000000d6e00000)
  from space 4096K, 99% used [0x00000000d6e80000,0x00000000d727fa40,0x00000000d7280000)
  to   space 5632K, 0% used [0x00000000d7380000,0x00000000d7380000,0x00000000d7900000)
 ParOldGen       total 68608K, used 7805K [0x0000000080000000, 0x0000000084300000, 0x00000000d5580000)
  object space 68608K, 11% used [0x0000000080000000,0x000000008079f6d0,0x0000000084300000)
 Metaspace       used 15634K, committed 16320K, reserved 1114112K
  class space    used 1631K, committed 1920K, reserved 1048576K
}
Event: 22.535 GC heap before
{Heap before GC invocations=6 (full 0):
 PSYoungGen      total 29184K, used 29182K [0x00000000d5580000, 0x00000000d7900000, 0x0000000100000000)
  eden space 25088K, 100% used [0x00000000d5580000,0x00000000d6e00000,0x00000000d6e00000)
  from space 4096K, 99% used [0x00000000d6e80000,0x00000000d727fa40,0x00000000d7280000)
  to   space 5632K, 0% used [0x00000000d7380000,0x00000000d7380000,0x00000000d7900000)
 ParOldGen       total 68608K, used 7805K [0x0000000080000000, 0x0000000084300000, 0x00000000d5580000)
  object space 68608K, 11% used [0x0000000080000000,0x000000008079f6d0,0x0000000084300000)
 Metaspace       used 18706K, committed 19456K, reserved 1114112K
  class space    used 1971K, committed 2240K, reserved 1048576K
}
Event: 22.538 GC heap after
{Heap after GC invocations=6 (full 0):
 PSYoungGen      total 29696K, used 4973K [0x00000000d5580000, 0x00000000d7880000, 0x0000000100000000)
  eden space 24576K, 0% used [0x00000000d5580000,0x00000000d5580000,0x00000000d6d80000)
  from space 5120K, 97% used [0x00000000d7380000,0x00000000d785b4b8,0x00000000d7880000)
  to   space 5120K, 0% used [0x00000000d6e80000,0x00000000d6e80000,0x00000000d7380000)
 ParOldGen       total 68608K, used 7813K [0x0000000080000000, 0x0000000084300000, 0x00000000d5580000)
  object space 68608K, 11% used [0x0000000080000000,0x00000000807a16d0,0x0000000084300000)
 Metaspace       used 18706K, committed 19456K, reserved 1114112K
  class space    used 1971K, committed 2240K, reserved 1048576K
}
Event: 22.925 GC heap before
{Heap before GC invocations=7 (full 0):
 PSYoungGen      total 29696K, used 25211K [0x00000000d5580000, 0x00000000d7880000, 0x0000000100000000)
  eden space 24576K, 82% used [0x00000000d5580000,0x00000000d69437d0,0x00000000d6d80000)
  from space 5120K, 97% used [0x00000000d7380000,0x00000000d785b4b8,0x00000000d7880000)
  to   space 5120K, 0% used [0x00000000d6e80000,0x00000000d6e80000,0x00000000d7380000)
 ParOldGen       total 68608K, used 7813K [0x0000000080000000, 0x0000000084300000, 0x00000000d5580000)
  object space 68608K, 11% used [0x0000000080000000,0x00000000807a16d0,0x0000000084300000)
 Metaspace       used 20644K, committed 21504K, reserved 1114112K
  class space    used 2210K, committed 2560K, reserved 1048576K
}
Event: 22.929 GC heap after
{Heap after GC invocations=7 (full 0):
 PSYoungGen      total 29184K, used 4407K [0x00000000d5580000, 0x00000000d7780000, 0x0000000100000000)
  eden space 24576K, 0% used [0x00000000d5580000,0x00000000d5580000,0x00000000d6d80000)
  from space 4608K, 95% used [0x00000000d6e80000,0x00000000d72cde70,0x00000000d7300000)
  to   space 4608K, 0% used [0x00000000d7300000,0x00000000d7300000,0x00000000d7780000)
 ParOldGen       total 68608K, used 9580K [0x0000000080000000, 0x0000000084300000, 0x00000000d5580000)
  object space 68608K, 13% used [0x0000000080000000,0x000000008095b3a0,0x0000000084300000)
 Metaspace       used 20644K, committed 21504K, reserved 1114112K
  class space    used 2210K, committed 2560K, reserved 1048576K
}
Event: 22.929 GC heap before
{Heap before GC invocations=8 (full 1):
 PSYoungGen      total 29184K, used 4407K [0x00000000d5580000, 0x00000000d7780000, 0x0000000100000000)
  eden space 24576K, 0% used [0x00000000d5580000,0x00000000d5580000,0x00000000d6d80000)
  from space 4608K, 95% used [0x00000000d6e80000,0x00000000d72cde70,0x00000000d7300000)
  to   space 4608K, 0% used [0x00000000d7300000,0x00000000d7300000,0x00000000d7780000)
 ParOldGen       total 68608K, used 9580K [0x0000000080000000, 0x0000000084300000, 0x00000000d5580000)
  object space 68608K, 13% used [0x0000000080000000,0x000000008095b3a0,0x0000000084300000)
 Metaspace       used 20644K, committed 21504K, reserved 1114112K
  class space    used 2210K, committed 2560K, reserved 1048576K
}
Event: 22.953 GC heap after
{Heap after GC invocations=8 (full 1):
 PSYoungGen      total 29184K, used 0K [0x00000000d5580000, 0x00000000d7780000, 0x0000000100000000)
  eden space 24576K, 0% used [0x00000000d5580000,0x00000000d5580000,0x00000000d6d80000)
  from space 4608K, 0% used [0x00000000d6e80000,0x00000000d6e80000,0x00000000d7300000)
  to   space 4608K, 0% used [0x00000000d7300000,0x00000000d7300000,0x00000000d7780000)
 ParOldGen       total 68608K, used 13324K [0x0000000080000000, 0x0000000084300000, 0x00000000d5580000)
  object space 68608K, 19% used [0x0000000080000000,0x0000000080d033a0,0x0000000084300000)
 Metaspace       used 20631K, committed 21504K, reserved 1114112K
  class space    used 2207K, committed 2560K, reserved 1048576K
}
Event: 23.170 GC heap before
{Heap before GC invocations=9 (full 1):
 PSYoungGen      total 29184K, used 24576K [0x00000000d5580000, 0x00000000d7780000, 0x0000000100000000)
  eden space 24576K, 100% used [0x00000000d5580000,0x00000000d6d80000,0x00000000d6d80000)
  from space 4608K, 0% used [0x00000000d6e80000,0x00000000d6e80000,0x00000000d7300000)
  to   space 4608K, 0% used [0x00000000d7300000,0x00000000d7300000,0x00000000d7780000)
 ParOldGen       total 68608K, used 13324K [0x0000000080000000, 0x0000000084300000, 0x00000000d5580000)
  object space 68608K, 19% used [0x0000000080000000,0x0000000080d033a0,0x0000000084300000)
 Metaspace       used 22737K, committed 23616K, reserved 1114112K
  class space    used 2390K, committed 2752K, reserved 1048576K
}
Event: 23.171 GC heap after
{Heap after GC invocations=9 (full 1):
 PSYoungGen      total 25600K, used 1062K [0x00000000d5580000, 0x00000000d7480000, 0x0000000100000000)
  eden space 24064K, 0% used [0x00000000d5580000,0x00000000d5580000,0x00000000d6d00000)
  from space 1536K, 69% used [0x00000000d7300000,0x00000000d7409890,0x00000000d7480000)
  to   space 2560K, 0% used [0x00000000d6f80000,0x00000000d6f80000,0x00000000d7200000)
 ParOldGen       total 68608K, used 13332K [0x0000000080000000, 0x0000000084300000, 0x00000000d5580000)
  object space 68608K, 19% used [0x0000000080000000,0x0000000080d053a0,0x0000000084300000)
 Metaspace       used 22737K, committed 23616K, reserved 1114112K
  class space    used 2390K, committed 2752K, reserved 1048576K
}
Event: 23.409 GC heap before
{Heap before GC invocations=10 (full 1):
 PSYoungGen      total 25600K, used 25126K [0x00000000d5580000, 0x00000000d7480000, 0x0000000100000000)
  eden space 24064K, 100% used [0x00000000d5580000,0x00000000d6d00000,0x00000000d6d00000)
  from space 1536K, 69% used [0x00000000d7300000,0x00000000d7409890,0x00000000d7480000)
  to   space 2560K, 0% used [0x00000000d6f80000,0x00000000d6f80000,0x00000000d7200000)
 ParOldGen       total 68608K, used 13332K [0x0000000080000000, 0x0000000084300000, 0x00000000d5580000)
  object space 68608K, 19% used [0x0000000080000000,0x0000000080d053a0,0x0000000084300000)
 Metaspace       used 26385K, committed 27328K, reserved 1114112K
  class space    used 2659K, committed 3008K, reserved 1048576K
}
Event: 23.410 GC heap after
{Heap after GC invocations=10 (full 1):
 PSYoungGen      total 25600K, used 1536K [0x00000000d5580000, 0x00000000d7380000, 0x0000000100000000)
  eden space 23552K, 0% used [0x00000000d5580000,0x00000000d5580000,0x00000000d6c80000)
  from space 2048K, 75% used [0x00000000d6f80000,0x00000000d7100228,0x00000000d7180000)
  to   space 2048K, 0% used [0x00000000d7180000,0x00000000d7180000,0x00000000d7380000)
 ParOldGen       total 68608K, used 13340K [0x0000000080000000, 0x0000000084300000, 0x00000000d5580000)
  object space 68608K, 19% used [0x0000000080000000,0x0000000080d073a0,0x0000000084300000)
 Metaspace       used 26385K, committed 27328K, reserved 1114112K
  class space    used 2659K, committed 3008K, reserved 1048576K
}
Event: 23.600 GC heap before
{Heap before GC invocations=11 (full 1):
 PSYoungGen      total 25600K, used 25088K [0x00000000d5580000, 0x00000000d7380000, 0x0000000100000000)
  eden space 23552K, 100% used [0x00000000d5580000,0x00000000d6c80000,0x00000000d6c80000)
  from space 2048K, 75% used [0x00000000d6f80000,0x00000000d7100228,0x00000000d7180000)
  to   space 2048K, 0% used [0x00000000d7180000,0x00000000d7180000,0x00000000d7380000)
 ParOldGen       total 68608K, used 13340K [0x0000000080000000, 0x0000000084300000, 0x00000000d5580000)
  object space 68608K, 19% used [0x0000000080000000,0x0000000080d073a0,0x0000000084300000)
 Metaspace       used 28075K, committed 29056K, reserved 1114112K
  class space    used 2783K, committed 3136K, reserved 1048576K
}
Event: 23.602 GC heap after
{Heap after GC invocations=11 (full 1):
 PSYoungGen      total 25088K, used 2043K [0x00000000d5580000, 0x00000000d7380000, 0x0000000100000000)
  eden space 23040K, 0% used [0x00000000d5580000,0x00000000d5580000,0x00000000d6c00000)
  from space 2048K, 99% used [0x00000000d7180000,0x00000000d737eda0,0x00000000d7380000)
  to   space 2560K, 0% used [0x00000000d6e80000,0x00000000d6e80000,0x00000000d7100000)
 ParOldGen       total 68608K, used 14999K [0x0000000080000000, 0x0000000084300000, 0x00000000d5580000)
  object space 68608K, 21% used [0x0000000080000000,0x0000000080ea5f68,0x0000000084300000)
 Metaspace       used 28075K, committed 29056K, reserved 1114112K
  class space    used 2783K, committed 3136K, reserved 1048576K
}
Event: 24.992 GC heap before
{Heap before GC invocations=12 (full 1):
 PSYoungGen      total 25088K, used 25083K [0x00000000d5580000, 0x00000000d7380000, 0x0000000100000000)
  eden space 23040K, 100% used [0x00000000d5580000,0x00000000d6c00000,0x00000000d6c00000)
  from space 2048K, 99% used [0x00000000d7180000,0x00000000d737eda0,0x00000000d7380000)
  to   space 2560K, 0% used [0x00000000d6e80000,0x00000000d6e80000,0x00000000d7100000)
 ParOldGen       total 68608K, used 14999K [0x0000000080000000, 0x0000000084300000, 0x00000000d5580000)
  object space 68608K, 21% used [0x0000000080000000,0x0000000080ea5f68,0x0000000084300000)
 Metaspace       used 31382K, committed 32384K, reserved 1114112K
  class space    used 3165K, committed 3520K, reserved 1048576K
}
Event: 24.995 GC heap after
{Heap after GC invocations=12 (full 1):
 PSYoungGen      total 24576K, used 1551K [0x00000000d5580000, 0x00000000d7200000, 0x0000000100000000)
  eden space 22528K, 0% used [0x00000000d5580000,0x00000000d5580000,0x00000000d6b80000)
  from space 2048K, 75% used [0x00000000d6e80000,0x00000000d7003d78,0x00000000d7080000)
  to   space 1536K, 0% used [0x00000000d7080000,0x00000000d7080000,0x00000000d7200000)
 ParOldGen       total 68608K, used 16797K [0x0000000080000000, 0x0000000084300000, 0x00000000d5580000)
  object space 68608K, 24% used [0x0000000080000000,0x00000000810676d8,0x0000000084300000)
 Metaspace       used 31382K, committed 32384K, reserved 1114112K
  class space    used 3165K, committed 3520K, reserved 1048576K
}

Dll operation events (10 events):
Event: 0.441 Loaded shared library c:\Users\LOQ\.vscode\extensions\redhat.java-1.55.0-win32-x64\jre\21.0.11-win32-x86_64\bin\java.dll
Event: 1.618 Loaded shared library c:\Users\LOQ\.vscode\extensions\redhat.java-1.55.0-win32-x64\jre\21.0.11-win32-x86_64\bin\zip.dll
Event: 2.177 Loaded shared library C:\Users\LOQ\.vscode\extensions\redhat.java-1.55.0-win32-x64\jre\21.0.11-win32-x86_64\bin\instrument.dll
Event: 2.296 Loaded shared library C:\Users\LOQ\.vscode\extensions\redhat.java-1.55.0-win32-x64\jre\21.0.11-win32-x86_64\bin\net.dll
Event: 2.305 Loaded shared library C:\Users\LOQ\.vscode\extensions\redhat.java-1.55.0-win32-x64\jre\21.0.11-win32-x86_64\bin\nio.dll
Event: 2.314 Loaded shared library C:\Users\LOQ\.vscode\extensions\redhat.java-1.55.0-win32-x64\jre\21.0.11-win32-x86_64\bin\zip.dll
Event: 2.346 Loaded shared library C:\Users\LOQ\.vscode\extensions\redhat.java-1.55.0-win32-x64\jre\21.0.11-win32-x86_64\bin\jimage.dll
Event: 2.439 Loaded shared library c:\Users\LOQ\.vscode\extensions\redhat.java-1.55.0-win32-x64\jre\21.0.11-win32-x86_64\bin\verify.dll
Event: 7.821 Loaded shared library C:\Users\LOQ\AppData\Roaming\Code\User\globalStorage\redhat.java\1.55.0\config_win\org.eclipse.equinox.launcher\org.eclipse.equinox.launcher.win32.win32.x86_64_1.3.100.v20260613-0559\eclipse_11924.dll
Event: 19.507 Loaded shared library C:\Users\LOQ\AppData\Local\Temp\jna-75566\jna2079610204310505229.dll

Deoptimization events (20 events):
Event: 24.720 Thread 0x000002337f54db90 Uncommon trap: trap_request=0xffffffde fr.pc=0x0000023307b4ac34 relative=0x00000000000005f4
Event: 24.720 Thread 0x000002337f54db90 Uncommon trap: reason=class_check action=maybe_recompile pc=0x0000023307b4ac34 method=java.io.BufferedInputStream.implRead([BII)I @ 100 c2
Event: 24.720 Thread 0x000002337f54db90 DEOPT PACKING pc=0x0000023307b4ac34 sp=0x000000415f3fe5b0
Event: 24.720 Thread 0x000002337f54db90 DEOPT UNPACKING pc=0x0000023307583aa2 sp=0x000000415f3fe588 mode 2
Event: 24.795 Thread 0x000002337f24c430 Uncommon trap: trap_request=0xffffff45 fr.pc=0x0000023307c137a8 relative=0x0000000000000ba8
Event: 24.795 Thread 0x000002337f24c430 Uncommon trap: reason=unstable_if action=reinterpret pc=0x0000023307c137a8 method=java.util.concurrent.ConcurrentHashMap.transfer([Ljava/util/concurrent/ConcurrentHashMap$Node;[Ljava/util/concurrent/ConcurrentHashMap$Node;)V @ 26 c2
Event: 24.795 Thread 0x000002337f24c430 DEOPT PACKING pc=0x0000023307c137a8 sp=0x000000415ebfd160
Event: 24.795 Thread 0x000002337f24c430 DEOPT UNPACKING pc=0x0000023307583aa2 sp=0x000000415ebfd0c0 mode 2
Event: 24.960 Thread 0x000002337f24c430 Uncommon trap: trap_request=0xffffff45 fr.pc=0x0000023307c7bf8c relative=0x00000000000001ec
Event: 24.960 Thread 0x000002337f24c430 Uncommon trap: reason=unstable_if action=reinterpret pc=0x0000023307c7bf8c method=java.lang.AbstractStringBuilder.appendChars([CII)V @ 43 c2
Event: 24.960 Thread 0x000002337f24c430 DEOPT PACKING pc=0x0000023307c7bf8c sp=0x000000415ebfe0c0
Event: 24.960 Thread 0x000002337f24c430 DEOPT UNPACKING pc=0x0000023307583aa2 sp=0x000000415ebfe038 mode 2
Event: 24.960 Thread 0x000002337f24c430 Uncommon trap: trap_request=0xffffff45 fr.pc=0x0000023307ccccb4 relative=0x00000000000004b4
Event: 24.960 Thread 0x000002337f24c430 Uncommon trap: reason=unstable_if action=reinterpret pc=0x0000023307ccccb4 method=java.lang.String.getBytes([BIB)V @ 5 c2
Event: 24.960 Thread 0x000002337f24c430 DEOPT PACKING pc=0x0000023307ccccb4 sp=0x000000415ebfe070
Event: 24.960 Thread 0x000002337f24c430 DEOPT UNPACKING pc=0x0000023307583aa2 sp=0x000000415ebfdf68 mode 2
Event: 25.001 Thread 0x000002337f24c430 Uncommon trap: trap_request=0xffffff45 fr.pc=0x0000023307b32ec4 relative=0x0000000000000124
Event: 25.001 Thread 0x000002337f24c430 Uncommon trap: reason=unstable_if action=reinterpret pc=0x0000023307b32ec4 method=jdk.internal.org.objectweb.asm.SymbolTable.put(Ljdk/internal/org/objectweb/asm/SymbolTable$Entry;)Ljdk/internal/org/objectweb/asm/SymbolTable$Entry; @ 13 c2
Event: 25.001 Thread 0x000002337f24c430 DEOPT PACKING pc=0x0000023307b32ec4 sp=0x000000415ebfbde0
Event: 25.001 Thread 0x000002337f24c430 DEOPT UNPACKING pc=0x0000023307583aa2 sp=0x000000415ebfbd40 mode 2

Classes loaded (20 events):
Event: 24.997 Loading class sun/reflect/generics/repository/AbstractRepository
Event: 24.997 Loading class sun/reflect/generics/repository/AbstractRepository done
Event: 24.997 Loading class sun/reflect/generics/repository/GenericDeclRepository done
Event: 24.997 Loading class sun/reflect/generics/repository/ClassRepository done
Event: 24.997 Loading class sun/reflect/generics/tree/FormalTypeParameter
Event: 24.997 Loading class sun/reflect/generics/tree/FormalTypeParameter done
Event: 24.998 Loading class sun/reflect/generics/tree/ClassSignature
Event: 24.998 Loading class sun/reflect/generics/tree/Signature
Event: 24.998 Loading class sun/reflect/generics/tree/Signature done
Event: 24.998 Loading class sun/reflect/generics/tree/ClassSignature done
Event: 24.998 Loading class sun/reflect/annotation/TypeAnnotation$TypeAnnotationTarget
Event: 24.998 Loading class sun/reflect/annotation/TypeAnnotation$TypeAnnotationTarget done
Event: 24.998 Loading class sun/reflect/annotation/TypeAnnotation$LocationInfo
Event: 24.998 Loading class sun/reflect/annotation/TypeAnnotation$LocationInfo done
Event: 24.998 Loading class sun/reflect/annotation/TypeAnnotation$LocationInfo$Location
Event: 24.998 Loading class sun/reflect/annotation/TypeAnnotation$LocationInfo$Location done
Event: 24.998 Loading class sun/reflect/annotation/AnnotatedTypeFactory
Event: 24.999 Loading class sun/reflect/annotation/AnnotatedTypeFactory done
Event: 24.999 Loading class sun/reflect/annotation/AnnotatedTypeFactory$AnnotatedTypeBaseImpl
Event: 24.999 Loading class sun/reflect/annotation/AnnotatedTypeFactory$AnnotatedTypeBaseImpl done

Classes unloaded (7 events):
Event: 22.934 Thread 0x000002337c9a40c0 Unloading class 0x00000233141af400 'java/lang/invoke/LambdaForm$MH+0x00000233141af400'
Event: 22.934 Thread 0x000002337c9a40c0 Unloading class 0x00000233141af000 'java/lang/invoke/LambdaForm$MH+0x00000233141af000'
Event: 22.934 Thread 0x000002337c9a40c0 Unloading class 0x00000233141aec00 'java/lang/invoke/LambdaForm$MH+0x00000233141aec00'
Event: 22.934 Thread 0x000002337c9a40c0 Unloading class 0x00000233141ae800 'java/lang/invoke/LambdaForm$MH+0x00000233141ae800'
Event: 22.934 Thread 0x000002337c9a40c0 Unloading class 0x00000233141ae400 'java/lang/invoke/LambdaForm$BMH+0x00000233141ae400'
Event: 22.934 Thread 0x000002337c9a40c0 Unloading class 0x00000233141ae000 'java/lang/invoke/LambdaForm$DMH+0x00000233141ae000'
Event: 22.934 Thread 0x000002337c9a40c0 Unloading class 0x00000233141acc00 'java/lang/invoke/LambdaForm$DMH+0x00000233141acc00'

Classes redefined (0 events):
No events

Internal exceptions (20 events):
Event: 22.955 Thread 0x000002337f24c430 Exception <a 'java/lang/NoSuchMethodError'{0x00000000d5585d28}: 'java.lang.Object java.lang.invoke.Invokers$Holder.invoke_MT(java.lang.Object, java.lang.Object, java.lang.Object, java.lang.Object, java.lang.Object, java.lang.Object, java.lang.Object, java.lang.Object, java.lang.Object, java.lang.Object)'> (0x00000000d5585d28) 
thrown [s\src\hotspot\share\interpreter\linkResolver.cpp, line 773]
Event: 22.964 Thread 0x000002337f24c430 Exception <a 'java/lang/NoSuchMethodError'{0x00000000d563f558}: 'java.lang.Object java.lang.invoke.DirectMethodHandle$Holder.newInvokeSpecial(java.lang.Object, java.lang.Object, java.lang.Object, java.lang.Object, java.lang.Object, java.lang.Object, java.lang.Object)'> (0x00000000d563f558) 
thrown [s\src\hotspot\share\interpreter\linkResolver.cpp, line 773]
Event: 22.969 Thread 0x000002337f24c430 Exception <a 'java/lang/NoSuchMethodError'{0x00000000d56b6f30}: 'java.lang.Object java.lang.invoke.Invokers$Holder.invoker(java.lang.Object, java.lang.Object, java.lang.Object, java.lang.Object, java.lang.Object, java.lang.Object, java.lang.Object, java.lang.Object, java.lang.Object, java.lang.Object, java.lang.Object, java.lang.Object, java.lang.Object)'> (0x00000000d56b6f30) 
thrown [s\src\hotspot\share\interpreter\linkResolver.cpp, line 773]
Event: 22.969 Thread 0x000002337f24c430 Exception <a 'java/lang/NoSuchMethodError'{0x00000000d56c13c8}: 'java.lang.Object java.lang.invoke.DelegatingMethodHandle$Holder.delegate(java.lang.Object, java.lang.Object, java.lang.Object, java.lang.Object, java.lang.Object, java.lang.Object, java.lang.Object, java.lang.Object, java.lang.Object, java.lang.Object, java.lang.Object, java.lang.Object, java.lang.Object)'> (0x00000000d56c13c8) 
thrown [s\src\hotspot\share\interpreter\linkResolver.cpp, line 773]
Event: 22.977 Thread 0x000002337f24c430 Exception <a 'java/lang/NoSuchMethodError'{0x00000000d572d108}: static Lorg/eclipse/m2e/core/internal/lifecyclemapping/model/PluginExecutionMetadata;.<clinit>()V> (0x00000000d572d108) 
thrown [s\src\hotspot\share\prims\jni.cpp, line 1111]
Event: 22.977 Thread 0x000002337f24c430 Implicit null exception at 0x0000023307c25b24 to 0x0000023307c26554
Event: 22.983 Thread 0x000002337f24c430 Exception <a 'java/lang/NoSuchMethodError'{0x00000000d578d3f0}: static Lorg/eclipse/m2e/core/internal/lifecyclemapping/model/PluginExecutionFilter;.<clinit>()V> (0x00000000d578d3f0) 
thrown [s\src\hotspot\share\prims\jni.cpp, line 1111]
Event: 22.985 Thread 0x000002337f24c430 Exception <a 'java/lang/NoSuchMethodError'{0x00000000d57bd0f0}: static Lorg/eclipse/m2e/core/internal/project/registry/MavenProjectFacade$MavenProjectConfiguration;.<clinit>()V> (0x00000000d57bd0f0) 
thrown [s\src\hotspot\share\prims\jni.cpp, line 1111]
Event: 23.068 Thread 0x000002337f24c430 Exception <a 'java/lang/NoSuchMethodError'{0x00000000d5d2d420}: 'double java.lang.invoke.DirectMethodHandle$Holder.invokeStatic(java.lang.Object, java.lang.Object)'> (0x00000000d5d2d420) 
thrown [s\src\hotspot\share\interpreter\linkResolver.cpp, line 773]
Event: 23.068 Thread 0x000002337f24c430 Exception <a 'java/lang/NoSuchMethodError'{0x00000000d5d30ae0}: 'double java.lang.invoke.DirectMethodHandle$Holder.invokeStaticInit(java.lang.Object, java.lang.Object)'> (0x00000000d5d30ae0) 
thrown [s\src\hotspot\share\interpreter\linkResolver.cpp, line 773]
Event: 23.365 Thread 0x000002337f24c430 Implicit null exception at 0x0000023307c8e0f5 to 0x0000023307c8e1d0
Event: 23.454 Thread 0x000002337f24c430 Exception <a 'java/lang/NoSuchMethodError'{0x00000000d6349748}: 'java.lang.Object java.lang.invoke.DirectMethodHandle$Holder.newInvokeSpecial(java.lang.Object, int, java.lang.Object, java.lang.Object)'> (0x00000000d6349748) 
thrown [s\src\hotspot\share\interpreter\linkResolver.cpp, line 773]
Event: 23.456 Thread 0x000002337f24c430 Exception <a 'java/io/FileNotFoundException'{0x00000000d635f598}> (0x00000000d635f598) 
thrown [s\src\hotspot\share\prims\jni.cpp, line 520]
Event: 23.457 Thread 0x000002337f24c430 Exception <a 'java/io/FileNotFoundException'{0x00000000d6360580}> (0x00000000d6360580) 
thrown [s\src\hotspot\share\prims\jni.cpp, line 520]
Event: 23.598 Thread 0x000002337f24c430 Exception <a 'java/lang/ClassNotFoundException'{0x00000000d6c4ccf0}: com/sun/org/apache/xerces/internal/impl/msg/spi/DOMMessagesProvider> (0x00000000d6c4ccf0) 
thrown [s\src\hotspot\share\classfile\systemDictionary.cpp, line 313]
Event: 23.599 Thread 0x000002337f24c430 Exception <a 'java/lang/ClassNotFoundException'{0x00000000d6c5e408}: com/sun/org/apache/xerces/internal/impl/msg/spi/XMLSerializerMessagesProvider> (0x00000000d6c5e408) 
thrown [s\src\hotspot\share\classfile\systemDictionary.cpp, line 313]
Event: 23.600 Thread 0x000002337f24c430 Exception <a 'java/lang/ClassNotFoundException'{0x00000000d6c6b728}: com/sun/org/apache/xerces/internal/impl/msg/spi/XMLMessagesProvider> (0x00000000d6c6b728) 
thrown [s\src\hotspot\share\classfile\systemDictionary.cpp, line 313]
Event: 24.740 Thread 0x000002337f54db90 Exception <a 'java/lang/NoSuchMethodError'{0x00000000d5c8fc88}: 'java.lang.Object java.lang.invoke.DirectMethodHandle$Holder.invokeSpecialIFC(java.lang.Object, java.lang.Object, java.lang.Object, java.lang.Object)'> (0x00000000d5c8fc88) 
thrown [s\src\hotspot\share\interpreter\linkResolver.cpp, line 773]
Event: 24.823 Thread 0x000002337f24c430 Exception <a 'java/lang/ClassNotFoundException'{0x00000000d60b5630}: com/sun/org/apache/xml/internal/serializer/spi/XMLEntitiesProvider> (0x00000000d60b5630) 
thrown [s\src\hotspot\share\classfile\systemDictionary.cpp, line 313]
Event: 24.972 Thread 0x000002337f24c430 Exception <a 'java/io/FileNotFoundException'{0x00000000d6958210}> (0x00000000d6958210) 
thrown [s\src\hotspot\share\prims\jni.cpp, line 520]

ZGC Phase Switch (0 events):
No events

VM Operations (20 events):
Event: 22.886 Executing non-safepoint VM operation: HandshakeAllThreads (Deoptimize) done
Event: 22.925 Executing safepoint VM operation: CollectForMetadataAllocation (Metadata GC Threshold)
Event: 22.953 Executing safepoint VM operation: CollectForMetadataAllocation (Metadata GC Threshold) done
Event: 23.170 Executing safepoint VM operation: ParallelGCFailedAllocation (Allocation Failure)
Event: 23.171 Executing safepoint VM operation: ParallelGCFailedAllocation (Allocation Failure) done
Event: 23.409 Executing safepoint VM operation: ParallelGCFailedAllocation (Allocation Failure)
Event: 23.410 Executing safepoint VM operation: ParallelGCFailedAllocation (Allocation Failure) done
Event: 23.600 Executing safepoint VM operation: ParallelGCFailedAllocation (Allocation Failure)
Event: 23.602 Executing safepoint VM operation: ParallelGCFailedAllocation (Allocation Failure) done
Event: 23.648 Executing non-safepoint VM operation: HandshakeAllThreads (Deoptimize)
Event: 23.648 Executing non-safepoint VM operation: HandshakeAllThreads (Deoptimize) done
Event: 24.648 Executing safepoint VM operation: Cleanup
Event: 24.658 Executing safepoint VM operation: Cleanup done
Event: 24.690 Executing non-safepoint VM operation: HandshakeAllThreads (Deoptimize)
Event: 24.690 Executing non-safepoint VM operation: HandshakeAllThreads (Deoptimize) done
Event: 24.886 Executing non-safepoint VM operation: HandshakeAllThreads (Deoptimize)
Event: 24.886 Executing non-safepoint VM operation: HandshakeAllThreads (Deoptimize) done
Event: 24.992 Executing safepoint VM operation: ParallelGCFailedAllocation (Allocation Failure)
Event: 24.995 Executing safepoint VM operation: ParallelGCFailedAllocation (Allocation Failure) done
Event: 25.998 Executing safepoint VM operation: Cleanup

Memory protections (0 events):
No events

Nmethod flushes (0 events):
No events

Events (20 events):
Event: 8.155 Thread 0x000002337de3b7a0 Thread added: 0x000002337dee5010
Event: 8.159 Thread 0x000002337de3b7a0 Thread added: 0x000002337f3e8350
Event: 8.397 Thread 0x000002337f24c430 Thread added: 0x000002337efde310
Event: 8.479 Thread 0x000002337f3e8350 Thread exited: 0x000002337f3e8350
Event: 8.706 Thread 0x000002337dee5010 Thread exited: 0x000002337dee5010
Event: 10.879 Thread 0x000002337f24c430 Thread added: 0x000002337ef011b0
Event: 11.410 Thread 0x000002337de3b040 Thread added: 0x000002337ee3fde0
Event: 11.410 Thread 0x000002337de3b040 Thread added: 0x00000233580fd9d0
Event: 11.702 Thread 0x000002337f24c430 Thread added: 0x000002337f207230
Event: 12.034 Thread 0x00000233580fd9d0 Thread exited: 0x00000233580fd9d0
Event: 12.034 Thread 0x000002337ee3fde0 Thread exited: 0x000002337ee3fde0
Event: 20.083 Thread 0x000002337f24c430 Thread added: 0x000002337f550980
Event: 20.392 Thread 0x000002337f24c430 Thread added: 0x000002337f54e8b0
Event: 20.409 Thread 0x000002337f24c430 Thread added: 0x000002337f54db90
Event: 20.409 Thread 0x000002337f54e8b0 Thread added: 0x000002337f54f5d0
Event: 23.149 Thread 0x000002337de3b7a0 Thread added: 0x000002335923cfc0
Event: 23.271 Thread 0x000002335923cfc0 Thread exited: 0x000002335923cfc0
Event: 23.478 Thread 0x000002337de3b7a0 Thread added: 0x000002337df159a0
Event: 23.594 Thread 0x000002337de3b7a0 Thread added: 0x000002337f48d610
Event: 23.627 Thread 0x000002337f24c430 Thread added: 0x000002337f54ef40


Dynamic libraries:
0x00007ff68f970000 - 0x00007ff68f97e000 	c:\Users\LOQ\.vscode\extensions\redhat.java-1.55.0-win32-x64\jre\21.0.11-win32-x86_64\bin\java.exe
0x00007ffa385e0000 - 0x00007ffa38846000 	C:\WINDOWS\SYSTEM32\ntdll.dll
0x00007ffa37940000 - 0x00007ffa37a09000 	C:\WINDOWS\System32\KERNEL32.DLL
0x00007ffa35d70000 - 0x00007ffa3616a000 	C:\WINDOWS\System32\KERNELBASE.dll
0x00007ffa35b60000 - 0x00007ffa35cac000 	C:\WINDOWS\System32\ucrtbase.dll
0x00007ff989dd0000 - 0x00007ff989dee000 	c:\Users\LOQ\.vscode\extensions\redhat.java-1.55.0-win32-x64\jre\21.0.11-win32-x86_64\bin\VCRUNTIME140.dll
0x00007ff989db0000 - 0x00007ff989dc8000 	c:\Users\LOQ\.vscode\extensions\redhat.java-1.55.0-win32-x64\jre\21.0.11-win32-x86_64\bin\jli.dll
0x00007ffa37a10000 - 0x00007ffa37bd7000 	C:\WINDOWS\System32\USER32.dll
0x00007ffa359f0000 - 0x00007ffa35a17000 	C:\WINDOWS\System32\win32u.dll
0x00007ffa38340000 - 0x00007ffa3836b000 	C:\WINDOWS\System32\GDI32.dll
0x00007ffa20cd0000 - 0x00007ffa20f62000 	C:\WINDOWS\WinSxS\amd64_microsoft.windows.common-controls_6595b64144ccf1df_6.0.26100.8521_none_3e08b75ce33403b3\COMCTL32.dll
0x00007ffa36170000 - 0x00007ffa3629b000 	C:\WINDOWS\System32\gdi32full.dll
0x00007ffa38430000 - 0x00007ffa384d9000 	C:\WINDOWS\System32\msvcrt.dll
0x00007ffa35ab0000 - 0x00007ffa35b53000 	C:\WINDOWS\System32\msvcp_win.dll
0x00007ffa36640000 - 0x00007ffa36672000 	C:\WINDOWS\System32\IMM32.DLL
0x00007ff9c23d0000 - 0x00007ff9c23dc000 	c:\Users\LOQ\.vscode\extensions\redhat.java-1.55.0-win32-x64\jre\21.0.11-win32-x86_64\bin\vcruntime140_1.dll
0x00007ff931be0000 - 0x00007ff931c6d000 	c:\Users\LOQ\.vscode\extensions\redhat.java-1.55.0-win32-x64\jre\21.0.11-win32-x86_64\bin\msvcp140.dll
0x00007ff8de370000 - 0x00007ff8df112000 	c:\Users\LOQ\.vscode\extensions\redhat.java-1.55.0-win32-x64\jre\21.0.11-win32-x86_64\bin\server\jvm.dll
0x00007ffa37390000 - 0x00007ffa37446000 	C:\WINDOWS\System32\ADVAPI32.dll
0x00007ffa37450000 - 0x00007ffa374fa000 	C:\WINDOWS\System32\sechost.dll
0x00007ffa37e50000 - 0x00007ffa37f68000 	C:\WINDOWS\System32\RPCRT4.dll
0x00007ffa383a0000 - 0x00007ffa38420000 	C:\WINDOWS\System32\WS2_32.dll
0x00007ffa35260000 - 0x00007ffa352be000 	C:\WINDOWS\SYSTEM32\POWRPROF.dll
0x00007ffa2a540000 - 0x00007ffa2a54b000 	C:\WINDOWS\SYSTEM32\VERSION.dll
0x00007ffa278f0000 - 0x00007ffa27926000 	C:\WINDOWS\SYSTEM32\WINMM.dll
0x00007ffa35240000 - 0x00007ffa35254000 	C:\WINDOWS\SYSTEM32\UMPDC.dll
0x00007ffa345d0000 - 0x00007ffa345eb000 	C:\WINDOWS\SYSTEM32\kernel.appcore.dll
0x00007ff9c21d0000 - 0x00007ff9c21da000 	c:\Users\LOQ\.vscode\extensions\redhat.java-1.55.0-win32-x64\jre\21.0.11-win32-x86_64\bin\jimage.dll
0x00007ffa330e0000 - 0x00007ffa33322000 	C:\WINDOWS\SYSTEM32\DBGHELP.DLL
0x00007ffa37f70000 - 0x00007ffa382f3000 	C:\WINDOWS\System32\combase.dll
0x00007ffa36690000 - 0x00007ffa36769000 	C:\WINDOWS\System32\OLEAUT32.dll
0x00007ff9fc530000 - 0x00007ff9fc56b000 	C:\WINDOWS\SYSTEM32\dbgcore.DLL
0x00007ffa362a0000 - 0x00007ffa36348000 	C:\WINDOWS\System32\bcryptPrimitives.dll
0x00007ff9c1c60000 - 0x00007ff9c1c6f000 	c:\Users\LOQ\.vscode\extensions\redhat.java-1.55.0-win32-x64\jre\21.0.11-win32-x86_64\bin\instrument.dll
0x00007ff989d90000 - 0x00007ff989db0000 	c:\Users\LOQ\.vscode\extensions\redhat.java-1.55.0-win32-x64\jre\21.0.11-win32-x86_64\bin\java.dll
0x00007ffa36770000 - 0x00007ffa36ef4000 	C:\WINDOWS\System32\SHELL32.dll
0x00007ffa33410000 - 0x00007ffa33c90000 	C:\WINDOWS\SYSTEM32\windows.storage.dll
0x00007ffa37500000 - 0x00007ffa375f6000 	C:\WINDOWS\System32\SHCORE.dll
0x00007ffa37bf0000 - 0x00007ffa37c57000 	C:\WINDOWS\System32\shlwapi.dll
0x00007ffa35790000 - 0x00007ffa357b9000 	C:\WINDOWS\SYSTEM32\profapi.dll
0x00007ff989bd0000 - 0x00007ff989be8000 	c:\Users\LOQ\.vscode\extensions\redhat.java-1.55.0-win32-x64\jre\21.0.11-win32-x86_64\bin\zip.dll
0x00007ff9bfd90000 - 0x00007ff9bfda0000 	C:\Users\LOQ\.vscode\extensions\redhat.java-1.55.0-win32-x64\jre\21.0.11-win32-x86_64\bin\net.dll
0x00007ffa2af10000 - 0x00007ffa2b039000 	C:\WINDOWS\SYSTEM32\WINHTTP.dll
0x00007ffa34b50000 - 0x00007ffa34bbc000 	C:\WINDOWS\system32\mswsock.dll
0x00007ff9578c0000 - 0x00007ff9578d6000 	C:\Users\LOQ\.vscode\extensions\redhat.java-1.55.0-win32-x64\jre\21.0.11-win32-x86_64\bin\nio.dll
0x00007ff9bf980000 - 0x00007ff9bf990000 	c:\Users\LOQ\.vscode\extensions\redhat.java-1.55.0-win32-x64\jre\21.0.11-win32-x86_64\bin\verify.dll
0x00007ff8ef9c0000 - 0x00007ff8efa05000 	C:\Users\LOQ\AppData\Roaming\Code\User\globalStorage\redhat.java\1.55.0\config_win\org.eclipse.equinox.launcher\org.eclipse.equinox.launcher.win32.win32.x86_64_1.3.100.v20260613-0559\eclipse_11924.dll
0x00007ffa37c60000 - 0x00007ffa37df8000 	C:\WINDOWS\System32\ole32.dll
0x00007ffa34e50000 - 0x00007ffa34e6b000 	C:\WINDOWS\SYSTEM32\CRYPTSP.dll
0x00007ffa34530000 - 0x00007ffa34569000 	C:\WINDOWS\system32\rsaenh.dll
0x00007ffa34c20000 - 0x00007ffa34c53000 	C:\WINDOWS\SYSTEM32\USERENV.dll
0x00007ffa35760000 - 0x00007ffa3578a000 	C:\WINDOWS\SYSTEM32\bcrypt.dll
0x00007ffa34e70000 - 0x00007ffa34e7c000 	C:\WINDOWS\SYSTEM32\CRYPTBASE.dll
0x00007ffa33fa0000 - 0x00007ffa33fd3000 	C:\WINDOWS\SYSTEM32\IPHLPAPI.DLL
0x00007ffa38320000 - 0x00007ffa3832a000 	C:\WINDOWS\System32\NSI.dll
0x00007ff8ed130000 - 0x00007ff8ed179000 	C:\Users\LOQ\AppData\Local\Temp\jna-75566\jna2079610204310505229.dll
0x00007ffa36680000 - 0x00007ffa36688000 	C:\WINDOWS\System32\PSAPI.DLL

JVMTI agents:
c:\Users\LOQ\.vscode\extensions\redhat.java-1.55.0-win32-x64\lombok\lombok-1.18.39-4050.jar path:c:\Users\LOQ\.vscode\extensions\redhat.java-1.55.0-win32-x64\jre\21.0.11-win32-x86_64\bin\instrument.dll, loaded, initialized, instrumentlib options:none

dbghelp: loaded successfully - version: 4.0.5 - missing functions: none
symbol engine: initialized successfully - sym options: 0x614 - pdb path: .;c:\Users\LOQ\.vscode\extensions\redhat.java-1.55.0-win32-x64\jre\21.0.11-win32-x86_64\bin;C:\WINDOWS\SYSTEM32;C:\WINDOWS\WinSxS\amd64_microsoft.windows.common-controls_6595b64144ccf1df_6.0.26100.8521_none_3e08b75ce33403b3;c:\Users\LOQ\.vscode\extensions\redhat.java-1.55.0-win32-x64\jre\21.0.11-win32-x86_64\bin\server;C:\Users\LOQ\AppData\Roaming\Code\User\globalStorage\redhat.java\1.55.0\config_win\org.eclipse.equinox.launcher\org.eclipse.equinox.launcher.win32.win32.x86_64_1.3.100.v20260613-0559;C:\Users\LOQ\AppData\Local\Temp\jna-75566

VM Arguments:
jvm_args: --add-modules=ALL-SYSTEM --add-opens=java.base/java.util=ALL-UNNAMED --add-opens=java.base/java.lang=ALL-UNNAMED --add-opens=java.base/sun.nio.fs=ALL-UNNAMED -Declipse.application=org.eclipse.jdt.ls.core.id1 -Dosgi.bundles.defaultStartLevel=4 -Declipse.product=org.eclipse.jdt.ls.core.product -Djava.import.generatesMetadataFilesAtProjectRoot=false -DDetectVMInstallationsJob.disabled=true -Dfile.encoding=utf8 -XX:+UseParallelGC -XX:GCTimeRatio=4 -XX:AdaptiveSizePolicyWeight=90 -Dsun.zip.disableMemoryMapping=true -Xmx2G -Xms100m -Xlog:disable -javaagent:c:\Users\LOQ\.vscode\extensions\redhat.java-1.55.0-win32-x64\lombok\lombok-1.18.39-4050.jar -XX:+HeapDumpOnOutOfMemoryError -XX:HeapDumpPath=c:\Users\LOQ\AppData\Roaming\Code\User\workspaceStorage\1033c38a4cba7f9e4fd651ac46c29fcd\redhat.java -Daether.dependencyCollector.impl=bf 
java_command: c:\Users\LOQ\.vscode\extensions\redhat.java-1.55.0-win32-x64\server\plugins\org.eclipse.equinox.launcher_1.7.200.v20260619-2039.jar -configuration c:\Users\LOQ\AppData\Roaming\Code\User\globalStorage\redhat.java\1.55.0\config_win -data c:\Users\LOQ\AppData\Roaming\Code\User\workspaceStorage\1033c38a4cba7f9e4fd651ac46c29fcd\redhat.java\jdt_ws --pipe=\\.\pipe\lsp-c3918877eda4b4ebe39ba6a4477e9dc8-sock
java_class_path (initial): c:\Users\LOQ\.vscode\extensions\redhat.java-1.55.0-win32-x64\server\plugins\org.eclipse.equinox.launcher_1.7.200.v20260619-2039.jar
Launcher Type: SUN_STANDARD

[Global flags]
    uintx AdaptiveSizePolicyWeight                 = 90                                        {product} {command line}
     intx CICompilerCount                          = 4                                         {product} {ergonomic}
    uintx GCTimeRatio                              = 4                                         {product} {command line}
     bool HeapDumpOnOutOfMemoryError               = true                                   {manageable} {command line}
    ccstr HeapDumpPath                             = c:\Users\LOQ\AppData\Roaming\Code\User\workspaceStorage\1033c38a4cba7f9e4fd651ac46c29fcd\redhat.java         {manageable} {command line}
   size_t InitialHeapSize                          = 104857600                                 {product} {command line}
   size_t MaxHeapSize                              = 2147483648                                {product} {command line}
   size_t MaxNewSize                               = 715653120                                 {product} {ergonomic}
   size_t MinHeapDeltaBytes                        = 524288                                    {product} {ergonomic}
   size_t MinHeapSize                              = 104857600                                 {product} {command line}
   size_t NewSize                                  = 34603008                                  {product} {ergonomic}
    uintx NonNMethodCodeHeapSize                   = 5839372                                {pd product} {ergonomic}
    uintx NonProfiledCodeHeapSize                  = 122909434                              {pd product} {ergonomic}
   size_t OldSize                                  = 70254592                                  {product} {ergonomic}
    uintx ProfiledCodeHeapSize                     = 122909434                              {pd product} {ergonomic}
    uintx ReservedCodeCacheSize                    = 251658240                              {pd product} {ergonomic}
     bool SegmentedCodeCache                       = true                                      {product} {ergonomic}
   size_t SoftMaxHeapSize                          = 2147483648                             {manageable} {ergonomic}
     bool UseCompressedOops                        = true                           {product lp64_product} {ergonomic}
     bool UseLargePagesIndividualAllocation        = false                                  {pd product} {ergonomic}
     bool UseParallelGC                            = true                                      {product} {command line}

Logging:
Log output configuration:
 #0: stdout all=off uptime,level,tags foldmultilines=false
 #1: stderr all=off uptime,level,tags foldmultilines=false

Release file:
JAVA_VERSION="21.0.11" 
MODULES="java.base java.compiler java.datatransfer java.xml java.prefs java.desktop java.instrument java.logging java.management java.security.sasl java.naming java.rmi java.management.rmi java.net.http java.scripting java.security.jgss java.transaction.xa java.sql java.sql.rowset java.xml.crypto java.se java.smartcardio jdk.accessibility jdk.internal.jvmstat jdk.attach jdk.charsets jdk.internal.opt jdk.zipfs jdk.compiler jdk.crypto.ec jdk.crypto.cryptoki jdk.crypto.mscapi jdk.dynalink jdk.internal.ed jdk.editpad jdk.hotspot.agent jdk.httpserver jdk.internal.le jdk.internal.vm.ci jdk.internal.vm.compiler jdk.internal.vm.compiler.management jdk.jartool jdk.javadoc jdk.jcmd jdk.management jdk.management.agent jdk.jconsole jdk.jdeps jdk.jdwp.agent jdk.jdi jdk.jfr jdk.jshell jdk.jsobject jdk.jstatd jdk.localedata jdk.management.jfr jdk.naming.dns jdk.naming.rmi jdk.net jdk.nio.mapmode jdk.random jdk.sctp jdk.security.auth jdk.security.jgss jdk.unsupported jdk.unsupported.desktop jdk.xml.dom" 

Environment Variables:
PATH=C:\Program Files\Common Files\Oracle\Java\javapath;C:\Program Files (x86)\Common Files\Oracle\Java\java8path;C:\Program Files (x86)\Common Files\Oracle\Java\javapath;C:\Program Files (x86)\Common Files\Intel\Shared Libraries\redist\intel64\compiler;C:\WINDOWS\system32;C:\WINDOWS;C:\WINDOWS\System32\Wbem;C:\WINDOWS\System32\WindowsPowerShell\v1.0\;C:\WINDOWS\System32\OpenSSH\;C:\Program Files (x86)\NVIDIA Corporation\PhysX\Common;C:\Program Files\NVIDIA Corporation\NVIDIA NvDLISR;C:\Program Files\Go\bin;C:\Program Files\Tailscale\;C:\Program Files\nodejs\;C:\Program Files\Git\cmd;C:\Program Files\Cloudflare\Cloudflare WARP\;C:\Program Files\Docker\Docker\resources\bin;C:\Program Files\Microsoft SQL Server\170\Tools\Binn\;C:\Program Files\dotnet\;C:\Users\LOQ\AppData\Local\Programs\Python\Python313\Scripts\;C:\Users\LOQ\AppData\Local\Programs\Python\Python313\;C:\Users\LOQ\AppData\Local\Microsoft\WindowsApps;C:\Users\LOQ\go\bin;C:\Users\LOQ\AppData\Local\Programs\Microsoft VS Code\bin;C:\msys64\ucrt64\bin;C:\Users\LOQ\AppData\Roaming\npm;C:\Users\LOQ\.dotnet\tools
USERNAME=LOQ
OS=Windows_NT
PROCESSOR_IDENTIFIER=Intel64 Family 6 Model 151 Stepping 2, GenuineIntel
TMP=C:\Users\LOQ\AppData\Local\Temp
TEMP=C:\Users\LOQ\AppData\Local\Temp




Periodic native trim disabled

---------------  S Y S T E M  ---------------

OS:
 Windows 11 , 64 bit Build 26100 (10.0.26100.8521)
OS uptime: 4 days 11:55 hours
Hyper-V role detected

CPU: total 12 (initial active 12) (6 cores per cpu, 2 threads per core) family 6 model 151 stepping 2 microcode 0x35, cx8, cmov, fxsr, ht, mmx, 3dnowpref, sse, sse2, sse3, ssse3, sse4.1, sse4.2, popcnt, lzcnt, tsc, tscinvbit, avx, avx2, aes, erms, clmul, bmi1, bmi2, adx, sha, fma, vzeroupper, clflush, clflushopt, clwb, hv, serialize, rdtscp, rdpid, fsrm, f16c, cet_ibt, cet_ss
Processor Information for the first 12 processors :
  Max Mhz: 2400, Current Mhz: 2400, Mhz Limit: 2400

Memory: 4k page, system-wide physical 11995M (1107M free)
TotalPageFile size 48859M (AvailPageFile size 8M)
current process WorkingSet (physical memory assigned to process): 193M, peak: 195M
current process commit charge ("private bytes"): 325M, peak: 328M

vm_info: OpenJDK 64-Bit Server VM (21.0.11+10-LTS) for windows-amd64 JRE (21.0.11+10-LTS), built on 2026-04-21T00:00:00Z by "admin" with MS VC++ 17.12 (VS2022)

END.
