#
# There is insufficient memory for the Java Runtime Environment to continue.
# Native memory allocation (mmap) failed to map 65536 bytes. Error detail: Failed to commit metaspace.
# Possible reasons:
#   The system is out of physical RAM or swap space
#   This process is running with CompressedOops enabled, and the Java Heap may be blocking the growth of the native heap
# Possible solutions:
#   Reduce memory load on the system
#   Increase physical memory or swap space
#   Check if swap backing store is full
#   Decrease Java heap size (-Xmx/-Xms)
#   Decrease number of Java threads
#   Decrease Java thread stack sizes (-Xss)
#   Set larger code cache with -XX:ReservedCodeCacheSize=
#   JVM is running with Unscaled Compressed Oops mode in which the Java heap is
#     placed in the first 4GB address space. The Java Heap base address is the
#     maximum limit for the native heap growth. Please use -XX:HeapBaseMinAddress
#     to set the Java Heap base and to place the Java Heap above 4GB virtual address.
# This output file may be truncated or incomplete.
#
#  Out of Memory Error (virtualSpaceNode.cpp:113), pid=30320, tid=3656
#
# JRE version: OpenJDK Runtime Environment Temurin-21.0.11+10 (21.0.11+10) (build 21.0.11+10-LTS)
# Java VM: OpenJDK 64-Bit Server VM Temurin-21.0.11+10 (21.0.11+10-LTS, mixed mode, sharing, tiered, compressed oops, compressed class ptrs, parallel gc, windows-amd64)
# No core dump will be written. Minidumps are not enabled by default on client versions of Windows
#

---------------  S U M M A R Y ------------

Command Line: --add-modules=ALL-SYSTEM --add-opens=java.base/java.util=ALL-UNNAMED --add-opens=java.base/java.lang=ALL-UNNAMED --add-opens=java.base/sun.nio.fs=ALL-UNNAMED -Declipse.application=org.eclipse.jdt.ls.core.id1 -Dosgi.bundles.defaultStartLevel=4 -Declipse.product=org.eclipse.jdt.ls.core.product -Djava.import.generatesMetadataFilesAtProjectRoot=false -DDetectVMInstallationsJob.disabled=true -Dfile.encoding=utf8 -XX:+UseParallelGC -XX:GCTimeRatio=4 -XX:AdaptiveSizePolicyWeight=90 -Dsun.zip.disableMemoryMapping=true -Xmx2G -Xms100m -Xlog:disable -javaagent:c:\Users\LOQ\.vscode\extensions\redhat.java-1.55.0-win32-x64\lombok\lombok-1.18.39-4050.jar c:\Users\LOQ\.vscode\extensions\redhat.java-1.55.0-win32-x64\server\plugins\org.eclipse.equinox.launcher_1.7.200.v20260619-2039.jar -configuration c:\Users\LOQ\AppData\Roaming\Code\User\globalStorage\redhat.java\1.55.0\config_ss_win -data c:\Users\LOQ\AppData\Roaming\Code\User\workspaceStorage\1033c38a4cba7f9e4fd651ac46c29fcd\redhat.java\ss_ws --pipe=\\.\pipe\lsp-bcd2064e212bcc6b13788f38aa2164bc-sock

Host: 12th Gen Intel(R) Core(TM) i5-12450HX, 12 cores, 11G,  Windows 11 , 64 bit Build 26100 (10.0.26100.8521)
Time: Fri Jul  3 06:40:01 2026 SE Asia Standard Time elapsed time: 6.500200 seconds (0d 0h 0m 6s)

---------------  T H R E A D  ---------------

Current thread (0x0000023f7158aa50):  JavaThread "main"             [_thread_in_vm, id=3656, stack(0x000000e8a1c00000,0x000000e8a1d00000) (1024K)]

Stack: [0x000000e8a1c00000,0x000000e8a1d00000]
Native frames: (J=compiled Java code, j=interpreted, Vv=VM code, C=native code)
V  [jvm.dll+0x6d7e19]
V  [jvm.dll+0x8b5096]
V  [jvm.dll+0x8b764e]
V  [jvm.dll+0x8b7d33]
V  [jvm.dll+0x284596]
V  [jvm.dll+0x8b0dde]
V  [jvm.dll+0x6795e4]
V  [jvm.dll+0x67964a]
V  [jvm.dll+0x67be46]
V  [jvm.dll+0x67bd12]
V  [jvm.dll+0x679fbe]
V  [jvm.dll+0x3c7603]
V  [jvm.dll+0x2118db]
V  [jvm.dll+0x5b65b9]
V  [jvm.dll+0x2218ae]
V  [jvm.dll+0x82e69d]
V  [jvm.dll+0x82f6cb]
V  [jvm.dll+0x82fe88]
V  [jvm.dll+0x21a9db]
V  [jvm.dll+0x20f827]
V  [jvm.dll+0x5b658f]
V  [jvm.dll+0x2218ae]
V  [jvm.dll+0x82e69d]
V  [jvm.dll+0x82f6cb]
V  [jvm.dll+0x82fe88]
V  [jvm.dll+0x21a9db]
V  [jvm.dll+0x20f827]
V  [jvm.dll+0x5b658f]
V  [jvm.dll+0x2218ae]
V  [jvm.dll+0x82e69d]
V  [jvm.dll+0x82f6cb]
V  [jvm.dll+0x82fc94]
V  [jvm.dll+0x82f928]
V  [jvm.dll+0x4782a9]
V  [jvm.dll+0x48001b]
C  [java.dll+0x13e9]

Java frames: (J=compiled Java code, j=interpreted, Vv=VM code)
j  java.lang.Class.forName0(Ljava/lang/String;ZLjava/lang/ClassLoader;Ljava/lang/Class;)Ljava/lang/Class;+0 java.base@21.0.11
j  java.lang.Class.forName(Ljava/lang/String;Ljava/lang/Class;)Ljava/lang/Class;+19 java.base@21.0.11
j  java.lang.Class.forName(Ljava/lang/String;)Ljava/lang/Class;+6 java.base@21.0.11
j  java.security.Provider$Service.getImplClass()Ljava/lang/Class;+64 java.base@21.0.11
j  java.security.Provider$Service.getDefaultConstructor()Ljava/lang/reflect/Constructor;+46 java.base@21.0.11
j  java.security.Provider$Service.newInstanceOf()Ljava/lang/Object;+1 java.base@21.0.11
j  java.security.Provider$Service.newInstanceUtil(Ljava/lang/Class;Ljava/lang/Object;)Ljava/lang/Object;+5 java.base@21.0.11
j  java.security.Provider$Service.newInstance(Ljava/lang/Object;)Ljava/lang/Object;+216 java.base@21.0.11
j  java.security.KeyFactory.nextSpi(Ljava/security/KeyFactorySpi;)Ljava/security/KeyFactorySpi;+64 java.base@21.0.11
j  java.security.KeyFactory.<init>(Ljava/lang/String;)V+39 java.base@21.0.11
j  java.security.KeyFactory.getInstance(Ljava/lang/String;)Ljava/security/KeyFactory;+12 java.base@21.0.11
j  sun.security.x509.X509Key.buildX509Key(Lsun/security/x509/AlgorithmId;Lsun/security/util/BitArray;)Ljava/security/PublicKey;+30 java.base@21.0.11
j  sun.security.x509.X509Key.parse(Lsun/security/util/DerValue;)Ljava/security/PublicKey;+38 java.base@21.0.11
j  sun.security.x509.CertificateX509Key.<init>(Lsun/security/util/DerInputStream;)V+11 java.base@21.0.11
j  sun.security.x509.X509CertInfo.parse(Lsun/security/util/DerValue;)V+182 java.base@21.0.11
j  sun.security.x509.X509CertInfo.<init>(Lsun/security/util/DerValue;)V+67 java.base@21.0.11
j  sun.security.x509.X509CertImpl.parse(Lsun/security/util/DerValue;)V+210 java.base@21.0.11
j  sun.security.x509.X509CertImpl.<init>([B)V+45 java.base@21.0.11
j  sun.security.provider.X509Factory.cachedGetX509Cert([B)Lsun/security/x509/X509CertImpl;+22 java.base@21.0.11
j  sun.security.provider.X509Factory.engineGenerateCertificate(Ljava/io/InputStream;)Ljava/security/cert/Certificate;+33 java.base@21.0.11
j  java.security.cert.CertificateFactory.generateCertificate(Ljava/io/InputStream;)Ljava/security/cert/Certificate;+5 java.base@21.0.11
j  sun.security.pkcs.PKCS7.parseSignedData(Lsun/security/util/DerValue;)V+279 java.base@21.0.11
j  sun.security.pkcs.PKCS7.parse(Lsun/security/util/DerInputStream;Z)V+51 java.base@21.0.11
j  sun.security.pkcs.PKCS7.parse(Lsun/security/util/DerInputStream;)V+11 java.base@21.0.11
j  sun.security.pkcs.PKCS7.<init>([B)V+50 java.base@21.0.11
j  sun.security.util.SignatureFileVerifier.<init>(Ljava/util/ArrayList;Lsun/security/util/ManifestDigester;Ljava/lang/String;[B)V+35 java.base@21.0.11
j  java.util.jar.JarVerifier.processEntry(Lsun/security/util/ManifestEntryVerifier;)V+319 java.base@21.0.11
j  java.util.jar.JarVerifier.update(I[BIILsun/security/util/ManifestEntryVerifier;)V+39 java.base@21.0.11
j  java.util.jar.JarFile.initializeVerifier()V+164 java.base@21.0.11
j  java.util.jar.JarFile.ensureInitialization()V+36 java.base@21.0.11
j  java.util.jar.JavaUtilJarAccessImpl.ensureInitialization(Ljava/util/jar/JarFile;)V+1 java.base@21.0.11
j  jdk.internal.loader.URLClassPath$JarLoader$2.getManifest()Ljava/util/jar/Manifest;+10 java.base@21.0.11
j  jdk.internal.loader.BuiltinClassLoader.defineClass(Ljava/lang/String;Ljdk/internal/loader/Resource;)Ljava/lang/Class;+29 java.base@21.0.11
j  jdk.internal.loader.BuiltinClassLoader.findClassOnClassPathOrNull(Ljava/lang/String;)Ljava/lang/Class;+37 java.base@21.0.11
j  jdk.internal.loader.BuiltinClassLoader.loadClassOrNull(Ljava/lang/String;Z)Ljava/lang/Class;+111 java.base@21.0.11
j  jdk.internal.loader.BuiltinClassLoader.loadClass(Ljava/lang/String;Z)Ljava/lang/Class;+3 java.base@21.0.11
j  jdk.internal.loader.ClassLoaders$AppClassLoader.loadClass(Ljava/lang/String;Z)Ljava/lang/Class;+36 java.base@21.0.11
j  java.lang.ClassLoader.loadClass(Ljava/lang/String;)Ljava/lang/Class;+3 java.base@21.0.11
v  ~StubRoutines::call_stub 0x0000023f0753100d
j  java.lang.Class.forName0(Ljava/lang/String;ZLjava/lang/ClassLoader;Ljava/lang/Class;)Ljava/lang/Class;+0 java.base@21.0.11
j  java.lang.Class.forName(Ljava/lang/String;ZLjava/lang/ClassLoader;Ljava/lang/Class;)Ljava/lang/Class;+37 java.base@21.0.11
j  java.lang.Class.forName(Ljava/lang/String;ZLjava/lang/ClassLoader;)Ljava/lang/Class;+20 java.base@21.0.11
j  sun.launcher.LauncherHelper.loadMainClass(ILjava/lang/String;)Ljava/lang/Class;+95 java.base@21.0.11
j  sun.launcher.LauncherHelper.checkAndLoadMain(ZILjava/lang/String;)Ljava/lang/Class;+42 java.base@21.0.11
v  ~StubRoutines::call_stub 0x0000023f0753100d

---------------  P R O C E S S  ---------------

Threads class SMR info:
_java_thread_list=0x0000023f7a5ce170, length=12, elements={
0x0000023f7158aa50, 0x0000023f7162f390, 0x0000023f71632780, 0x0000023f71635fd0,
0x0000023f71638cc0, 0x0000023f71639720, 0x0000023f7163b6e0, 0x0000023f71646670,
0x0000023f7164d6e0, 0x0000023f7a3fda50, 0x0000023f7a473500, 0x0000023f7a637890
}

Java Threads: ( => current thread )
=>0x0000023f7158aa50 JavaThread "main"                              [_thread_in_vm, id=3656, stack(0x000000e8a1c00000,0x000000e8a1d00000) (1024K)]
  0x0000023f7162f390 JavaThread "Reference Handler"          daemon [_thread_blocked, id=37836, stack(0x000000e8a2000000,0x000000e8a2100000) (1024K)]
  0x0000023f71632780 JavaThread "Finalizer"                  daemon [_thread_blocked, id=25664, stack(0x000000e8a2100000,0x000000e8a2200000) (1024K)]
  0x0000023f71635fd0 JavaThread "Signal Dispatcher"          daemon [_thread_blocked, id=26168, stack(0x000000e8a2200000,0x000000e8a2300000) (1024K)]
  0x0000023f71638cc0 JavaThread "Attach Listener"            daemon [_thread_blocked, id=8016, stack(0x000000e8a2300000,0x000000e8a2400000) (1024K)]
  0x0000023f71639720 JavaThread "Service Thread"             daemon [_thread_blocked, id=4364, stack(0x000000e8a2400000,0x000000e8a2500000) (1024K)]
  0x0000023f7163b6e0 JavaThread "Monitor Deflation Thread"   daemon [_thread_blocked, id=34856, stack(0x000000e8a2500000,0x000000e8a2600000) (1024K)]
  0x0000023f71646670 JavaThread "C2 CompilerThread0"         daemon [_thread_blocked, id=37712, stack(0x000000e8a2600000,0x000000e8a2700000) (1024K)]
  0x0000023f7164d6e0 JavaThread "C1 CompilerThread0"         daemon [_thread_blocked, id=12220, stack(0x000000e8a2700000,0x000000e8a2800000) (1024K)]
  0x0000023f7a3fda50 JavaThread "Common-Cleaner"             daemon [_thread_blocked, id=28856, stack(0x000000e8a2800000,0x000000e8a2900000) (1024K)]
  0x0000023f7a473500 JavaThread "Notification Thread"        daemon [_thread_blocked, id=30156, stack(0x000000e8a2900000,0x000000e8a2a00000) (1024K)]
  0x0000023f7a637890 JavaThread "C2 CompilerThread1"         daemon [_thread_blocked, id=20160, stack(0x000000e8a2a00000,0x000000e8a2b00000) (1024K)]
Total: 12

Other Threads:
  0x0000023f71524540 VMThread "VM Thread"                           [id=26016, stack(0x000000e8a1f00000,0x000000e8a2000000) (1024K)] _threads_hazard_ptr=0x0000023f7a5ce170
  0x0000023f7141ca00 WatcherThread "VM Periodic Task Thread"        [id=6392, stack(0x000000e8a1e00000,0x000000e8a1f00000) (1024K)]
  0x0000023f715aa130 WorkerThread "GC Thread#0"                     [id=37220, stack(0x000000e8a1d00000,0x000000e8a1e00000) (1024K)]
Total: 3

Threads with active compile tasks:
C2 CompilerThread1  6542  601   !   4       java.lang.String::replace (258 bytes)
Total: 1

VM state: synchronizing (normal execution)

VM Mutex/Monitor currently owned by a thread:  ([mutex/lock_event])
[0x00007ff8df02d4f0] Metaspace_lock - owner thread: 0x0000023f7158aa50
[0x00007ff8df02f570] Threads_lock - owner thread: 0x0000023f71524540

Heap address: 0x0000000080000000, size: 2048 MB, Compressed Oops mode: 32-bit

CDS archive(s) mapped at: [0x0000023f0f000000-0x0000023f0fba0000-0x0000023f0fba0000), size 12189696, SharedBaseAddress: 0x0000023f0f000000, ArchiveRelocationMode: 1.
Compressed class space mapped at: 0x0000023f10000000-0x0000023f50000000, reserved size: 1073741824
Narrow klass base: 0x0000023f0f000000, Narrow klass shift: 0, Narrow klass range: 0x100000000

GC Precious Log:
 CardTable entry size: 512
 CPUs: 12 total, 12 available
 Memory: 11995M
 Large Page Support: Disabled
 NUMA Support: Disabled
 Compressed Oops: Enabled (32-bit)
 Alignments: Space 512K, Generation 512K, Heap 2M
 Heap Min Capacity: 100M
 Heap Initial Capacity: 100M
 Heap Max Capacity: 2G
 Pre-touch: Disabled
 Parallel Workers: 10

Heap:
 PSYoungGen      total 29696K, used 11366K [0x00000000d5580000, 0x00000000d7680000, 0x0000000100000000)
  eden space 25600K, 44% used [0x00000000d5580000,0x00000000d6099818,0x00000000d6e80000)
  from space 4096K, 0% used [0x00000000d7280000,0x00000000d7280000,0x00000000d7680000)
  to   space 4096K, 0% used [0x00000000d6e80000,0x00000000d6e80000,0x00000000d7280000)
 ParOldGen       total 68608K, used 0K [0x0000000080000000, 0x0000000084300000, 0x00000000d5580000)
  object space 68608K, 0% used [0x0000000080000000,0x0000000080000000,0x0000000084300000)
 Metaspace       used 1826K, committed 1984K, reserved 1114112K
  class space    used 179K, committed 256K, reserved 1048576K

Card table byte_map: [0x0000023f70f30000,0x0000023f71340000] _byte_map_base: 0x0000023f70b30000

Marking Bits: (ParMarkBitMap*) 0x00007ff8df034460
 Begin Bits: [0x0000023f74a40000, 0x0000023f76a40000)
 End Bits:   [0x0000023f76a40000, 0x0000023f78a40000)

Polling page: 0x0000023f6f3d0000

Metaspace:

Usage:
  Non-class:      1.61 MB used.
      Class:    179.23 KB used.
       Both:      1.78 MB used.

Virtual space:
  Non-class space:       64.00 MB reserved,       1.69 MB (  3%) committed,  1 nodes.
      Class space:        1.00 GB reserved,     256.00 KB ( <1%) committed,  1 nodes.
             Both:        1.06 GB reserved,       1.94 MB ( <1%) committed. 

Chunk freelists:
   Non-Class:  11.65 MB
       Class:  15.67 MB
        Both:  27.32 MB

MaxMetaspaceSize: unlimited
CompressedClassSpaceSize: 1.00 GB
Initial GC threshold: 21.00 MB
Current GC threshold: 21.00 MB
CDS: on
 - commit_granule_bytes: 65536.
 - commit_granule_words: 8192.
 - virtual_space_node_default_size: 8388608.
 - enlarge_chunks_in_place: 1.
 - use_allocation_guard: 0.


Internal statistics:

num_allocs_failed_limit: 0.
num_arena_births: 78.
num_arena_deaths: 0.
num_vsnodes_births: 2.
num_vsnodes_deaths: 0.
num_space_committed: 31.
num_space_uncommitted: 0.
num_chunks_returned_to_freelist: 0.
num_chunks_taken_from_freelist: 100.
num_chunk_merges: 0.
num_chunk_splits: 70.
num_chunks_enlarged: 45.
num_inconsistent_stats: 0.

CodeHeap 'non-profiled nmethods': size=120000Kb used=215Kb max_used=215Kb free=119784Kb
 bounds [0x0000023f07ad0000, 0x0000023f07d40000, 0x0000023f0f000000]
CodeHeap 'profiled nmethods': size=120000Kb used=848Kb max_used=848Kb free=119151Kb
 bounds [0x0000023f00000000, 0x0000023f00270000, 0x0000023f07530000]
CodeHeap 'non-nmethods': size=5760Kb used=1158Kb max_used=1188Kb free=4601Kb
 bounds [0x0000023f07530000, 0x0000023f077a0000, 0x0000023f07ad0000]
CodeCache: size=245760Kb, used=2221Kb, max_used=2251Kb, free=243536Kb
 total_blobs=1011, nmethods=601, adapters=317, full_count=0
Compilation: enabled, stopped_count=0, restarted_count=0

Compilation events (20 events):
Event: 4.464 Thread 0x0000023f7164d6e0  593       3       jdk.internal.org.objectweb.asm.Frame::pop (42 bytes)
Event: 4.464 Thread 0x0000023f7164d6e0 nmethod 593 0x0000023f000d3290 code [0x0000023f000d3440, 0x0000023f000d35f0]
Event: 4.464 Thread 0x0000023f7164d6e0  594       3       jdk.internal.org.objectweb.asm.ByteVector::putByteArray (49 bytes)
Event: 4.464 Thread 0x0000023f7164d6e0 nmethod 594 0x0000023f000d3710 code [0x0000023f000d38e0, 0x0000023f000d3ba8]
Event: 4.464 Thread 0x0000023f7164d6e0  595       3       jdk.internal.org.objectweb.asm.ByteVector::putInt (74 bytes)
Event: 4.465 Thread 0x0000023f7164d6e0 nmethod 595 0x0000023f000d3c90 code [0x0000023f000d3e40, 0x0000023f000d4090]
Event: 4.466 Thread 0x0000023f7164d6e0  596       1       sun.security.util.KnownOIDs::value (5 bytes)
Event: 4.466 Thread 0x0000023f7164d6e0 nmethod 596 0x0000023f07b03f10 code [0x0000023f07b040a0, 0x0000023f07b04168]
Event: 4.466 Thread 0x0000023f7a637890  597       4       java.lang.CharacterDataLatin1::toUpperCaseEx (71 bytes)
Event: 4.466 Thread 0x0000023f7164d6e0  598       1       java.security.Provider$Service::getType (5 bytes)
Event: 4.466 Thread 0x0000023f7164d6e0 nmethod 598 0x0000023f07b04210 code [0x0000023f07b043a0, 0x0000023f07b04468]
Event: 4.466 Thread 0x0000023f7164d6e0  599       1       java.security.Provider$Service::getAlgorithm (5 bytes)
Event: 4.467 Thread 0x0000023f71646670 nmethod 569 0x0000023f07b04510 code [0x0000023f07b046e0, 0x0000023f07b04d48]
Event: 4.467 Thread 0x0000023f7164d6e0 nmethod 599 0x0000023f07b05110 code [0x0000023f07b052a0, 0x0000023f07b05368]
Event: 4.467 Thread 0x0000023f71646670  602       4       java.util.ArrayList$Itr::next (66 bytes)
Event: 4.467 Thread 0x0000023f7164d6e0  600       1       java.security.Provider$Service::getAliases (5 bytes)
Event: 4.467 Thread 0x0000023f7a637890 nmethod 597 0x0000023f07b05410 code [0x0000023f07b055a0, 0x0000023f07b056a8]
Event: 4.467 Thread 0x0000023f7a637890  601   !   4       java.lang.String::replace (258 bytes)
Event: 4.467 Thread 0x0000023f7164d6e0 nmethod 600 0x0000023f07b05790 code [0x0000023f07b05920, 0x0000023f07b059e8]
Event: 4.467 Thread 0x0000023f71646670 nmethod 602 0x0000023f07b05a90 code [0x0000023f07b05c20, 0x0000023f07b05d88]

GC Heap History (0 events):
No events

Dll operation events (8 events):
Event: 0.918 Loaded shared library c:\Users\LOQ\.vscode\extensions\redhat.java-1.55.0-win32-x64\jre\21.0.11-win32-x86_64\bin\java.dll
Event: 2.095 Loaded shared library c:\Users\LOQ\.vscode\extensions\redhat.java-1.55.0-win32-x64\jre\21.0.11-win32-x86_64\bin\zip.dll
Event: 2.654 Loaded shared library C:\Users\LOQ\.vscode\extensions\redhat.java-1.55.0-win32-x64\jre\21.0.11-win32-x86_64\bin\instrument.dll
Event: 2.773 Loaded shared library C:\Users\LOQ\.vscode\extensions\redhat.java-1.55.0-win32-x64\jre\21.0.11-win32-x86_64\bin\net.dll
Event: 2.782 Loaded shared library C:\Users\LOQ\.vscode\extensions\redhat.java-1.55.0-win32-x64\jre\21.0.11-win32-x86_64\bin\nio.dll
Event: 2.789 Loaded shared library C:\Users\LOQ\.vscode\extensions\redhat.java-1.55.0-win32-x64\jre\21.0.11-win32-x86_64\bin\zip.dll
Event: 2.823 Loaded shared library C:\Users\LOQ\.vscode\extensions\redhat.java-1.55.0-win32-x64\jre\21.0.11-win32-x86_64\bin\jimage.dll
Event: 2.916 Loaded shared library c:\Users\LOQ\.vscode\extensions\redhat.java-1.55.0-win32-x64\jre\21.0.11-win32-x86_64\bin\verify.dll

Deoptimization events (20 events):
Event: 2.831 Thread 0x0000023f7158aa50 DEOPT PACKING pc=0x0000023f0002ccc9 sp=0x000000e8a1cfe2c0
Event: 2.831 Thread 0x0000023f7158aa50 DEOPT UNPACKING pc=0x0000023f07584242 sp=0x000000e8a1cfd748 mode 0
Event: 2.831 Thread 0x0000023f7158aa50 DEOPT PACKING pc=0x0000023f0002ccc9 sp=0x000000e8a1cfe2c0
Event: 2.831 Thread 0x0000023f7158aa50 DEOPT UNPACKING pc=0x0000023f07584242 sp=0x000000e8a1cfd748 mode 0
Event: 2.831 Thread 0x0000023f7158aa50 DEOPT PACKING pc=0x0000023f0002ccc9 sp=0x000000e8a1cfe2c0
Event: 2.831 Thread 0x0000023f7158aa50 DEOPT UNPACKING pc=0x0000023f07584242 sp=0x000000e8a1cfd748 mode 0
Event: 3.308 Thread 0x0000023f7158aa50 Uncommon trap: trap_request=0xffffff45 fr.pc=0x0000023f07adfb60 relative=0x00000000000000c0
Event: 3.308 Thread 0x0000023f7158aa50 Uncommon trap: reason=unstable_if action=reinterpret pc=0x0000023f07adfb60 method=java.lang.String.isLatin1()Z @ 10 c2
Event: 3.309 Thread 0x0000023f7158aa50 DEOPT PACKING pc=0x0000023f07adfb60 sp=0x000000e8a1cfee50
Event: 3.309 Thread 0x0000023f7158aa50 DEOPT UNPACKING pc=0x0000023f07583aa2 sp=0x000000e8a1cfed90 mode 2
Event: 4.447 Thread 0x0000023f7158aa50 DEOPT PACKING pc=0x0000023f0003f718 sp=0x000000e8a1cfc270
Event: 4.447 Thread 0x0000023f7158aa50 DEOPT UNPACKING pc=0x0000023f07584242 sp=0x000000e8a1cfb730 mode 0
Event: 4.450 Thread 0x0000023f7158aa50 DEOPT PACKING pc=0x0000023f0003f718 sp=0x000000e8a1cfc6b0
Event: 4.450 Thread 0x0000023f7158aa50 DEOPT UNPACKING pc=0x0000023f07584242 sp=0x000000e8a1cfbb70 mode 0
Event: 4.451 Thread 0x0000023f7158aa50 DEOPT PACKING pc=0x0000023f0003f718 sp=0x000000e8a1cfbd60
Event: 4.451 Thread 0x0000023f7158aa50 DEOPT UNPACKING pc=0x0000023f07584242 sp=0x000000e8a1cfb220 mode 0
Event: 4.454 Thread 0x0000023f7158aa50 DEOPT PACKING pc=0x0000023f0003f718 sp=0x000000e8a1cfbf50
Event: 4.454 Thread 0x0000023f7158aa50 DEOPT UNPACKING pc=0x0000023f07584242 sp=0x000000e8a1cfb410 mode 0
Event: 4.456 Thread 0x0000023f7158aa50 DEOPT PACKING pc=0x0000023f0003f718 sp=0x000000e8a1cfc530
Event: 4.456 Thread 0x0000023f7158aa50 DEOPT UNPACKING pc=0x0000023f07584242 sp=0x000000e8a1cfb9f0 mode 0

Classes loaded (20 events):
Event: 4.463 Loading class java/security/spec/EncodedKeySpec
Event: 4.463 Loading class java/security/spec/KeySpec
Event: 4.463 Loading class java/security/spec/KeySpec done
Event: 4.463 Loading class java/security/spec/EncodedKeySpec done
Event: 4.463 Loading class java/security/spec/X509EncodedKeySpec done
Event: 4.463 Loading class jdk/internal/access/JavaSecuritySpecAccess
Event: 4.463 Loading class jdk/internal/access/JavaSecuritySpecAccess done
Event: 4.465 Loading class java/security/KeyFactory
Event: 4.465 Loading class java/security/KeyFactory done
Event: 4.465 Loading class sun/security/jca/ProviderList$ServiceList
Event: 4.465 Loading class sun/security/jca/ProviderList$ServiceList done
Event: 4.465 Loading class sun/security/jca/ProviderList$ServiceList$1
Event: 4.465 Loading class sun/security/jca/ProviderList$ServiceList$1 done
Event: 4.465 Loading class sun/security/rsa/SunRsaSign
Event: 4.465 Loading class sun/security/rsa/SunRsaSign done
Event: 4.465 Loading class sun/security/rsa/SunRsaSignEntries
Event: 4.466 Loading class sun/security/rsa/SunRsaSignEntries done
Event: 4.466 Loading class sun/security/rsa/RSAKeyFactory$Legacy
Event: 4.466 Loading class sun/security/rsa/RSAKeyFactory
Event: 4.466 Loading class java/security/KeyFactorySpi

Classes unloaded (0 events):
No events

Classes redefined (0 events):
No events

Internal exceptions (12 events):
Event: 1.772 Thread 0x0000023f7158aa50 Exception <a 'java/lang/NoSuchMethodError'{0x00000000d57a9188}: 'void java.lang.invoke.DirectMethodHandle$Holder.invokeStatic(java.lang.Object, java.lang.Object, java.lang.Object)'> (0x00000000d57a9188) 
thrown [s\src\hotspot\share\interpreter\linkResolver.cpp, line 773]
Event: 2.813 Thread 0x0000023f7158aa50 Exception <a 'java/lang/NoSuchMethodError'{0x00000000d5911bd8}: 'java.lang.Object java.lang.invoke.Invokers$Holder.invokeExact_MT(java.lang.Object, java.lang.Object, java.lang.Object, java.lang.Object, java.lang.Object)'> (0x00000000d5911bd8) 
thrown [s\src\hotspot\share\interpreter\linkResolver.cpp, line 773]
Event: 2.856 Thread 0x0000023f7158aa50 Exception <a 'java/lang/NoSuchMethodError'{0x00000000d59ca1f8}: 'int java.lang.invoke.DirectMethodHandle$Holder.invokeSpecial(java.lang.Object, java.lang.Object, java.lang.Object, int)'> (0x00000000d59ca1f8) 
thrown [s\src\hotspot\share\interpreter\linkResolver.cpp, line 773]
Event: 2.858 Thread 0x0000023f7158aa50 Exception <a 'java/lang/NoSuchMethodError'{0x00000000d59dcbe0}: 'java.lang.Object java.lang.invoke.DirectMethodHandle$Holder.invokeStatic(java.lang.Object, java.lang.Object, java.lang.Object, java.lang.Object, int)'> (0x00000000d59dcbe0) 
thrown [s\src\hotspot\share\interpreter\linkResolver.cpp, line 773]
Event: 2.861 Thread 0x0000023f7158aa50 Exception <a 'java/lang/NoSuchMethodError'{0x00000000d59e8088}: 'void java.lang.invoke.DelegatingMethodHandle$Holder.reinvoke_L(java.lang.Object, java.lang.Object, java.lang.Object, int, java.lang.Object)'> (0x00000000d59e8088) 
thrown [s\src\hotspot\share\interpreter\linkResolver.cpp, line 773]
Event: 2.864 Thread 0x0000023f7158aa50 Exception <a 'java/lang/NoSuchMethodError'{0x00000000d59f89d8}: 'int java.lang.invoke.DirectMethodHandle$Holder.invokeSpecial(java.lang.Object, java.lang.Object, java.lang.Object)'> (0x00000000d59f89d8) 
thrown [s\src\hotspot\share\interpreter\linkResolver.cpp, line 773]
Event: 2.865 Thread 0x0000023f7158aa50 Exception <a 'java/lang/NoSuchMethodError'{0x00000000d5a04698}: 'java.lang.Object java.lang.invoke.DirectMethodHandle$Holder.invokeStatic(java.lang.Object, java.lang.Object, int)'> (0x00000000d5a04698) 
thrown [s\src\hotspot\share\interpreter\linkResolver.cpp, line 773]
Event: 2.865 Thread 0x0000023f7158aa50 Exception <a 'java/lang/NoSuchMethodError'{0x00000000d5a08fe8}: 'void java.lang.invoke.DirectMethodHandle$Holder.invokeStatic(java.lang.Object, java.lang.Object, int, java.lang.Object)'> (0x00000000d5a08fe8) 
thrown [s\src\hotspot\share\interpreter\linkResolver.cpp, line 773]
Event: 2.866 Thread 0x0000023f7158aa50 Exception <a 'java/lang/NoSuchMethodError'{0x00000000d5a0cb78}: 'void java.lang.invoke.DirectMethodHandle$Holder.invokeSpecial(java.lang.Object, java.lang.Object, java.lang.Object, int, java.lang.Object)'> (0x00000000d5a0cb78) 
thrown [s\src\hotspot\share\interpreter\linkResolver.cpp, line 773]
Event: 2.866 Thread 0x0000023f7158aa50 Exception <a 'java/lang/NoSuchMethodError'{0x00000000d5a0ffe8}: 'void java.lang.invoke.DelegatingMethodHandle$Holder.delegate(java.lang.Object, java.lang.Object, int, java.lang.Object)'> (0x00000000d5a0ffe8) 
thrown [s\src\hotspot\share\interpreter\linkResolver.cpp, line 773]
Event: 2.939 Thread 0x0000023f7158aa50 Exception <a 'java/lang/NoSuchMethodError'{0x00000000d5bd0e88}: 'void java.lang.invoke.DelegatingMethodHandle$Holder.reinvoke_L(java.lang.Object, java.lang.Object, java.lang.Object, int)'> (0x00000000d5bd0e88) 
thrown [s\src\hotspot\share\interpreter\linkResolver.cpp, line 773]
Event: 4.464 Thread 0x0000023f7158aa50 Exception <a 'java/lang/NoSuchMethodError'{0x00000000d6061130}: 'void java.lang.invoke.DirectMethodHandle$Holder.invokeVirtual(java.lang.Object, java.lang.Object)'> (0x00000000d6061130) 
thrown [s\src\hotspot\share\interpreter\linkResolver.cpp, line 773]

ZGC Phase Switch (0 events):
No events

VM Operations (7 events):
Event: 1.872 Executing non-safepoint VM operation: HandshakeAllThreads (Deoptimize)
Event: 1.874 Executing non-safepoint VM operation: HandshakeAllThreads (Deoptimize) done
Event: 2.836 Executing non-safepoint VM operation: HandshakeAllThreads (Deoptimize)
Event: 2.836 Executing non-safepoint VM operation: HandshakeAllThreads (Deoptimize) done
Event: 2.836 Executing safepoint VM operation: Cleanup
Event: 2.836 Executing safepoint VM operation: Cleanup done
Event: 4.839 Executing safepoint VM operation: Cleanup

Memory protections (0 events):
No events

Nmethod flushes (0 events):
No events

Events (16 events):
Event: 1.223 Thread 0x0000023f7158aa50 Thread added: 0x0000023f7158aa50
Event: 1.257 Thread 0x0000023f7158aa50 Thread added: 0x0000023f7162f390
Event: 1.257 Thread 0x0000023f7158aa50 Thread added: 0x0000023f71632780
Event: 1.258 Thread 0x0000023f7158aa50 Thread added: 0x0000023f71635fd0
Event: 1.258 Thread 0x0000023f7158aa50 Thread added: 0x0000023f71638cc0
Event: 1.258 Thread 0x0000023f7158aa50 Thread added: 0x0000023f71639720
Event: 1.258 Thread 0x0000023f7158aa50 Thread added: 0x0000023f7163b6e0
Event: 1.258 Thread 0x0000023f7158aa50 Thread added: 0x0000023f71646670
Event: 1.259 Thread 0x0000023f7158aa50 Thread added: 0x0000023f7164d6e0
Event: 2.192 Thread 0x0000023f7164d6e0 Thread added: 0x0000023f7a3fa820
Event: 2.650 Thread 0x0000023f7a3fa820 Thread exited: 0x0000023f7a3fa820
Event: 2.764 Thread 0x0000023f7158aa50 Thread added: 0x0000023f7a3fda50
Event: 2.831 Thread 0x0000023f7164d6e0 Thread added: 0x0000023f7a46fbc0
Event: 3.083 Thread 0x0000023f7a46fbc0 Thread exited: 0x0000023f7a46fbc0
Event: 3.301 Thread 0x0000023f7158aa50 Thread added: 0x0000023f7a473500
Event: 4.457 Thread 0x0000023f71646670 Thread added: 0x0000023f7a637890


Dynamic libraries:
0x00007ff68f970000 - 0x00007ff68f97e000 	c:\Users\LOQ\.vscode\extensions\redhat.java-1.55.0-win32-x64\jre\21.0.11-win32-x86_64\bin\java.exe
0x00007ffa385e0000 - 0x00007ffa38846000 	C:\WINDOWS\SYSTEM32\ntdll.dll
0x00007ffa37940000 - 0x00007ffa37a09000 	C:\WINDOWS\System32\KERNEL32.DLL
0x00007ffa35d70000 - 0x00007ffa3616a000 	C:\WINDOWS\System32\KERNELBASE.dll
0x00007ffa35b60000 - 0x00007ffa35cac000 	C:\WINDOWS\System32\ucrtbase.dll
0x00007ff989dd0000 - 0x00007ff989dee000 	c:\Users\LOQ\.vscode\extensions\redhat.java-1.55.0-win32-x64\jre\21.0.11-win32-x86_64\bin\VCRUNTIME140.dll
0x00007ff989db0000 - 0x00007ff989dc8000 	c:\Users\LOQ\.vscode\extensions\redhat.java-1.55.0-win32-x64\jre\21.0.11-win32-x86_64\bin\jli.dll
0x00007ffa37a10000 - 0x00007ffa37bd7000 	C:\WINDOWS\System32\USER32.dll
0x00007ffa359f0000 - 0x00007ffa35a17000 	C:\WINDOWS\System32\win32u.dll
0x00007ffa38340000 - 0x00007ffa3836b000 	C:\WINDOWS\System32\GDI32.dll
0x00007ffa36170000 - 0x00007ffa3629b000 	C:\WINDOWS\System32\gdi32full.dll
0x00007ffa35ab0000 - 0x00007ffa35b53000 	C:\WINDOWS\System32\msvcp_win.dll
0x00007ffa20cd0000 - 0x00007ffa20f62000 	C:\WINDOWS\WinSxS\amd64_microsoft.windows.common-controls_6595b64144ccf1df_6.0.26100.8521_none_3e08b75ce33403b3\COMCTL32.dll
0x00007ffa38430000 - 0x00007ffa384d9000 	C:\WINDOWS\System32\msvcrt.dll
0x00007ffa36640000 - 0x00007ffa36672000 	C:\WINDOWS\System32\IMM32.DLL
0x00007ff9c23d0000 - 0x00007ff9c23dc000 	c:\Users\LOQ\.vscode\extensions\redhat.java-1.55.0-win32-x64\jre\21.0.11-win32-x86_64\bin\vcruntime140_1.dll
0x00007ff931be0000 - 0x00007ff931c6d000 	c:\Users\LOQ\.vscode\extensions\redhat.java-1.55.0-win32-x64\jre\21.0.11-win32-x86_64\bin\msvcp140.dll
0x00007ff8de370000 - 0x00007ff8df112000 	c:\Users\LOQ\.vscode\extensions\redhat.java-1.55.0-win32-x64\jre\21.0.11-win32-x86_64\bin\server\jvm.dll
0x00007ffa37390000 - 0x00007ffa37446000 	C:\WINDOWS\System32\ADVAPI32.dll
0x00007ffa37450000 - 0x00007ffa374fa000 	C:\WINDOWS\System32\sechost.dll
0x00007ffa37e50000 - 0x00007ffa37f68000 	C:\WINDOWS\System32\RPCRT4.dll
0x00007ffa383a0000 - 0x00007ffa38420000 	C:\WINDOWS\System32\WS2_32.dll
0x00007ffa35260000 - 0x00007ffa352be000 	C:\WINDOWS\SYSTEM32\POWRPROF.dll
0x00007ffa278f0000 - 0x00007ffa27926000 	C:\WINDOWS\SYSTEM32\WINMM.dll
0x00007ffa2a540000 - 0x00007ffa2a54b000 	C:\WINDOWS\SYSTEM32\VERSION.dll
0x00007ffa35240000 - 0x00007ffa35254000 	C:\WINDOWS\SYSTEM32\UMPDC.dll
0x00007ffa345d0000 - 0x00007ffa345eb000 	C:\WINDOWS\SYSTEM32\kernel.appcore.dll
0x00007ff9c21d0000 - 0x00007ff9c21da000 	c:\Users\LOQ\.vscode\extensions\redhat.java-1.55.0-win32-x64\jre\21.0.11-win32-x86_64\bin\jimage.dll
0x00007ffa330e0000 - 0x00007ffa33322000 	C:\WINDOWS\SYSTEM32\DBGHELP.DLL
0x00007ffa37f70000 - 0x00007ffa382f3000 	C:\WINDOWS\System32\combase.dll
0x00007ffa36690000 - 0x00007ffa36769000 	C:\WINDOWS\System32\OLEAUT32.dll
0x00007ff9fc530000 - 0x00007ff9fc56b000 	C:\WINDOWS\SYSTEM32\dbgcore.DLL
0x00007ffa362a0000 - 0x00007ffa36348000 	C:\WINDOWS\System32\bcryptPrimitives.dll
0x00007ff9c1c60000 - 0x00007ff9c1c6f000 	c:\Users\LOQ\.vscode\extensions\redhat.java-1.55.0-win32-x64\jre\21.0.11-win32-x86_64\bin\instrument.dll
0x00007ff989d90000 - 0x00007ff989db0000 	c:\Users\LOQ\.vscode\extensions\redhat.java-1.55.0-win32-x64\jre\21.0.11-win32-x86_64\bin\java.dll
0x00007ffa36770000 - 0x00007ffa36ef4000 	C:\WINDOWS\System32\SHELL32.dll
0x00007ffa33410000 - 0x00007ffa33c90000 	C:\WINDOWS\SYSTEM32\windows.storage.dll
0x00007ffa37500000 - 0x00007ffa375f6000 	C:\WINDOWS\System32\SHCORE.dll
0x00007ffa37bf0000 - 0x00007ffa37c57000 	C:\WINDOWS\System32\shlwapi.dll
0x00007ffa35790000 - 0x00007ffa357b9000 	C:\WINDOWS\SYSTEM32\profapi.dll
0x00007ff989bd0000 - 0x00007ff989be8000 	c:\Users\LOQ\.vscode\extensions\redhat.java-1.55.0-win32-x64\jre\21.0.11-win32-x86_64\bin\zip.dll
0x00007ff9bfd90000 - 0x00007ff9bfda0000 	C:\Users\LOQ\.vscode\extensions\redhat.java-1.55.0-win32-x64\jre\21.0.11-win32-x86_64\bin\net.dll
0x00007ffa2af10000 - 0x00007ffa2b039000 	C:\WINDOWS\SYSTEM32\WINHTTP.dll
0x00007ffa34b50000 - 0x00007ffa34bbc000 	C:\WINDOWS\system32\mswsock.dll
0x00007ff9578c0000 - 0x00007ff9578d6000 	C:\Users\LOQ\.vscode\extensions\redhat.java-1.55.0-win32-x64\jre\21.0.11-win32-x86_64\bin\nio.dll
0x00007ff9bf980000 - 0x00007ff9bf990000 	c:\Users\LOQ\.vscode\extensions\redhat.java-1.55.0-win32-x64\jre\21.0.11-win32-x86_64\bin\verify.dll

JVMTI agents:
c:\Users\LOQ\.vscode\extensions\redhat.java-1.55.0-win32-x64\lombok\lombok-1.18.39-4050.jar path:c:\Users\LOQ\.vscode\extensions\redhat.java-1.55.0-win32-x64\jre\21.0.11-win32-x86_64\bin\instrument.dll, loaded, initialized, instrumentlib options:none

dbghelp: loaded successfully - version: 4.0.5 - missing functions: none
symbol engine: initialized successfully - sym options: 0x614 - pdb path: .;c:\Users\LOQ\.vscode\extensions\redhat.java-1.55.0-win32-x64\jre\21.0.11-win32-x86_64\bin;C:\WINDOWS\SYSTEM32;C:\WINDOWS\WinSxS\amd64_microsoft.windows.common-controls_6595b64144ccf1df_6.0.26100.8521_none_3e08b75ce33403b3;c:\Users\LOQ\.vscode\extensions\redhat.java-1.55.0-win32-x64\jre\21.0.11-win32-x86_64\bin\server

VM Arguments:
jvm_args: --add-modules=ALL-SYSTEM --add-opens=java.base/java.util=ALL-UNNAMED --add-opens=java.base/java.lang=ALL-UNNAMED --add-opens=java.base/sun.nio.fs=ALL-UNNAMED -Declipse.application=org.eclipse.jdt.ls.core.id1 -Dosgi.bundles.defaultStartLevel=4 -Declipse.product=org.eclipse.jdt.ls.core.product -Djava.import.generatesMetadataFilesAtProjectRoot=false -DDetectVMInstallationsJob.disabled=true -Dfile.encoding=utf8 -XX:+UseParallelGC -XX:GCTimeRatio=4 -XX:AdaptiveSizePolicyWeight=90 -Dsun.zip.disableMemoryMapping=true -Xmx2G -Xms100m -Xlog:disable -javaagent:c:\Users\LOQ\.vscode\extensions\redhat.java-1.55.0-win32-x64\lombok\lombok-1.18.39-4050.jar 
java_command: c:\Users\LOQ\.vscode\extensions\redhat.java-1.55.0-win32-x64\server\plugins\org.eclipse.equinox.launcher_1.7.200.v20260619-2039.jar -configuration c:\Users\LOQ\AppData\Roaming\Code\User\globalStorage\redhat.java\1.55.0\config_ss_win -data c:\Users\LOQ\AppData\Roaming\Code\User\workspaceStorage\1033c38a4cba7f9e4fd651ac46c29fcd\redhat.java\ss_ws --pipe=\\.\pipe\lsp-bcd2064e212bcc6b13788f38aa2164bc-sock
java_class_path (initial): c:\Users\LOQ\.vscode\extensions\redhat.java-1.55.0-win32-x64\server\plugins\org.eclipse.equinox.launcher_1.7.200.v20260619-2039.jar
Launcher Type: SUN_STANDARD

[Global flags]
    uintx AdaptiveSizePolicyWeight                 = 90                                        {product} {command line}
     intx CICompilerCount                          = 4                                         {product} {ergonomic}
    uintx GCTimeRatio                              = 4                                         {product} {command line}
   size_t InitialHeapSize                          = 104857600                                 {product} {command line}
   size_t MaxHeapSize                              = 2147483648                                {product} {command line}
   size_t MaxNewSize                               = 715653120                                 {product} {ergonomic}
   size_t MinHeapDeltaBytes                        = 524288                                    {product} {ergonomic}
   size_t MinHeapSize                              = 104857600                                 {product} {command line}
   size_t NewSize                                  = 34603008                                  {product} {ergonomic}
    uintx NonNMethodCodeHeapSize                   = 5839372                                {pd product} {ergonomic}
    uintx NonProfiledCodeHeapSize                  = 122909434                              {pd product} {ergonomic}
   size_t OldSize                                  = 70254592                                  {product} {ergonomic}
    uintx ProfiledCodeHeapSize                     = 122909434                              {pd product} {ergonomic}
    uintx ReservedCodeCacheSize                    = 251658240                              {pd product} {ergonomic}
     bool SegmentedCodeCache                       = true                                      {product} {ergonomic}
   size_t SoftMaxHeapSize                          = 2147483648                             {manageable} {ergonomic}
     bool UseCompressedOops                        = true                           {product lp64_product} {ergonomic}
     bool UseLargePagesIndividualAllocation        = false                                  {pd product} {ergonomic}
     bool UseParallelGC                            = true                                      {product} {command line}

Logging:
Log output configuration:
 #0: stdout all=off uptime,level,tags foldmultilines=false
 #1: stderr all=off uptime,level,tags foldmultilines=false

Release file:
JAVA_VERSION="21.0.11" 
MODULES="java.base java.compiler java.datatransfer java.xml java.prefs java.desktop java.instrument java.logging java.management java.security.sasl java.naming java.rmi java.management.rmi java.net.http java.scripting java.security.jgss java.transaction.xa java.sql java.sql.rowset java.xml.crypto java.se java.smartcardio jdk.accessibility jdk.internal.jvmstat jdk.attach jdk.charsets jdk.internal.opt jdk.zipfs jdk.compiler jdk.crypto.ec jdk.crypto.cryptoki jdk.crypto.mscapi jdk.dynalink jdk.internal.ed jdk.editpad jdk.hotspot.agent jdk.httpserver jdk.internal.le jdk.internal.vm.ci jdk.internal.vm.compiler jdk.internal.vm.compiler.management jdk.jartool jdk.javadoc jdk.jcmd jdk.management jdk.management.agent jdk.jconsole jdk.jdeps jdk.jdwp.agent jdk.jdi jdk.jfr jdk.jshell jdk.jsobject jdk.jstatd jdk.localedata jdk.management.jfr jdk.naming.dns jdk.naming.rmi jdk.net jdk.nio.mapmode jdk.random jdk.sctp jdk.security.auth jdk.security.jgss jdk.unsupported jdk.unsupported.desktop jdk.xml.dom" 

Environment Variables:
PATH=C:\Program Files\Common Files\Oracle\Java\javapath;C:\Program Files (x86)\Common Files\Oracle\Java\java8path;C:\Program Files (x86)\Common Files\Oracle\Java\javapath;C:\Program Files (x86)\Common Files\Intel\Shared Libraries\redist\intel64\compiler;C:\WINDOWS\system32;C:\WINDOWS;C:\WINDOWS\System32\Wbem;C:\WINDOWS\System32\WindowsPowerShell\v1.0\;C:\WINDOWS\System32\OpenSSH\;C:\Program Files (x86)\NVIDIA Corporation\PhysX\Common;C:\Program Files\NVIDIA Corporation\NVIDIA NvDLISR;C:\Program Files\Go\bin;C:\Program Files\Tailscale\;C:\Program Files\nodejs\;C:\Program Files\Git\cmd;C:\Program Files\Cloudflare\Cloudflare WARP\;C:\Program Files\Docker\Docker\resources\bin;C:\Program Files\Microsoft SQL Server\170\Tools\Binn\;C:\Program Files\dotnet\;C:\Users\LOQ\AppData\Local\Programs\Python\Python313\Scripts\;C:\Users\LOQ\AppData\Local\Programs\Python\Python313\;C:\Users\LOQ\AppData\Local\Microsoft\WindowsApps;C:\Users\LOQ\go\bin;C:\Users\LOQ\AppData\Local\Programs\Microsoft VS Code\bin;C:\msys64\ucrt64\bin;C:\Users\LOQ\AppData\Roaming\npm;C:\Users\LOQ\.dotnet\tools
USERNAME=LOQ
OS=Windows_NT
PROCESSOR_IDENTIFIER=Intel64 Family 6 Model 151 Stepping 2, GenuineIntel
TMP=C:\Users\LOQ\AppData\Local\Temp
TEMP=C:\Users\LOQ\AppData\Local\Temp




Periodic native trim disabled

---------------  S Y S T E M  ---------------

OS:
 Windows 11 , 64 bit Build 26100 (10.0.26100.8521)
OS uptime: 4 days 11:54 hours
Hyper-V role detected

CPU: total 12 (initial active 12) (6 cores per cpu, 2 threads per core) family 6 model 151 stepping 2 microcode 0x35, cx8, cmov, fxsr, ht, mmx, 3dnowpref, sse, sse2, sse3, ssse3, sse4.1, sse4.2, popcnt, lzcnt, tsc, tscinvbit, avx, avx2, aes, erms, clmul, bmi1, bmi2, adx, sha, fma, vzeroupper, clflush, clflushopt, clwb, hv, serialize, rdtscp, rdpid, fsrm, f16c, cet_ibt, cet_ss
Processor Information for processor 0
  Max Mhz: 2400, Current Mhz: 2400, Mhz Limit: 2400
Processor Information for processor 1
  Max Mhz: 2400, Current Mhz: 2400, Mhz Limit: 2400
Processor Information for processor 2
  Max Mhz: 2400, Current Mhz: 2400, Mhz Limit: 2400
Processor Information for processor 3
  Max Mhz: 2400, Current Mhz: 2400, Mhz Limit: 2400
Processor Information for processor 4
  Max Mhz: 2400, Current Mhz: 2400, Mhz Limit: 2400
Processor Information for processor 5
  Max Mhz: 2400, Current Mhz: 2400, Mhz Limit: 2400
Processor Information for processor 6
  Max Mhz: 2400, Current Mhz: 2400, Mhz Limit: 2400
Processor Information for processor 7
  Max Mhz: 2400, Current Mhz: 2400, Mhz Limit: 2400
Processor Information for processor 8
  Max Mhz: 2400, Current Mhz: 1466, Mhz Limit: 2400
Processor Information for processor 9
  Max Mhz: 2400, Current Mhz: 1466, Mhz Limit: 2400
Processor Information for processor 10
  Max Mhz: 2400, Current Mhz: 1466, Mhz Limit: 2400
Processor Information for processor 11
  Max Mhz: 2400, Current Mhz: 2400, Mhz Limit: 2400

Memory: 4k page, system-wide physical 11995M (1169M free)
TotalPageFile size 48859M (AvailPageFile size 1M)
current process WorkingSet (physical memory assigned to process): 51M, peak: 51M
current process commit charge ("private bytes"): 232M, peak: 232M

vm_info: OpenJDK 64-Bit Server VM (21.0.11+10-LTS) for windows-amd64 JRE (21.0.11+10-LTS), built on 2026-04-21T00:00:00Z by "admin" with MS VC++ 17.12 (VS2022)

END.
